2023-12-02 15:20:38,562 [INFO] Activator:176 - 


2023-12-02 15:20:38,573 [INFO] Activator:177 - !SESSION log4j initialized
2023-12-02 15:20:53,046 [INFO] LogOutputStream:77 - [STDOUT_REDIRECT] 
2023-12-02 15:20:59,863 [INFO] ApplicationProperties:184 - Using Application install path: C:\ST\STM32CubeIDE_1.13.1\STM32CubeIDE\plugins\com.st.stm32cube.common.mx_6.9.1.202307191849
2023-12-02 15:20:59,905 [INFO] DbMcusXml:78 - Set database path to: C:\ST\STM32CubeIDE_1.13.1\STM32CubeIDE\plugins\com.st.stm32cube.common.mx_6.9.1.202307191849\\db\/mcu/
2023-12-02 15:20:59,906 [INFO] ApiDb:274 - Set plugin database path to: C:\ST\STM32CubeIDE_1.13.1\STM32CubeIDE\plugins\com.st.stm32cube.common.mx_6.9.1.202307191849\\db\/plugins/boardmanager/
2023-12-02 15:20:59,907 [WARN] ApiDb:259 - Overriding images path with different value:  => C:\ST\STM32CubeIDE_1.13.1\STM32CubeIDE\plugins\com.st.stm32cube.common.mx_6.9.1.202307191849\\db\/plugins/mcufinder/images/
2023-12-02 15:20:59,937 [INFO] ApiDb:250 - Set database path to: C:\Users\DELL\.stmcufinder\plugins\mcufinder//mcu/
2023-12-02 15:20:59,940 [INFO] DbMcusAds:125 - Set database path to: C:\Users\DELL\.stmcufinder\plugins\mcufinder//mcu/
2023-12-02 15:20:59,948 [INFO] CrossReferenceDbSqlite:203 - Set database path to: C:\Users\DELL\.stmcufinder\plugins\mcufinder//mcu/cs/
2023-12-02 15:21:00,367 [INFO] RulesReader:64 - Compatibility file has been processed (293 Rules)
2023-12-02 15:21:00,664 [INFO] DbMcusXml:78 - Set database path to: C:\ST\STM32CubeIDE_1.13.1\STM32CubeIDE\plugins\com.st.stm32cube.common.mx_6.9.1.202307191849\\db\/mcu/
2023-12-02 15:21:00,664 [INFO] ApiDb:274 - Set plugin database path to: C:\ST\STM32CubeIDE_1.13.1\STM32CubeIDE\plugins\com.st.stm32cube.common.mx_6.9.1.202307191849\\db\/plugins/boardmanager/
2023-12-02 15:21:00,664 [INFO] ApiDb:261 - Set plugin images path to: C:\ST\STM32CubeIDE_1.13.1\STM32CubeIDE\plugins\com.st.stm32cube.common.mx_6.9.1.202307191849\\db\/plugins/mcufinder/images/
2023-12-02 15:21:00,665 [WARN] DbFile:41 - Overriding database path with different value: C:\Users\DELL\.stmcufinder\plugins\mcufinder/ => C:\Users\DELL\.stmcufinder\plugins\mcufinder
2023-12-02 15:21:00,665 [INFO] ApiDb:250 - Set database path to: C:\Users\DELL\.stmcufinder\plugins\mcufinder//mcu/
2023-12-02 15:21:00,666 [WARN] DbFile:41 - Overriding database path with different value: C:\Users\DELL\.stmcufinder\plugins\mcufinder/ => C:\Users\DELL\.stmcufinder\plugins\mcufinder
2023-12-02 15:21:00,666 [INFO] DbMcusAds:125 - Set database path to: C:\Users\DELL\.stmcufinder\plugins\mcufinder//mcu/
2023-12-02 15:21:00,667 [WARN] DbFile:41 - Overriding database path with different value: C:\Users\DELL\.stmcufinder\plugins\mcufinder/ => C:\Users\DELL\.stmcufinder\plugins\mcufinder
2023-12-02 15:21:00,667 [WARN] DbFile:41 - Overriding database path with different value: C:\Users\DELL\.stmcufinder\plugins\mcufinder/ => C:\Users\DELL\.stmcufinder\plugins\mcufinder
2023-12-02 15:21:00,667 [INFO] CrossReferenceDbSqlite:203 - Set database path to: C:\Users\DELL\.stmcufinder\plugins\mcufinder//mcu/cs/
2023-12-02 15:21:00,931 [INFO] MainPanel:262 - HeapMemory: 268435456
2023-12-02 15:21:01,170 [INFO] DbMcusXml:78 - Set database path to: C:\ST\STM32CubeIDE_1.13.1\STM32CubeIDE\plugins\com.st.stm32cube.common.mx_6.9.1.202307191849\\db\/mcu/
2023-12-02 15:21:01,170 [INFO] ApiDb:274 - Set plugin database path to: C:\ST\STM32CubeIDE_1.13.1\STM32CubeIDE\plugins\com.st.stm32cube.common.mx_6.9.1.202307191849\\db\/plugins/boardmanager/
2023-12-02 15:21:01,170 [INFO] ApiDb:261 - Set plugin images path to: C:\ST\STM32CubeIDE_1.13.1\STM32CubeIDE\plugins\com.st.stm32cube.common.mx_6.9.1.202307191849\\db\/plugins/mcufinder/images/
2023-12-02 15:21:01,180 [WARN] DbFile:41 - Overriding database path with different value: C:\Users\DELL\.stmcufinder\plugins\mcufinder/ => C:\Users\DELL\.stmcufinder\plugins\mcufinder
2023-12-02 15:21:01,180 [INFO] ApiDb:250 - Set database path to: C:\Users\DELL\.stmcufinder\plugins\mcufinder//mcu/
2023-12-02 15:21:01,180 [WARN] DbFile:41 - Overriding database path with different value: C:\Users\DELL\.stmcufinder\plugins\mcufinder/ => C:\Users\DELL\.stmcufinder\plugins\mcufinder
2023-12-02 15:21:01,182 [INFO] DbMcusAds:125 - Set database path to: C:\Users\DELL\.stmcufinder\plugins\mcufinder//mcu/
2023-12-02 15:21:01,182 [WARN] DbFile:41 - Overriding database path with different value: C:\Users\DELL\.stmcufinder\plugins\mcufinder/ => C:\Users\DELL\.stmcufinder\plugins\mcufinder
2023-12-02 15:21:01,183 [WARN] DbFile:41 - Overriding database path with different value: C:\Users\DELL\.stmcufinder\plugins\mcufinder/ => C:\Users\DELL\.stmcufinder\plugins\mcufinder
2023-12-02 15:21:01,183 [INFO] CrossReferenceDbSqlite:203 - Set database path to: C:\Users\DELL\.stmcufinder\plugins\mcufinder//mcu/cs/
2023-12-02 15:21:01,250 [INFO] ApplicationProperties:184 - Using Application install path: C:\ST\STM32CubeIDE_1.13.1\STM32CubeIDE\plugins\com.st.stm32cube.common.mx_6.9.1.202307191849
2023-12-02 15:21:01,253 [INFO] PluginManage:196 - Search for loadable plugins [exclusion list=, ]
2023-12-02 15:21:01,260 [INFO] PluginManage:310 - Check plugin analytics
2023-12-02 15:21:01,919 [INFO] AnalyticsPlugin:253 - Accepted Software Licenses: STM32CubeMX.6.9.1,STM32CubeMX.6.4.0,STM32CubeMX.6.10.0
2023-12-02 15:21:01,920 [INFO] AnalyticsPlugin:255 - Accepted CMSIS Pack Licenses: 
2023-12-02 15:21:01,921 [INFO] AnalyticsPlugin:257 - Accepted Firmware Licenses: FW.F4.1.27.0
2023-12-02 15:21:01,930 [INFO] PluginManage:359 - Loaded plugin analytics (category:tool,tabindex:-1)
2023-12-02 15:21:01,932 [INFO] PluginManage:310 - Check plugin cadmodel
2023-12-02 15:21:01,963 [INFO] CADModel:105 - Init CAD model plugin
2023-12-02 15:21:01,963 [INFO] PluginManage:359 - Loaded plugin cadmodel (category:power,tabindex:5)
2023-12-02 15:21:01,963 [INFO] PluginManage:310 - Check plugin clock
2023-12-02 15:21:01,989 [INFO] PluginManage:359 - Loaded plugin clock (category:base,tabindex:2)
2023-12-02 15:21:01,993 [INFO] PluginManage:310 - Check plugin ddr
2023-12-02 15:21:01,998 [INFO] PluginManage:359 - Loaded plugin ddr (category:tool,tabindex:6)
2023-12-02 15:21:01,999 [INFO] PluginManage:310 - Check plugin filemanager
2023-12-02 15:21:02,400 [INFO] PluginManage:359 - Loaded plugin filemanager (category:base,tabindex:10)
2023-12-02 15:21:02,400 [INFO] PluginManage:310 - Check plugin ipmanager
2023-12-02 15:21:02,417 [INFO] PluginManage:359 - Loaded plugin ipmanager (category:base,tabindex:5)
2023-12-02 15:21:02,418 [INFO] PluginManage:310 - Check plugin lpbam
2023-12-02 15:21:02,437 [INFO] PluginManage:359 - Loaded plugin lpbam (category:base,tabindex:0)
2023-12-02 15:21:02,438 [INFO] PluginManage:310 - Check plugin memorymap
2023-12-02 15:21:02,465 [INFO] PluginManage:359 - Loaded plugin memorymap (category:base,tabindex:4)
2023-12-02 15:21:02,466 [INFO] PluginManage:310 - Check plugin pinoutandconfiguration
2023-12-02 15:21:02,482 [INFO] PluginManage:359 - Loaded plugin pinoutandconfiguration (category:base,tabindex:1)
2023-12-02 15:21:02,482 [INFO] PluginManage:310 - Check plugin pinoutconfig
2023-12-02 15:21:02,660 [WARN] SupportedApi:132 - Cannot load RTOS API schema: s4s-elt-must-match.1: The content of 'definitions' must match (annotation?, (simpleType | complexType)?, (unique | key | keyref)*)). A problem was found starting at: attribute.
2023-12-02 15:21:02,979 [INFO] PluginManage:359 - Loaded plugin pinoutconfig (category:base,tabindex:0)
2023-12-02 15:21:02,980 [INFO] PluginManage:310 - Check plugin power
2023-12-02 15:21:02,999 [INFO] PluginManage:359 - Loaded plugin power (category:power,tabindex:4)
2023-12-02 15:21:03,000 [INFO] PluginManage:310 - Check plugin projectmanager
2023-12-02 15:21:03,032 [INFO] PluginManage:359 - Loaded plugin projectmanager (category:projectmanager,tabindex:3)
2023-12-02 15:21:03,032 [INFO] PluginManage:310 - Check plugin thirdparty
2023-12-02 15:21:03,421 [INFO] PluginManage:359 - Loaded plugin thirdparty (category:base,tabindex:-1)
2023-12-02 15:21:03,422 [INFO] PluginManage:310 - Check plugin tools
2023-12-02 15:21:03,421 [WARN] IntegrityCheckThread:84 - waiting for thirdparty lock release [integrity check]
2023-12-02 15:21:03,430 [INFO] IntegrityCheckThread:86 - entering critical section [integrity check]
2023-12-02 15:21:03,431 [INFO] PluginManage:359 - Loaded plugin tools (category:base,tabindex:7)
2023-12-02 15:21:03,431 [INFO] ThirdPartyUpdaterWithRetryManager:70 - Updater plugin not ready yet. [1/15]
2023-12-02 15:21:03,431 [INFO] PluginManage:310 - Check plugin tutovideos
2023-12-02 15:21:03,787 [INFO] PluginManage:359 - Loaded plugin tutovideos (category:base,tabindex:-1)
2023-12-02 15:21:03,787 [INFO] PluginManage:310 - Check plugin updater
2023-12-02 15:21:03,808 [INFO] PluginManage:359 - Loaded plugin updater (category:base,tabindex:12)
2023-12-02 15:21:03,808 [INFO] PluginManage:310 - Check plugin userauth
2023-12-02 15:21:03,815 [INFO] UserAuth:113 - Init User Auth plugin
2023-12-02 15:21:03,816 [INFO] PluginManage:359 - Loaded plugin userauth (category:base,tabindex:14)
2023-12-02 15:21:03,816 [INFO] PluginManage:283 - PluginManage : Loaded plugins [17]
2023-12-02 15:21:04,224 [INFO] PinOutPanel:1499 - setPackage(No Configuration,No Configuration)
2023-12-02 15:21:04,449 [INFO] CADModel:165 - CPN selected for project level
2023-12-02 15:21:04,449 [INFO] CADModel:114 - Register for checkConnection events
2023-12-02 15:21:04,482 [INFO] IPUIPlugin:80 - create IPUIPlugin
2023-12-02 15:21:04,528 [INFO] PluginManager:220 - loadIPPluginJar : add adc
2023-12-02 15:21:04,543 [INFO] IPUIPlugin:80 - create IPUIPlugin
2023-12-02 15:21:04,544 [INFO] PluginManager:220 - loadIPPluginJar : add aes
2023-12-02 15:21:04,548 [INFO] IPUIPlugin:80 - create IPUIPlugin
2023-12-02 15:21:04,549 [INFO] PluginManager:220 - loadIPPluginJar : add can
2023-12-02 15:21:04,553 [INFO] IPUIPlugin:80 - create IPUIPlugin
2023-12-02 15:21:04,553 [INFO] PluginManager:220 - loadIPPluginJar : add comp
2023-12-02 15:21:04,563 [INFO] IPUIPlugin:80 - create IPUIPlugin
2023-12-02 15:21:04,563 [INFO] PluginManager:220 - loadIPPluginJar : add cryp
2023-12-02 15:21:04,567 [INFO] IPUIPlugin:80 - create IPUIPlugin
2023-12-02 15:21:04,567 [INFO] PluginManager:220 - loadIPPluginJar : add dfsdm
2023-12-02 15:21:04,583 [INFO] IPUIPlugin:80 - create IPUIPlugin
2023-12-02 15:21:04,585 [INFO] PluginManager:220 - loadIPPluginJar : add dma
2023-12-02 15:21:04,594 [INFO] IPUIPlugin:80 - create IPUIPlugin
2023-12-02 15:21:04,594 [INFO] PluginManager:220 - loadIPPluginJar : add dma3
2023-12-02 15:21:04,597 [INFO] IPUIPlugin:80 - create IPUIPlugin
2023-12-02 15:21:04,597 [INFO] PluginManager:220 - loadIPPluginJar : add fatfs
2023-12-02 15:21:04,603 [INFO] IPUIPlugin:80 - create IPUIPlugin
2023-12-02 15:21:04,603 [INFO] PluginManager:220 - loadIPPluginJar : add fmc
2023-12-02 15:21:04,613 [INFO] IPUIPlugin:80 - create IPUIPlugin
2023-12-02 15:21:04,613 [INFO] PluginManager:220 - loadIPPluginJar : add freertos
2023-12-02 15:21:04,616 [INFO] IPUIPlugin:80 - create IPUIPlugin
2023-12-02 15:21:04,616 [INFO] PluginManager:220 - loadIPPluginJar : add genericplugin
2023-12-02 15:21:04,620 [INFO] IPUIPlugin:80 - create IPUIPlugin
2023-12-02 15:21:04,620 [INFO] PluginManager:220 - loadIPPluginJar : add gfxmmu
2023-12-02 15:21:04,629 [INFO] IPUIPlugin:80 - create IPUIPlugin
2023-12-02 15:21:04,629 [INFO] PluginManager:220 - loadIPPluginJar : add gic
2023-12-02 15:21:04,635 [INFO] IPUIPlugin:80 - create IPUIPlugin
2023-12-02 15:21:04,635 [INFO] PluginManager:220 - loadIPPluginJar : add gpio
2023-12-02 15:21:04,640 [INFO] IPUIPlugin:80 - create IPUIPlugin
2023-12-02 15:21:04,640 [INFO] PluginManager:220 - loadIPPluginJar : add gtzc
2023-12-02 15:21:04,645 [INFO] IPUIPlugin:80 - create IPUIPlugin
2023-12-02 15:21:04,645 [INFO] PluginManager:220 - loadIPPluginJar : add hash
2023-12-02 15:21:04,648 [INFO] IPUIPlugin:80 - create IPUIPlugin
2023-12-02 15:21:04,649 [INFO] PluginManager:220 - loadIPPluginJar : add i2c
2023-12-02 15:21:04,653 [INFO] IPUIPlugin:80 - create IPUIPlugin
2023-12-02 15:21:04,653 [INFO] PluginManager:220 - loadIPPluginJar : add i2s
2023-12-02 15:21:04,659 [INFO] IPUIPlugin:80 - create IPUIPlugin
2023-12-02 15:21:04,660 [INFO] PluginManager:220 - loadIPPluginJar : add i3c
2023-12-02 15:21:04,663 [INFO] IPUIPlugin:80 - create IPUIPlugin
2023-12-02 15:21:04,663 [INFO] PluginManager:220 - loadIPPluginJar : add ipddr
2023-12-02 15:21:04,671 [INFO] IPUIPlugin:80 - create IPUIPlugin
2023-12-02 15:21:04,673 [INFO] PluginManager:220 - loadIPPluginJar : add linkedlist
2023-12-02 15:21:04,678 [INFO] IPUIPlugin:80 - create IPUIPlugin
2023-12-02 15:21:04,678 [INFO] PluginManager:220 - loadIPPluginJar : add lorawan
2023-12-02 15:21:04,680 [INFO] IPUIPlugin:80 - create IPUIPlugin
2023-12-02 15:21:04,680 [INFO] PluginManager:220 - loadIPPluginJar : add ltdc
2023-12-02 15:21:04,688 [INFO] IPUIPlugin:80 - create IPUIPlugin
2023-12-02 15:21:04,688 [INFO] PluginManager:220 - loadIPPluginJar : add mdma
2023-12-02 15:21:04,696 [INFO] IPUIPlugin:80 - create IPUIPlugin
2023-12-02 15:21:04,696 [INFO] PluginManager:220 - loadIPPluginJar : add nvic
2023-12-02 15:21:04,700 [INFO] IPUIPlugin:80 - create IPUIPlugin
2023-12-02 15:21:04,700 [INFO] PluginManager:220 - loadIPPluginJar : add opamp
2023-12-02 15:21:04,704 [INFO] IPUIPlugin:80 - create IPUIPlugin
2023-12-02 15:21:04,704 [INFO] PluginManager:220 - loadIPPluginJar : add openamp
2023-12-02 15:21:04,713 [INFO] IPUIPlugin:80 - create IPUIPlugin
2023-12-02 15:21:04,713 [INFO] PluginManager:220 - loadIPPluginJar : add pdm2pcm
2023-12-02 15:21:04,726 [INFO] IPUIPlugin:80 - create IPUIPlugin
2023-12-02 15:21:04,729 [INFO] PluginManager:220 - loadIPPluginJar : add plateformsettings
2023-12-02 15:21:04,732 [INFO] IPUIPlugin:80 - create IPUIPlugin
2023-12-02 15:21:04,732 [INFO] PluginManager:220 - loadIPPluginJar : add quadspi
2023-12-02 15:21:04,736 [INFO] IPUIPlugin:80 - create IPUIPlugin
2023-12-02 15:21:04,736 [INFO] PluginManager:220 - loadIPPluginJar : add resmgrutility
2023-12-02 15:21:04,743 [INFO] IPUIPlugin:80 - create IPUIPlugin
2023-12-02 15:21:04,744 [INFO] PluginManager:220 - loadIPPluginJar : add sai
2023-12-02 15:21:04,747 [INFO] IPUIPlugin:80 - create IPUIPlugin
2023-12-02 15:21:04,747 [INFO] PluginManager:220 - loadIPPluginJar : add spi
2023-12-02 15:21:04,756 [INFO] IPUIPlugin:80 - create IPUIPlugin
2023-12-02 15:21:04,757 [INFO] PluginManager:220 - loadIPPluginJar : add stm32_wpan
2023-12-02 15:21:04,760 [INFO] IPUIPlugin:80 - create IPUIPlugin
2023-12-02 15:21:04,760 [INFO] PluginManager:220 - loadIPPluginJar : add tim
2023-12-02 15:21:04,765 [INFO] IPUIPlugin:80 - create IPUIPlugin
2023-12-02 15:21:04,765 [INFO] PluginManager:220 - loadIPPluginJar : add touchsensing
2023-12-02 15:21:04,768 [INFO] IPUIPlugin:80 - create IPUIPlugin
2023-12-02 15:21:04,768 [INFO] PluginManager:220 - loadIPPluginJar : add tracer_emb
2023-12-02 15:21:04,770 [INFO] IPUIPlugin:80 - create IPUIPlugin
2023-12-02 15:21:04,770 [INFO] PluginManager:220 - loadIPPluginJar : add ts
2023-12-02 15:21:04,774 [INFO] IPUIPlugin:80 - create IPUIPlugin
2023-12-02 15:21:04,775 [INFO] PluginManager:220 - loadIPPluginJar : add tsc
2023-12-02 15:21:04,778 [INFO] IPUIPlugin:80 - create IPUIPlugin
2023-12-02 15:21:04,778 [INFO] PluginManager:220 - loadIPPluginJar : add ucpd
2023-12-02 15:21:04,782 [INFO] IPUIPlugin:80 - create IPUIPlugin
2023-12-02 15:21:04,783 [INFO] PluginManager:220 - loadIPPluginJar : add usart
2023-12-02 15:21:04,786 [INFO] IPUIPlugin:80 - create IPUIPlugin
2023-12-02 15:21:04,786 [INFO] PluginManager:220 - loadIPPluginJar : add usbx
2023-12-02 15:21:04,969 [INFO] CADModel:165 - CPN selected for project level
2023-12-02 15:21:04,969 [INFO] CADModel:114 - Register for checkConnection events
2023-12-02 15:21:04,970 [FATAL] Updater:308 - Updater called before beeing initialized
2023-12-02 15:21:04,970 [ERROR] CADModel:125 - Updater not yet initialized, retry later 
2023-12-02 15:21:05,185 [INFO] CADModel:165 - CPN selected for project level
2023-12-02 15:21:05,185 [INFO] CADModel:114 - Register for checkConnection events
2023-12-02 15:21:05,186 [FATAL] Updater:308 - Updater called before beeing initialized
2023-12-02 15:21:05,186 [ERROR] CADModel:125 - Updater not yet initialized, retry later 
2023-12-02 15:21:05,194 [FATAL] Updater:308 - Updater called before beeing initialized
2023-12-02 15:21:05,673 [FATAL] Updater:308 - Updater called before beeing initialized
2023-12-02 15:21:05,684 [INFO] DbMcusAds:53 - JSON generation date=Wed Nov 29 05:52:38 PET 2023 (1701255158764)
2023-12-02 15:21:05,685 [FATAL] Updater:308 - Updater called before beeing initialized
2023-12-02 15:21:05,763 [WARN] DetailPanel:346 - Failed to get advertising image, set to default
2023-12-02 15:21:05,999 [FATAL] Updater:308 - Updater called before beeing initialized
2023-12-02 15:21:06,011 [FATAL] Updater:308 - Updater called before beeing initialized
2023-12-02 15:21:06,011 [FATAL] Updater:308 - Updater called before beeing initialized
2023-12-02 15:21:06,011 [WARN] DetailPanel:346 - Failed to get advertising image, set to default
2023-12-02 15:21:06,013 [FATAL] Updater:308 - Updater called before beeing initialized
2023-12-02 15:21:06,133 [ERROR] Updater:1120 - MainUpdater not yet initialized. External WinMGr cannot be set.
2023-12-02 15:21:06,137 [INFO] Updater:1056 - Updater Version found : 6.9.1
2023-12-02 15:21:06,192 [INFO] ApplicationProperties:184 - Using Application install path: C:\ST\STM32CubeIDE_1.13.1\STM32CubeIDE\plugins\com.st.stm32cube.common.mx_6.9.1.202307191849
2023-12-02 15:21:06,431 [INFO] ThirdPartyUpdaterWithRetryManager:70 - Updater plugin not ready yet. [2/15]
2023-12-02 15:21:06,573 [INFO] MainUpdater:2868 - connection check result : 10
2023-12-02 15:21:06,575 [INFO] MainUpdater:285 - Updater Check For Update Now.
2023-12-02 15:21:06,576 [INFO] MicroXplorer:498 - Change Database Version : DB.6.0.91
2023-12-02 15:21:06,591 [INFO] McuFinderGlobals:63 - Set McuFinder mode to 2 (CubeIDE integrated)
2023-12-02 15:21:07,007 [ERROR] AdobePublisher:162 - Exception while opening the connection: java.net.UnknownHostException: stmicroelectronics.d3.sc.omtrdc.net
2023-12-02 15:21:07,009 [ERROR] AdobePublisher:162 - Exception while opening the connection: java.net.UnknownHostException: stmicroelectronics.d3.sc.omtrdc.net
2023-12-02 15:21:07,010 [ERROR] AdobePublisher:162 - Exception while opening the connection: java.net.UnknownHostException: stmicroelectronics.d3.sc.omtrdc.net
2023-12-02 15:21:07,011 [ERROR] AdobePublisher:162 - Exception while opening the connection: java.net.UnknownHostException: stmicroelectronics.d3.sc.omtrdc.net
2023-12-02 15:21:07,011 [ERROR] AdobePublisher:162 - Exception while opening the connection: java.net.UnknownHostException: stmicroelectronics.d3.sc.omtrdc.net
2023-12-02 15:21:07,048 [INFO] CheckServerUpdateThread:120 - End of CheckServer Thread
2023-12-02 15:21:09,750 [WARN] PackLoader:240 - Cannot read IP mode file for STMicroelectronics.X-CUBE-AZRTOS-F4.1.1.0
2023-12-02 15:21:10,506 [WARN] PackLoader:240 - Cannot read IP mode file for STMicroelectronics.X-CUBE-TOUCHGFX.4.22.0
2023-12-02 15:21:10,749 [WARN] PackLoader:240 - Cannot read IP mode file for STMicroelectronics.X-CUBE-AI.8.1.0
2023-12-02 15:21:10,859 [INFO] ThirdParty:978 - Integrity check success = true
2023-12-02 15:21:10,859 [INFO] IntegrityCheckThread:100 - exiting critical section [integrity check]
2023-12-02 15:21:10,859 [INFO] IntegrityCheckThread:103 - End integrity checks thread
2023-12-02 15:21:28,589 [ERROR] LogOutputStream:75 - [STDERR_REDIRECT] SLF4J: Failed to load class "org.slf4j.impl.StaticLoggerBinder".
2023-12-02 15:21:28,590 [ERROR] LogOutputStream:75 - [STDERR_REDIRECT] SLF4J: Defaulting to no-operation (NOP) logger implementation
2023-12-02 15:21:28,597 [ERROR] LogOutputStream:75 - [STDERR_REDIRECT] SLF4J: See http://www.slf4j.org/codes.html#StaticLoggerBinder for further details.
2023-12-02 15:35:48,195 [ERROR] AdobePublisher:162 - Exception while opening the connection: java.net.UnknownHostException: stmicroelectronics.d3.sc.omtrdc.net
2023-12-02 15:35:48,195 [ERROR] AdobePublisher:162 - Exception while opening the connection: java.net.UnknownHostException: stmicroelectronics.d3.sc.omtrdc.net
2023-12-02 15:35:48,197 [ERROR] AdobePublisher:162 - Exception while opening the connection: java.net.UnknownHostException: stmicroelectronics.d3.sc.omtrdc.net
2023-12-02 15:35:48,197 [ERROR] AdobePublisher:162 - Exception while opening the connection: java.net.UnknownHostException: stmicroelectronics.d3.sc.omtrdc.net
2023-12-02 15:35:48,198 [ERROR] AdobePublisher:162 - Exception while opening the connection: java.net.UnknownHostException: stmicroelectronics.d3.sc.omtrdc.net
2023-12-02 15:35:48,850 [ERROR] AdobePublisher:162 - Exception while opening the connection: java.net.UnknownHostException: stmicroelectronics.d3.sc.omtrdc.net
2023-12-02 15:35:48,851 [ERROR] AdobePublisher:162 - Exception while opening the connection: java.net.UnknownHostException: stmicroelectronics.d3.sc.omtrdc.net
2023-12-02 15:35:48,852 [ERROR] AdobePublisher:162 - Exception while opening the connection: java.net.UnknownHostException: stmicroelectronics.d3.sc.omtrdc.net
2023-12-02 15:35:48,853 [ERROR] AdobePublisher:162 - Exception while opening the connection: java.net.UnknownHostException: stmicroelectronics.d3.sc.omtrdc.net
2023-12-02 15:35:48,853 [ERROR] AdobePublisher:162 - Exception while opening the connection: java.net.UnknownHostException: stmicroelectronics.d3.sc.omtrdc.net
2023-12-02 15:41:14,807 [ERROR] AdobePublisher:162 - Exception while opening the connection: java.net.UnknownHostException: stmicroelectronics.d3.sc.omtrdc.net
2023-12-02 15:41:14,808 [ERROR] AdobePublisher:162 - Exception while opening the connection: java.net.UnknownHostException: stmicroelectronics.d3.sc.omtrdc.net
2023-12-02 15:41:14,809 [ERROR] AdobePublisher:162 - Exception while opening the connection: java.net.UnknownHostException: stmicroelectronics.d3.sc.omtrdc.net
2023-12-02 15:41:14,810 [ERROR] AdobePublisher:162 - Exception while opening the connection: java.net.UnknownHostException: stmicroelectronics.d3.sc.omtrdc.net
2023-12-02 15:41:14,810 [ERROR] AdobePublisher:162 - Exception while opening the connection: java.net.UnknownHostException: stmicroelectronics.d3.sc.omtrdc.net
2023-12-02 15:41:15,263 [ERROR] AdobePublisher:162 - Exception while opening the connection: java.net.UnknownHostException: stmicroelectronics.d3.sc.omtrdc.net
2023-12-02 15:41:15,265 [ERROR] AdobePublisher:162 - Exception while opening the connection: java.net.UnknownHostException: stmicroelectronics.d3.sc.omtrdc.net
2023-12-02 15:41:15,266 [ERROR] AdobePublisher:162 - Exception while opening the connection: java.net.UnknownHostException: stmicroelectronics.d3.sc.omtrdc.net
2023-12-02 15:41:15,267 [ERROR] AdobePublisher:162 - Exception while opening the connection: java.net.UnknownHostException: stmicroelectronics.d3.sc.omtrdc.net
2023-12-02 15:41:15,268 [ERROR] AdobePublisher:162 - Exception while opening the connection: java.net.UnknownHostException: stmicroelectronics.d3.sc.omtrdc.net
2023-12-02 15:41:37,323 [ERROR] AdobePublisher:162 - Exception while opening the connection: java.net.UnknownHostException: stmicroelectronics.d3.sc.omtrdc.net
2023-12-02 15:41:37,324 [ERROR] AdobePublisher:162 - Exception while opening the connection: java.net.UnknownHostException: stmicroelectronics.d3.sc.omtrdc.net
2023-12-02 15:41:37,324 [ERROR] AdobePublisher:162 - Exception while opening the connection: java.net.UnknownHostException: stmicroelectronics.d3.sc.omtrdc.net
2023-12-02 15:41:37,325 [ERROR] AdobePublisher:162 - Exception while opening the connection: java.net.UnknownHostException: stmicroelectronics.d3.sc.omtrdc.net
2023-12-02 15:41:37,325 [ERROR] AdobePublisher:162 - Exception while opening the connection: java.net.UnknownHostException: stmicroelectronics.d3.sc.omtrdc.net
2023-12-02 15:42:29,255 [ERROR] AdobePublisher:162 - Exception while opening the connection: java.net.UnknownHostException: stmicroelectronics.d3.sc.omtrdc.net
2023-12-02 15:42:29,256 [ERROR] AdobePublisher:162 - Exception while opening the connection: java.net.UnknownHostException: stmicroelectronics.d3.sc.omtrdc.net
2023-12-02 15:42:29,256 [ERROR] AdobePublisher:162 - Exception while opening the connection: java.net.UnknownHostException: stmicroelectronics.d3.sc.omtrdc.net
2023-12-02 15:42:29,257 [ERROR] AdobePublisher:162 - Exception while opening the connection: java.net.UnknownHostException: stmicroelectronics.d3.sc.omtrdc.net
2023-12-02 15:42:29,258 [ERROR] AdobePublisher:162 - Exception while opening the connection: java.net.UnknownHostException: stmicroelectronics.d3.sc.omtrdc.net
2023-12-02 15:42:29,665 [ERROR] AdobePublisher:162 - Exception while opening the connection: java.net.UnknownHostException: stmicroelectronics.d3.sc.omtrdc.net
2023-12-02 15:42:29,666 [ERROR] AdobePublisher:162 - Exception while opening the connection: java.net.UnknownHostException: stmicroelectronics.d3.sc.omtrdc.net
2023-12-02 15:42:29,667 [ERROR] AdobePublisher:162 - Exception while opening the connection: java.net.UnknownHostException: stmicroelectronics.d3.sc.omtrdc.net
2023-12-02 15:42:29,668 [ERROR] AdobePublisher:162 - Exception while opening the connection: java.net.UnknownHostException: stmicroelectronics.d3.sc.omtrdc.net
2023-12-02 15:42:29,669 [ERROR] AdobePublisher:162 - Exception while opening the connection: java.net.UnknownHostException: stmicroelectronics.d3.sc.omtrdc.net
2023-12-02 15:43:33,954 [ERROR] AdobePublisher:162 - Exception while opening the connection: java.net.UnknownHostException: stmicroelectronics.d3.sc.omtrdc.net
2023-12-02 15:43:33,955 [ERROR] AdobePublisher:162 - Exception while opening the connection: java.net.UnknownHostException: stmicroelectronics.d3.sc.omtrdc.net
2023-12-02 15:43:33,956 [ERROR] AdobePublisher:162 - Exception while opening the connection: java.net.UnknownHostException: stmicroelectronics.d3.sc.omtrdc.net
2023-12-02 15:43:33,956 [ERROR] AdobePublisher:162 - Exception while opening the connection: java.net.UnknownHostException: stmicroelectronics.d3.sc.omtrdc.net
2023-12-02 15:43:33,957 [ERROR] AdobePublisher:162 - Exception while opening the connection: java.net.UnknownHostException: stmicroelectronics.d3.sc.omtrdc.net
2023-12-02 15:43:33,958 [ERROR] AdobePublisher:162 - Exception while opening the connection: java.net.UnknownHostException: stmicroelectronics.d3.sc.omtrdc.net
2023-12-02 15:43:33,960 [ERROR] AdobePublisher:162 - Exception while opening the connection: java.net.UnknownHostException: stmicroelectronics.d3.sc.omtrdc.net
2023-12-02 15:43:33,962 [ERROR] AdobePublisher:162 - Exception while opening the connection: java.net.UnknownHostException: stmicroelectronics.d3.sc.omtrdc.net
2023-12-02 15:43:33,966 [ERROR] AdobePublisher:162 - Exception while opening the connection: java.net.UnknownHostException: stmicroelectronics.d3.sc.omtrdc.net
2023-12-02 15:43:33,968 [ERROR] AdobePublisher:162 - Exception while opening the connection: java.net.UnknownHostException: stmicroelectronics.d3.sc.omtrdc.net
2023-12-02 15:44:03,201 [ERROR] AdobePublisher:162 - Exception while opening the connection: java.net.UnknownHostException: stmicroelectronics.d3.sc.omtrdc.net
2023-12-02 15:44:03,202 [ERROR] AdobePublisher:162 - Exception while opening the connection: java.net.UnknownHostException: stmicroelectronics.d3.sc.omtrdc.net
2023-12-02 15:44:03,202 [ERROR] AdobePublisher:162 - Exception while opening the connection: java.net.UnknownHostException: stmicroelectronics.d3.sc.omtrdc.net
2023-12-02 15:44:03,203 [ERROR] AdobePublisher:162 - Exception while opening the connection: java.net.UnknownHostException: stmicroelectronics.d3.sc.omtrdc.net
2023-12-02 15:44:03,203 [ERROR] AdobePublisher:162 - Exception while opening the connection: java.net.UnknownHostException: stmicroelectronics.d3.sc.omtrdc.net
2023-12-02 15:44:03,551 [ERROR] AdobePublisher:162 - Exception while opening the connection: java.net.UnknownHostException: stmicroelectronics.d3.sc.omtrdc.net
2023-12-02 15:44:03,552 [ERROR] AdobePublisher:162 - Exception while opening the connection: java.net.UnknownHostException: stmicroelectronics.d3.sc.omtrdc.net
2023-12-02 15:44:03,552 [ERROR] AdobePublisher:162 - Exception while opening the connection: java.net.UnknownHostException: stmicroelectronics.d3.sc.omtrdc.net
2023-12-02 15:44:03,553 [ERROR] AdobePublisher:162 - Exception while opening the connection: java.net.UnknownHostException: stmicroelectronics.d3.sc.omtrdc.net
2023-12-02 15:44:03,553 [ERROR] AdobePublisher:162 - Exception while opening the connection: java.net.UnknownHostException: stmicroelectronics.d3.sc.omtrdc.net
2023-12-02 15:44:04,031 [ERROR] AdobePublisher:162 - Exception while opening the connection: java.net.UnknownHostException: stmicroelectronics.d3.sc.omtrdc.net
2023-12-02 15:44:04,031 [ERROR] AdobePublisher:162 - Exception while opening the connection: java.net.UnknownHostException: stmicroelectronics.d3.sc.omtrdc.net
2023-12-02 15:44:04,033 [ERROR] AdobePublisher:162 - Exception while opening the connection: java.net.UnknownHostException: stmicroelectronics.d3.sc.omtrdc.net
2023-12-02 15:44:04,033 [ERROR] AdobePublisher:162 - Exception while opening the connection: java.net.UnknownHostException: stmicroelectronics.d3.sc.omtrdc.net
2023-12-02 15:44:04,034 [ERROR] AdobePublisher:162 - Exception while opening the connection: java.net.UnknownHostException: stmicroelectronics.d3.sc.omtrdc.net
2023-12-02 15:46:23,785 [ERROR] AdobePublisher:162 - Exception while opening the connection: java.net.UnknownHostException: stmicroelectronics.d3.sc.omtrdc.net
2023-12-02 15:46:23,786 [ERROR] AdobePublisher:162 - Exception while opening the connection: java.net.UnknownHostException: stmicroelectronics.d3.sc.omtrdc.net
2023-12-02 15:46:23,786 [ERROR] AdobePublisher:162 - Exception while opening the connection: java.net.UnknownHostException: stmicroelectronics.d3.sc.omtrdc.net
2023-12-02 15:46:23,787 [ERROR] AdobePublisher:162 - Exception while opening the connection: java.net.UnknownHostException: stmicroelectronics.d3.sc.omtrdc.net
2023-12-02 15:46:23,787 [ERROR] AdobePublisher:162 - Exception while opening the connection: java.net.UnknownHostException: stmicroelectronics.d3.sc.omtrdc.net
2023-12-02 15:46:41,989 [ERROR] AdobePublisher:162 - Exception while opening the connection: java.net.UnknownHostException: stmicroelectronics.d3.sc.omtrdc.net
2023-12-02 15:46:41,989 [ERROR] AdobePublisher:162 - Exception while opening the connection: java.net.UnknownHostException: stmicroelectronics.d3.sc.omtrdc.net
2023-12-02 15:46:41,990 [ERROR] AdobePublisher:162 - Exception while opening the connection: java.net.UnknownHostException: stmicroelectronics.d3.sc.omtrdc.net
2023-12-02 15:46:41,991 [ERROR] AdobePublisher:162 - Exception while opening the connection: java.net.UnknownHostException: stmicroelectronics.d3.sc.omtrdc.net
2023-12-02 15:46:41,992 [ERROR] AdobePublisher:162 - Exception while opening the connection: java.net.UnknownHostException: stmicroelectronics.d3.sc.omtrdc.net
2023-12-02 15:46:42,726 [ERROR] AdobePublisher:162 - Exception while opening the connection: java.net.UnknownHostException: stmicroelectronics.d3.sc.omtrdc.net
2023-12-02 15:46:42,727 [ERROR] AdobePublisher:162 - Exception while opening the connection: java.net.UnknownHostException: stmicroelectronics.d3.sc.omtrdc.net
2023-12-02 15:46:42,727 [ERROR] AdobePublisher:162 - Exception while opening the connection: java.net.UnknownHostException: stmicroelectronics.d3.sc.omtrdc.net
2023-12-02 15:46:42,728 [ERROR] AdobePublisher:162 - Exception while opening the connection: java.net.UnknownHostException: stmicroelectronics.d3.sc.omtrdc.net
2023-12-02 15:46:42,728 [ERROR] AdobePublisher:162 - Exception while opening the connection: java.net.UnknownHostException: stmicroelectronics.d3.sc.omtrdc.net
2023-12-02 15:49:26,261 [ERROR] AdobePublisher:162 - Exception while opening the connection: java.net.UnknownHostException: stmicroelectronics.d3.sc.omtrdc.net
2023-12-02 15:49:26,261 [ERROR] AdobePublisher:162 - Exception while opening the connection: java.net.UnknownHostException: stmicroelectronics.d3.sc.omtrdc.net
2023-12-02 15:49:26,262 [ERROR] AdobePublisher:162 - Exception while opening the connection: java.net.UnknownHostException: stmicroelectronics.d3.sc.omtrdc.net
2023-12-02 15:49:26,263 [ERROR] AdobePublisher:162 - Exception while opening the connection: java.net.UnknownHostException: stmicroelectronics.d3.sc.omtrdc.net
2023-12-02 15:49:26,267 [ERROR] AdobePublisher:162 - Exception while opening the connection: java.net.UnknownHostException: stmicroelectronics.d3.sc.omtrdc.net
2023-12-02 15:49:26,739 [ERROR] AdobePublisher:162 - Exception while opening the connection: java.net.UnknownHostException: stmicroelectronics.d3.sc.omtrdc.net
2023-12-02 15:49:26,740 [ERROR] AdobePublisher:162 - Exception while opening the connection: java.net.UnknownHostException: stmicroelectronics.d3.sc.omtrdc.net
2023-12-02 15:49:26,741 [ERROR] AdobePublisher:162 - Exception while opening the connection: java.net.UnknownHostException: stmicroelectronics.d3.sc.omtrdc.net
2023-12-02 15:49:26,742 [ERROR] AdobePublisher:162 - Exception while opening the connection: java.net.UnknownHostException: stmicroelectronics.d3.sc.omtrdc.net
2023-12-02 15:49:26,743 [ERROR] AdobePublisher:162 - Exception while opening the connection: java.net.UnknownHostException: stmicroelectronics.d3.sc.omtrdc.net
2023-12-02 15:55:58,039 [ERROR] AdobePublisher:162 - Exception while opening the connection: java.net.UnknownHostException: stmicroelectronics.d3.sc.omtrdc.net
2023-12-02 15:55:58,040 [ERROR] AdobePublisher:162 - Exception while opening the connection: java.net.UnknownHostException: stmicroelectronics.d3.sc.omtrdc.net
2023-12-02 15:55:58,045 [ERROR] AdobePublisher:162 - Exception while opening the connection: java.net.UnknownHostException: stmicroelectronics.d3.sc.omtrdc.net
2023-12-02 15:55:58,046 [ERROR] AdobePublisher:162 - Exception while opening the connection: java.net.UnknownHostException: stmicroelectronics.d3.sc.omtrdc.net
2023-12-02 15:55:58,046 [ERROR] AdobePublisher:162 - Exception while opening the connection: java.net.UnknownHostException: stmicroelectronics.d3.sc.omtrdc.net
2023-12-02 15:55:59,599 [ERROR] AdobePublisher:162 - Exception while opening the connection: java.net.UnknownHostException: stmicroelectronics.d3.sc.omtrdc.net
2023-12-02 15:55:59,600 [ERROR] AdobePublisher:162 - Exception while opening the connection: java.net.UnknownHostException: stmicroelectronics.d3.sc.omtrdc.net
2023-12-02 15:55:59,601 [ERROR] AdobePublisher:162 - Exception while opening the connection: java.net.UnknownHostException: stmicroelectronics.d3.sc.omtrdc.net
2023-12-02 15:55:59,602 [ERROR] AdobePublisher:162 - Exception while opening the connection: java.net.UnknownHostException: stmicroelectronics.d3.sc.omtrdc.net
2023-12-02 15:55:59,604 [ERROR] AdobePublisher:162 - Exception while opening the connection: java.net.UnknownHostException: stmicroelectronics.d3.sc.omtrdc.net
2023-12-02 15:55:59,974 [ERROR] AdobePublisher:162 - Exception while opening the connection: java.net.UnknownHostException: stmicroelectronics.d3.sc.omtrdc.net
2023-12-02 15:55:59,975 [ERROR] AdobePublisher:162 - Exception while opening the connection: java.net.UnknownHostException: stmicroelectronics.d3.sc.omtrdc.net
2023-12-02 15:55:59,976 [ERROR] AdobePublisher:162 - Exception while opening the connection: java.net.UnknownHostException: stmicroelectronics.d3.sc.omtrdc.net
2023-12-02 15:55:59,977 [ERROR] AdobePublisher:162 - Exception while opening the connection: java.net.UnknownHostException: stmicroelectronics.d3.sc.omtrdc.net
2023-12-02 15:55:59,978 [ERROR] AdobePublisher:162 - Exception while opening the connection: java.net.UnknownHostException: stmicroelectronics.d3.sc.omtrdc.net
2023-12-02 15:56:51,767 [ERROR] AdobePublisher:162 - Exception while opening the connection: java.net.UnknownHostException: stmicroelectronics.d3.sc.omtrdc.net
2023-12-02 15:56:51,768 [ERROR] AdobePublisher:162 - Exception while opening the connection: java.net.UnknownHostException: stmicroelectronics.d3.sc.omtrdc.net
2023-12-02 15:56:51,769 [ERROR] AdobePublisher:162 - Exception while opening the connection: java.net.UnknownHostException: stmicroelectronics.d3.sc.omtrdc.net
2023-12-02 15:56:51,770 [ERROR] AdobePublisher:162 - Exception while opening the connection: java.net.UnknownHostException: stmicroelectronics.d3.sc.omtrdc.net
2023-12-02 15:56:51,772 [ERROR] AdobePublisher:162 - Exception while opening the connection: java.net.UnknownHostException: stmicroelectronics.d3.sc.omtrdc.net
2023-12-02 16:16:12,816 [ERROR] AdobePublisher:162 - Exception while opening the connection: java.net.UnknownHostException: stmicroelectronics.d3.sc.omtrdc.net
2023-12-02 16:16:12,818 [ERROR] AdobePublisher:162 - Exception while opening the connection: java.net.UnknownHostException: stmicroelectronics.d3.sc.omtrdc.net
2023-12-02 16:16:12,818 [ERROR] AdobePublisher:162 - Exception while opening the connection: java.net.UnknownHostException: stmicroelectronics.d3.sc.omtrdc.net
2023-12-02 16:16:12,818 [ERROR] AdobePublisher:162 - Exception while opening the connection: java.net.UnknownHostException: stmicroelectronics.d3.sc.omtrdc.net
2023-12-02 16:16:12,819 [ERROR] AdobePublisher:162 - Exception while opening the connection: java.net.UnknownHostException: stmicroelectronics.d3.sc.omtrdc.net
2023-12-02 16:16:13,023 [ERROR] AdobePublisher:162 - Exception while opening the connection: java.net.UnknownHostException: stmicroelectronics.d3.sc.omtrdc.net
2023-12-02 16:16:13,024 [ERROR] AdobePublisher:162 - Exception while opening the connection: java.net.UnknownHostException: stmicroelectronics.d3.sc.omtrdc.net
2023-12-02 16:16:13,025 [ERROR] AdobePublisher:162 - Exception while opening the connection: java.net.UnknownHostException: stmicroelectronics.d3.sc.omtrdc.net
2023-12-02 16:16:13,025 [ERROR] AdobePublisher:162 - Exception while opening the connection: java.net.UnknownHostException: stmicroelectronics.d3.sc.omtrdc.net
2023-12-02 16:16:13,026 [ERROR] AdobePublisher:162 - Exception while opening the connection: java.net.UnknownHostException: stmicroelectronics.d3.sc.omtrdc.net
2023-12-02 16:18:57,324 [ERROR] AdobePublisher:162 - Exception while opening the connection: java.net.UnknownHostException: stmicroelectronics.d3.sc.omtrdc.net
2023-12-02 16:18:57,325 [ERROR] AdobePublisher:162 - Exception while opening the connection: java.net.UnknownHostException: stmicroelectronics.d3.sc.omtrdc.net
2023-12-02 16:18:57,325 [ERROR] AdobePublisher:162 - Exception while opening the connection: java.net.UnknownHostException: stmicroelectronics.d3.sc.omtrdc.net
2023-12-02 16:18:57,326 [ERROR] AdobePublisher:162 - Exception while opening the connection: java.net.UnknownHostException: stmicroelectronics.d3.sc.omtrdc.net
2023-12-02 16:18:57,326 [ERROR] AdobePublisher:162 - Exception while opening the connection: java.net.UnknownHostException: stmicroelectronics.d3.sc.omtrdc.net
2023-12-02 16:18:57,597 [ERROR] AdobePublisher:162 - Exception while opening the connection: java.net.UnknownHostException: stmicroelectronics.d3.sc.omtrdc.net
2023-12-02 16:18:57,598 [ERROR] AdobePublisher:162 - Exception while opening the connection: java.net.UnknownHostException: stmicroelectronics.d3.sc.omtrdc.net
2023-12-02 16:18:57,599 [ERROR] AdobePublisher:162 - Exception while opening the connection: java.net.UnknownHostException: stmicroelectronics.d3.sc.omtrdc.net
2023-12-02 16:18:57,600 [ERROR] AdobePublisher:162 - Exception while opening the connection: java.net.UnknownHostException: stmicroelectronics.d3.sc.omtrdc.net
2023-12-02 16:18:57,600 [ERROR] AdobePublisher:162 - Exception while opening the connection: java.net.UnknownHostException: stmicroelectronics.d3.sc.omtrdc.net
2023-12-02 16:26:55,244 [ERROR] AdobePublisher:162 - Exception while opening the connection: java.net.UnknownHostException: stmicroelectronics.d3.sc.omtrdc.net
2023-12-02 16:26:55,245 [ERROR] AdobePublisher:162 - Exception while opening the connection: java.net.UnknownHostException: stmicroelectronics.d3.sc.omtrdc.net
2023-12-02 16:26:55,246 [ERROR] AdobePublisher:162 - Exception while opening the connection: java.net.UnknownHostException: stmicroelectronics.d3.sc.omtrdc.net
2023-12-02 16:26:55,247 [ERROR] AdobePublisher:162 - Exception while opening the connection: java.net.UnknownHostException: stmicroelectronics.d3.sc.omtrdc.net
2023-12-02 16:26:55,247 [ERROR] AdobePublisher:162 - Exception while opening the connection: java.net.UnknownHostException: stmicroelectronics.d3.sc.omtrdc.net
2023-12-02 16:26:55,498 [ERROR] AdobePublisher:162 - Exception while opening the connection: java.net.UnknownHostException: stmicroelectronics.d3.sc.omtrdc.net
2023-12-02 16:26:55,499 [ERROR] AdobePublisher:162 - Exception while opening the connection: java.net.UnknownHostException: stmicroelectronics.d3.sc.omtrdc.net
2023-12-02 16:26:55,500 [ERROR] AdobePublisher:162 - Exception while opening the connection: java.net.UnknownHostException: stmicroelectronics.d3.sc.omtrdc.net
2023-12-02 16:26:55,501 [ERROR] AdobePublisher:162 - Exception while opening the connection: java.net.UnknownHostException: stmicroelectronics.d3.sc.omtrdc.net
2023-12-02 16:26:55,502 [ERROR] AdobePublisher:162 - Exception while opening the connection: java.net.UnknownHostException: stmicroelectronics.d3.sc.omtrdc.net
2023-12-02 16:27:36,009 [ERROR] AdobePublisher:162 - Exception while opening the connection: java.net.UnknownHostException: stmicroelectronics.d3.sc.omtrdc.net
2023-12-02 16:27:36,010 [ERROR] AdobePublisher:162 - Exception while opening the connection: java.net.UnknownHostException: stmicroelectronics.d3.sc.omtrdc.net
2023-12-02 16:27:36,010 [ERROR] AdobePublisher:162 - Exception while opening the connection: java.net.UnknownHostException: stmicroelectronics.d3.sc.omtrdc.net
2023-12-02 16:27:36,011 [ERROR] AdobePublisher:162 - Exception while opening the connection: java.net.UnknownHostException: stmicroelectronics.d3.sc.omtrdc.net
2023-12-02 16:27:36,012 [ERROR] AdobePublisher:162 - Exception while opening the connection: java.net.UnknownHostException: stmicroelectronics.d3.sc.omtrdc.net
2023-12-02 16:28:07,909 [ERROR] AdobePublisher:162 - Exception while opening the connection: java.net.UnknownHostException: stmicroelectronics.d3.sc.omtrdc.net
2023-12-02 16:28:07,910 [ERROR] AdobePublisher:162 - Exception while opening the connection: java.net.UnknownHostException: stmicroelectronics.d3.sc.omtrdc.net
2023-12-02 16:28:07,911 [ERROR] AdobePublisher:162 - Exception while opening the connection: java.net.UnknownHostException: stmicroelectronics.d3.sc.omtrdc.net
2023-12-02 16:28:07,912 [ERROR] AdobePublisher:162 - Exception while opening the connection: java.net.UnknownHostException: stmicroelectronics.d3.sc.omtrdc.net
2023-12-02 16:28:07,913 [ERROR] AdobePublisher:162 - Exception while opening the connection: java.net.UnknownHostException: stmicroelectronics.d3.sc.omtrdc.net
2023-12-02 16:28:08,297 [ERROR] AdobePublisher:162 - Exception while opening the connection: java.net.UnknownHostException: stmicroelectronics.d3.sc.omtrdc.net
2023-12-02 16:28:08,298 [ERROR] AdobePublisher:162 - Exception while opening the connection: java.net.UnknownHostException: stmicroelectronics.d3.sc.omtrdc.net
2023-12-02 16:28:08,298 [ERROR] AdobePublisher:162 - Exception while opening the connection: java.net.UnknownHostException: stmicroelectronics.d3.sc.omtrdc.net
2023-12-02 16:28:08,299 [ERROR] AdobePublisher:162 - Exception while opening the connection: java.net.UnknownHostException: stmicroelectronics.d3.sc.omtrdc.net
2023-12-02 16:28:08,299 [ERROR] AdobePublisher:162 - Exception while opening the connection: java.net.UnknownHostException: stmicroelectronics.d3.sc.omtrdc.net
2023-12-02 16:28:08,641 [ERROR] AdobePublisher:162 - Exception while opening the connection: java.net.UnknownHostException: stmicroelectronics.d3.sc.omtrdc.net
2023-12-02 16:28:08,642 [ERROR] AdobePublisher:162 - Exception while opening the connection: java.net.UnknownHostException: stmicroelectronics.d3.sc.omtrdc.net
2023-12-02 16:28:08,643 [ERROR] AdobePublisher:162 - Exception while opening the connection: java.net.UnknownHostException: stmicroelectronics.d3.sc.omtrdc.net
2023-12-02 16:28:08,643 [ERROR] AdobePublisher:162 - Exception while opening the connection: java.net.UnknownHostException: stmicroelectronics.d3.sc.omtrdc.net
2023-12-02 16:28:08,644 [ERROR] AdobePublisher:162 - Exception while opening the connection: java.net.UnknownHostException: stmicroelectronics.d3.sc.omtrdc.net
2023-12-02 16:34:44,609 [ERROR] AdobePublisher:162 - Exception while opening the connection: java.net.UnknownHostException: stmicroelectronics.d3.sc.omtrdc.net
2023-12-02 16:34:44,610 [ERROR] AdobePublisher:162 - Exception while opening the connection: java.net.UnknownHostException: stmicroelectronics.d3.sc.omtrdc.net
2023-12-02 16:34:44,612 [ERROR] AdobePublisher:162 - Exception while opening the connection: java.net.UnknownHostException: stmicroelectronics.d3.sc.omtrdc.net
2023-12-02 16:34:44,613 [ERROR] AdobePublisher:162 - Exception while opening the connection: java.net.UnknownHostException: stmicroelectronics.d3.sc.omtrdc.net
2023-12-02 16:34:44,613 [ERROR] AdobePublisher:162 - Exception while opening the connection: java.net.UnknownHostException: stmicroelectronics.d3.sc.omtrdc.net
2023-12-02 16:37:51,201 [ERROR] AdobePublisher:162 - Exception while opening the connection: java.net.UnknownHostException: stmicroelectronics.d3.sc.omtrdc.net
2023-12-02 16:37:51,201 [ERROR] AdobePublisher:162 - Exception while opening the connection: java.net.UnknownHostException: stmicroelectronics.d3.sc.omtrdc.net
2023-12-02 16:37:51,202 [ERROR] AdobePublisher:162 - Exception while opening the connection: java.net.UnknownHostException: stmicroelectronics.d3.sc.omtrdc.net
2023-12-02 16:37:51,202 [ERROR] AdobePublisher:162 - Exception while opening the connection: java.net.UnknownHostException: stmicroelectronics.d3.sc.omtrdc.net
2023-12-02 16:37:51,203 [ERROR] AdobePublisher:162 - Exception while opening the connection: java.net.UnknownHostException: stmicroelectronics.d3.sc.omtrdc.net
2023-12-02 16:37:51,645 [ERROR] AdobePublisher:162 - Exception while opening the connection: java.net.UnknownHostException: stmicroelectronics.d3.sc.omtrdc.net
2023-12-02 16:37:51,646 [ERROR] AdobePublisher:162 - Exception while opening the connection: java.net.UnknownHostException: stmicroelectronics.d3.sc.omtrdc.net
2023-12-02 16:37:51,647 [ERROR] AdobePublisher:162 - Exception while opening the connection: java.net.UnknownHostException: stmicroelectronics.d3.sc.omtrdc.net
2023-12-02 16:37:51,648 [ERROR] AdobePublisher:162 - Exception while opening the connection: java.net.UnknownHostException: stmicroelectronics.d3.sc.omtrdc.net
2023-12-02 16:37:51,648 [ERROR] AdobePublisher:162 - Exception while opening the connection: java.net.UnknownHostException: stmicroelectronics.d3.sc.omtrdc.net
2023-12-02 17:06:04,081 [INFO] McuFinderGlobals:63 - Set McuFinder mode to 2 (CubeIDE integrated)
2023-12-02 17:06:04,088 [INFO] MainUpdater:2868 - connection check result : 10
2023-12-02 17:06:04,089 [INFO] MainUpdater:2868 - connection check result : 10
2023-12-02 17:06:04,157 [INFO] MicroXplorer:468 - Change Database Path : 
2023-12-02 17:06:04,157 [INFO] MicroXplorer:498 - Change Database Version : DB.6.0.91
2023-12-02 17:06:04,165 [WARN] ThirdParty:871 - waiting for thirdparty lock release [close project]
2023-12-02 17:06:04,165 [INFO] ThirdParty:873 - entering critical section [close project]
2023-12-02 17:06:04,169 [INFO] ThirdParty:883 - exiting critical section [close project]
2023-12-02 17:06:04,175 [INFO] PinOutPanel:1499 - setPackage(No Configuration,No Configuration)
2023-12-02 17:06:04,194 [INFO] UtilMem:75 - Begin LoadConfig() Used Memory: 662135648 Bytes (1073741824)
2023-12-02 17:06:04,253 [INFO] MicroXplorer:468 - Change Database Path : C:/Users/DELL/.stm32cubemx/databases/DB.6.0.50/db/
2023-12-02 17:06:04,254 [INFO] MicroXplorer:498 - Change Database Version : DB.6.0.50
2023-12-02 17:06:06,055 [INFO] MicroXplorer:468 - Change Database Path : 
2023-12-02 17:06:06,055 [INFO] MicroXplorer:498 - Change Database Version : DB.6.0.91
2023-12-02 17:06:06,056 [INFO] OpenFileManager:308 - Change cursor
2023-12-02 17:06:06,167 [INFO] Mcu:1946 - Initializing MCU STM32F401R(D-E)Tx STM32F401RETx STM32F401RET6
2023-12-02 17:06:09,989 [INFO] Context:659 - Trying to add GPIOservice into a context  which must be forbidden
2023-12-02 17:06:11,147 [INFO] Rule:228 - rule WakeUp0 Mode is applicable
2023-12-02 17:06:11,147 [INFO] Rule:228 - rule WakeUp0 SIGNAL is applicable
2023-12-02 17:06:11,148 [INFO] Rule:228 - rule WakeUp1 Mode is applicable
2023-12-02 17:06:11,148 [INFO] Rule:228 - rule WakeUp1 SIGNAL is applicable
2023-12-02 17:06:11,148 [INFO] Rule:228 - rule WakeUp2 Mode is applicable
2023-12-02 17:06:11,148 [INFO] Rule:228 - rule WakeUp2 SIGNAL is applicable
2023-12-02 17:06:11,148 [INFO] Rule:228 - rule WakeUp4 Mode is applicable
2023-12-02 17:06:11,149 [INFO] Rule:228 - rule WakeUp4 SIGNAL is applicable
2023-12-02 17:06:11,149 [INFO] Rule:228 - rule WakeUp5 Mode is applicable
2023-12-02 17:06:11,149 [INFO] Rule:228 - rule WakeUp5 SIGNAL is applicable
2023-12-02 17:06:11,149 [INFO] Rule:228 - rule Change Default Value for LSE Drive Capability for WB family is applicable
2023-12-02 17:06:11,154 [INFO] Rule:228 - rule change FDCAN default value is applicable
2023-12-02 17:06:11,155 [INFO] DbConfProperties:307 - Apply Compatibility (1/12 Rules)
2023-12-02 17:06:11,608 [INFO] RtosManager:555 - Registered RTOS mode: class=CMSIS, group=RTOS, mode=CMSIS_V1, owner=FREERTOS
2023-12-02 17:06:11,609 [INFO] RtosManager:555 - Registered RTOS mode: class=CMSIS, group=RTOS2, mode=CMSIS_V2, owner=FREERTOS
2023-12-02 17:06:11,609 [INFO] RtosManager:555 - Registered RTOS mode: class=RTOS, group=Core, mode=CMSIS_V1, owner=FREERTOS
2023-12-02 17:06:11,609 [INFO] RtosManager:555 - Registered RTOS mode: class=RTOS, group=Core, mode=CMSIS_V2, owner=FREERTOS
2023-12-02 17:06:11,609 [WARN] ModelIntegratedComponent:184 - Missing modes for component STMicroelectronics:FreeRTOS:0.0.1:STMicroelectronics:RTOS:FreeRTOS:Core:::10.2.0:
2023-12-02 17:06:11,614 [WARN] ModelIntegratedComponent:63 - No mode defined for component null
2023-12-02 17:06:11,614 [WARN] ModelIntegratedComponent:63 - No mode defined for component null
2023-12-02 17:06:11,615 [WARN] ModelIntegratedComponent:63 - No mode defined for component null
2023-12-02 17:06:11,615 [WARN] ModelIntegratedComponent:63 - No mode defined for component null
2023-12-02 17:06:11,615 [WARN] ModelIntegratedComponent:63 - No mode defined for component null
2023-12-02 17:06:11,615 [WARN] ModelIntegratedComponent:63 - No mode defined for component null
2023-12-02 17:06:11,615 [WARN] ModelIntegratedComponent:63 - No mode defined for component null
2023-12-02 17:06:11,616 [WARN] ModelIntegratedComponent:63 - No mode defined for component null
2023-12-02 17:06:11,616 [WARN] ModelIntegratedComponent:63 - No mode defined for component null
2023-12-02 17:06:11,616 [WARN] ModelIntegratedComponent:63 - No mode defined for component null
2023-12-02 17:06:11,616 [WARN] ModelIntegratedComponent:63 - No mode defined for component null
2023-12-02 17:06:11,616 [WARN] ModelIntegratedComponent:63 - No mode defined for component null
2023-12-02 17:06:11,617 [WARN] ModelIntegratedComponent:63 - No mode defined for component null
2023-12-02 17:06:11,617 [WARN] ModelIntegratedComponent:63 - No mode defined for component null
2023-12-02 17:06:11,617 [WARN] ModelIntegratedComponent:63 - No mode defined for component null
2023-12-02 17:06:11,617 [WARN] ModelIntegratedComponent:63 - No mode defined for component null
2023-12-02 17:06:11,617 [WARN] ModelIntegratedComponent:63 - No mode defined for component null
2023-12-02 17:06:11,617 [WARN] ModelIntegratedComponent:63 - No mode defined for component null
2023-12-02 17:06:11,618 [WARN] ModelIntegratedComponent:63 - No mode defined for component null
2023-12-02 17:06:11,618 [WARN] ModelIntegratedComponent:63 - No mode defined for component null
2023-12-02 17:06:11,618 [WARN] ModelIntegratedComponent:63 - No mode defined for component null
2023-12-02 17:06:11,618 [WARN] ModelIntegratedComponent:63 - No mode defined for component null
2023-12-02 17:06:11,619 [WARN] ModelIntegratedComponent:63 - No mode defined for component null
2023-12-02 17:06:11,619 [WARN] ModelIntegratedComponent:63 - No mode defined for component null
2023-12-02 17:06:11,619 [WARN] ModelIntegratedComponent:63 - No mode defined for component null
2023-12-02 17:06:11,620 [WARN] ModelIntegratedComponent:63 - No mode defined for component null
2023-12-02 17:06:11,620 [WARN] ModelIntegratedComponent:63 - No mode defined for component null
2023-12-02 17:06:11,621 [WARN] ModelIntegratedComponent:63 - No mode defined for component null
2023-12-02 17:06:11,621 [WARN] ModelIntegratedComponent:63 - No mode defined for component null
2023-12-02 17:06:11,621 [WARN] ModelIntegratedComponent:63 - No mode defined for component null
2023-12-02 17:06:11,621 [WARN] ModelIntegratedComponent:63 - No mode defined for component null
2023-12-02 17:06:11,621 [WARN] ModelIntegratedComponent:63 - No mode defined for component null
2023-12-02 17:06:11,622 [WARN] ModelIntegratedComponent:63 - No mode defined for component null
2023-12-02 17:06:11,636 [INFO] ThirdPartyModel:298 - Start build external matchings
2023-12-02 17:06:11,640 [INFO] ThirdPartyModel:316 - End build external matchings
2023-12-02 17:06:11,651 [INFO] ImportTextPane:194 - (OptionalMessage_ERROR) IP (RCC) : Parameter (RTCHSEDivFreq_Value) has invalid value (4000000)
2023-12-02 17:06:12,684 [INFO] UtilMem:75 - End LoadConfig() Used Memory: 832618512 Bytes (1073741824)
2023-12-02 17:06:13,007 [INFO] ApiDb:581 - Connected to CubeFinder SQLite database (C:\Users\DELL\.stmcufinder\plugins\mcufinder\mcu\cube-finder-db.db)
2023-12-02 17:06:13,128 [INFO] ApiDb:668 - CubeFinder database Data Model version=2.1
2023-12-02 17:06:13,128 [INFO] ApiDb:669 - CubeFinder database Configuration version=3.0.39
2023-12-02 17:06:13,129 [INFO] ApiDb:670 - CubeFinder database generation date=2023-11-06 (1699269565)
2023-12-02 17:06:13,130 [INFO] ApiDb:671 - CubeFinder database FW Pack versions=[FP-ATR-ASTRA1_V2.0.0, FP-SNS-FLIGHT1_V5.0.1, FP-SNS-FLIGHT1_V5.0.2, FP-SNS-MOTENV1_V4.3.1, FP-SNS-MOTENV1_V4.3.2, FP-SNS-MOTENVWB1_V1.3.0, FP-SNS-SMARTAG2_V1.2.0, STM32Cube_FW_C0_V1.1.0, STM32Cube_FW_F4_V1.28.0, STM32Cube_FW_F7_V1.17.0, STM32Cube_FW_G0_V1.6.1, STM32Cube_FW_G4_V1.5.1, STM32Cube_FW_H5_V0.5.1, STM32Cube_FW_H5_V1.1.1, STM32Cube_FW_H5_V1.2.0RC2, STM32Cube_FW_H7_V1.11.0, STM32Cube_FW_L0_V1.12.2, STM32Cube_FW_L5_V1.5.0, STM32Cube_FW_U5_V1.3.0RC4, STM32Cube_FW_U5_V1.4.0, STM32Cube_FW_WBA_V1.0.0RC1, STM32Cube_FW_WBA_V1.1.0RC1, STM32Cube_FW_WBA_V1.2.0, STM32Cube_FW_WBA_V1.2.0RC2, STM32Cube_FW_WB_V1.15.0RC1, STM32Cube_FW_WB_V1.16.0, STM32Cube_FW_WB_V1.16.0RC2, STM32Cube_FW_WB_V1.18.0, STM32Cube_FW_WL_V1.3.0, X-CUBE-ALGOBUILD_V1.3.0, X-CUBE-ALS_V1.0.1, X-CUBE-AZRTOS-F4_V1.1.0, X-CUBE-AZRTOS-F7_V1.1.0, X-CUBE-AZRTOS-G0_V1.1.0, X-CUBE-AZRTOS-G4_V2.0.0, X-CUBE-AZRTOS-H7_V3.1.0, X-CUBE-AZRTOS-L4_V1.0.0, X-CUBE-AZRTOS-L4_V2.0.0, X-CUBE-AZRTOS-L5_V1.1.0, X-CUBE-AZRTOS-WB_V2.0.0, X-CUBE-AZRTOS-WL_V2.0.0, X-CUBE-BLE1_V7.0.0, X-CUBE-BLE2_V3.3.0, X-CUBE-BLEMGR_V2.0.0, X-CUBE-EEPRMA1_V4.1.0, X-CUBE-EEPRMA1_V4.2.0, X-CUBE-FREERTOS_V1.1.0, X-CUBE-GNSS1_V6.0.0, X-CUBE-MEMS1_V10.0.0, X-CUBE-MEMS1_V9.1.0, X-CUBE-MEMS1_V9.4.0, X-CUBE-MEMS1_V9.6.0, X-CUBE-NFC4_V3.0.0, X-CUBE-NFC7_V1.0.1, X-CUBE-SFXS2LP1_V4.0.0, X-CUBE-SUBG2_V5.0.0, X-CUBE-TOF1_V3.3.1]
2023-12-02 17:06:16,659 [INFO] ApiDb:240 - Found 323 in-development CPN: [B-G473E-ZEST1S, B-WB1M-WPAN1, B-WL5M-SUBG1, NUCLEO-C031C6, NUCLEO-H503RB, NUCLEO-H563ZI, NUCLEO-U545RE-Q, NUCLEO-U5A5ZJ-Q, NUCLEO-WBA52CG, STEVAL-PROTEUS1, STEVAL-SMARTAG2, STEVAL-STWINBX1, STM320518-EVAL, STM32C0116-DK, STM32C011D6Y3TR, STM32C011D6Y6TR, STM32C011F4P3, STM32C011F4P6, STM32C011F4U3, STM32C011F4U6TR, STM32C011F6P3, STM32C011F6P6, STM32C011F6U3, STM32C011F6U6TR, STM32C011J4M3, STM32C011J4M6, STM32C011J6M3, STM32C011J6M6, STM32C0316-DK, STM32C031C4T3, STM32C031C4T6, STM32C031C4U3, STM32C031C4U6, STM32C031C6T3, STM32C031C6T6, STM32C031C6U3, STM32C031C6U6, STM32C031F4P3, STM32C031F4P6, STM32C031F6P3, STM32C031F6P6, STM32C031G4U3, STM32C031G4U6, STM32C031G6U3, STM32C031G6U6, STM32C031K4T3, STM32C031K4T6, STM32C031K4U3, STM32C031K4U6, STM32C031K6T3, STM32C031K6T6, STM32C031K6U3, STM32C031K6U6, STM32G071K8TXN, STM32G071K8UXN, STM32G081GBU6N, STM32G081KBT6N, STM32G081KBUXN, STM32G0B1CCT6N, STM32G0B1KCT6, STM32G0B1NEY6TR, STM32G0B1RCT6N, STM32G0C1CCT6, STM32G0C1CCT6N, STM32G0C1CCU6N, STM32G0C1CET6N, STM32G0C1CEU6N, STM32G0C1KCT6, STM32G0C1NEY6TR, STM32G0C1RCI6N, STM32G0C1RCT6N, STM32G0C1REI6N, STM32G0C1RET6N, STM32G0C1VCI6, STM32G0C1VEI6, STM32G471CCT6, STM32G471CCU6, STM32G471CET3, STM32G471CET6, STM32G471CEU3, STM32G471CEU6, STM32G471MCT6, STM32G471MET3, STM32G471MET6, STM32G471MEY6TR, STM32G471QCT6, STM32G471QET3, STM32G471RCT6, STM32G471RET3, STM32G471RET6, STM32G471VCH6, STM32G471VCI6, STM32G471VCT6, STM32G471VEH3, STM32G471VEH6, STM32G471VEI3, STM32G471VEI6, STM32G471VET3, STM32G471VET6, STM32G474CCT6, STM32H503CBT6, STM32H503CBU6, STM32H503EBY6TR, STM32H503KBU6, STM32H503RBT6, STM32H562AGI6, STM32H562AII6, STM32H562IGK6, STM32H562IGT6, STM32H562IIK6, STM32H562IIT6, STM32H562RGT6, STM32H562RGV6, STM32H562RIT6, STM32H562RIV6, STM32H562VGT6, STM32H562VIT6, STM32H562ZGT6, STM32H562ZIT6, STM32H563AGI6, STM32H563AII3Q, STM32H563AII6, STM32H563IGK6, STM32H563IGT6, STM32H563IIK3Q, STM32H563IIK6, STM32H563IIT3Q, STM32H563IIT6, STM32H563MIY3QTR, STM32H563RGT6, STM32H563RGV6, STM32H563RIT6, STM32H563RIV6, STM32H563VGT6, STM32H563VIT3Q, STM32H563VIT6, STM32H563ZGT6, STM32H563ZIT3Q, STM32H563ZIT6, STM32H573AII3Q, STM32H573AII6, STM32H573I-DK, STM32H573IIK3Q, STM32H573IIK6, STM32H573IIT3Q, STM32H573IIT6, STM32H573MIY3QTR, STM32H573RIT6, STM32H573RIV6, STM32H573VIT3Q, STM32H573VIT6, STM32H573ZIT3Q, STM32H573ZIT6, STM32L4R5QGI6STR, STM32MP131AAE3, STM32MP131AAF3, STM32MP131AAG3, STM32MP131CAE3, STM32MP131CAF3, STM32MP131CAG3, STM32MP131DAE7, STM32MP131DAF7, STM32MP131DAG7, STM32MP131FAE7, STM32MP131FAF7, STM32MP131FAG7, STM32MP133AAE3, STM32MP133AAF3, STM32MP133AAG3, STM32MP133CAE3, STM32MP133CAF3, STM32MP133CAG3, STM32MP133DAE7, STM32MP133DAF7, STM32MP133DAG7, STM32MP133FAE7, STM32MP133FAF7, STM32MP133FAG7, STM32MP135AAE3, STM32MP135AAF3, STM32MP135AAG3, STM32MP135CAE3, STM32MP135CAF3, STM32MP135CAG3, STM32MP135DAE7, STM32MP135DAF7, STM32MP135DAG7, STM32MP135F-DK, STM32MP135FAE7, STM32MP135FAF7, STM32MP135FAF7T, STM32MP135FAF7U, STM32MP135FAG7, STM32U535CBT6, STM32U535CBT6Q, STM32U535CBU6, STM32U535CBU6Q, STM32U535CCT6, STM32U535CCT6Q, STM32U535CCU6, STM32U535CCU6Q, STM32U535CET6, STM32U535CET6Q, STM32U535CEU6, STM32U535CEU6Q, STM32U535JEY6QTR, STM32U535NCY6QTR, STM32U535NEY6QTR, STM32U535RBI6, STM32U535RBI6Q, STM32U535RBT6, STM32U535RBT6Q, STM32U535RCI6, STM32U535RCI6Q, STM32U535RCT6, STM32U535RCT6Q, STM32U535REI6, STM32U535REI6Q, STM32U535RET6, STM32U535RET6Q, STM32U535VCI6, STM32U535VCI6Q, STM32U535VCT6, STM32U535VCT6Q, STM32U535VEI6, STM32U535VEI6Q, STM32U535VET6, STM32U535VET6Q, STM32U545CET6, STM32U545CET6Q, STM32U545CEU6, STM32U545CEU6Q, STM32U545JEY6QTR, STM32U545NEY6QTR, STM32U545REI6, STM32U545REI6Q, STM32U545RET6, STM32U545RET6Q, STM32U545VEI6, STM32U545VEI6Q, STM32U545VET6, STM32U545VET6Q, STM32U595AIH6, STM32U595AIH6Q, STM32U595AJH6, STM32U595AJH6Q, STM32U595QII6, STM32U595QII6Q, STM32U595QJI6, STM32U595QJI6Q, STM32U595RIT6, STM32U595RIT6Q, STM32U595RJT6, STM32U595RJT6Q, STM32U595VIT6, STM32U595VIT6Q, STM32U595VJT6, STM32U595VJT6Q, STM32U595ZIT6, STM32U595ZIT6Q, STM32U595ZIY6QTR, STM32U595ZJT6, STM32U595ZJT6Q, STM32U595ZJY6QTR, STM32U599BJY6QTR, STM32U599NIH6Q, STM32U599NJH6Q, STM32U599VIT6Q, STM32U599VJT6, STM32U599VJT6Q, STM32U599ZIT6Q, STM32U599ZIY6QTR, STM32U599ZJT6Q, STM32U599ZJY6QTR, STM32U5A5AJH6, STM32U5A5AJH6Q, STM32U5A5QJI6, STM32U5A5QJI6Q, STM32U5A5RJT6, STM32U5A5RJT6Q, STM32U5A5VJT6, STM32U5A5VJT6Q, STM32U5A5ZJT6, STM32U5A5ZJT6Q, STM32U5A5ZJY6QTR, STM32U5A9BJY6QTR, STM32U5A9J-DK, STM32U5A9NJH6Q, STM32U5A9VJT6Q, STM32U5A9ZJT6Q, STM32U5A9ZJY6QTR, STM32U5F7VIT6, STM32U5F7VIT6Q, STM32U5F7VJT6, STM32U5F7VJT6Q, STM32U5F9BJY6QTR, STM32U5F9NJH6Q, STM32U5F9VIT6Q, STM32U5F9VJT6Q, STM32U5F9ZIJ6QTR, STM32U5F9ZIT6Q, STM32U5F9ZJJ6QTR, STM32U5F9ZJT6Q, STM32U5G7VJT6, STM32U5G7VJT6Q, STM32U5G9BJY6QTR, STM32U5G9J-DK1, STM32U5G9J-DK2, STM32U5G9NJH6Q, STM32U5G9VJT6Q, STM32U5G9ZJJ6QTR, STM32U5G9ZJT6Q, STM32WB1MMCH6, STM32WBA52CEU6, STM32WBA52CEU6T, STM32WBA52CGU6, STM32WBA52CGU6T, STM32WBA52KEU6, STM32WBA52KEU6T, STM32WBA52KGU6, STM32WBA52KGU6T, STM32WL5MOCH6, STM32WL5MOCH6TR]
2023-12-02 17:06:16,663 [INFO] DbMcus:217 - Found 3882 MCUs, 3882 are supported
2023-12-02 17:06:16,664 [INFO] ApiDb:423 - Load user favorites file C:\Users\DELL/.stm32cubeide/favorites.mcus.txt: 2 item(s)
2023-12-02 17:06:16,664 [INFO] ApiDb:427 - User favorites MCUs=[STM32F401RET6, STM32WLE5CCU6]
2023-12-02 17:06:16,665 [INFO] DbMcus:223 - Set 2 / 2 favorites MCUs
2023-12-02 17:06:17,514 [WARN] ThirdParty:833 - waiting for thirdparty lock release [change project]
2023-12-02 17:06:17,514 [INFO] ThirdParty:835 - entering critical section [change project]
2023-12-02 17:06:17,514 [INFO] ThirdParty:1030 - CMSIS Pack Vendor :STMicroelectronics USBPD 4.1
2023-12-02 17:06:17,514 [INFO] ThirdParty:1030 - CMSIS Pack Vendor :STMicroelectronics ThreadX 1.0.0
2023-12-02 17:06:17,515 [INFO] ThirdParty:1030 - CMSIS Pack Vendor :STMicroelectronics USB_HOST 2.0.0
2023-12-02 17:06:17,515 [INFO] ThirdParty:1030 - CMSIS Pack Vendor :STMicroelectronics X-CUBE-AZRTOS-F4 1.1.0
2023-12-02 17:06:17,515 [INFO] ThirdParty:1030 - CMSIS Pack Vendor :STMicroelectronics LIBJPEG 8.0.0
2023-12-02 17:06:17,515 [INFO] ThirdParty:1030 - CMSIS Pack Vendor :STMicroelectronics FreeRTOS 0.0.1
2023-12-02 17:06:17,515 [INFO] ThirdParty:1030 - CMSIS Pack Vendor :STMicroelectronics USB_DEVICE 1.0.0
2023-12-02 17:06:17,515 [INFO] ThirdParty:1030 - CMSIS Pack Vendor :STMicroelectronics X-CUBE-AI 8.1.0
2023-12-02 17:06:17,515 [INFO] ThirdParty:1030 - CMSIS Pack Vendor :STMicroelectronics STM32_WPAN 1.0.0
2023-12-02 17:06:17,516 [INFO] ThirdParty:1030 - CMSIS Pack Vendor :STMicroelectronics USB_DEVICE 3.0.0
2023-12-02 17:06:17,516 [INFO] ThirdParty:1030 - CMSIS Pack Vendor :STMicroelectronics HAL Drivers 0.0.0
2023-12-02 17:06:17,516 [INFO] ThirdParty:1030 - CMSIS Pack Vendor :STMicroelectronics MBEDTLS 2.16.2
2023-12-02 17:06:17,516 [INFO] ThirdParty:1030 - CMSIS Pack Vendor :STMicroelectronics ThreadX 0.0.2
2023-12-02 17:06:17,516 [INFO] ThirdParty:1030 - CMSIS Pack Vendor :STMicroelectronics lwIP 2.0.3
2023-12-02 17:06:17,516 [INFO] ThirdParty:1030 - CMSIS Pack Vendor :STMicroelectronics lwIP 2.1.2
2023-12-02 17:06:17,517 [INFO] ThirdParty:1030 - CMSIS Pack Vendor :STMicroelectronics X-CUBE-TOUCHGFX 4.22.0
2023-12-02 17:06:17,517 [INFO] ThirdParty:1030 - CMSIS Pack Vendor :STMicroelectronics MBEDTLS 2.14.1
2023-12-02 17:06:17,517 [INFO] ThirdParty:1030 - CMSIS Pack Vendor :STMicroelectronics USB_HOST 1.0.0
2023-12-02 17:06:17,517 [INFO] ThirdParty:1030 - CMSIS Pack Vendor :STMicroelectronics PDM2PCM 3.1.0
2023-12-02 17:06:17,517 [INFO] ThirdParty:1030 - CMSIS Pack Vendor :STMicroelectronics PDM2PCM 3.2.0
2023-12-02 17:06:17,517 [INFO] ThirdParty:1030 - CMSIS Pack Vendor :STMicroelectronics USB_DEVICE 2.0.0
2023-12-02 17:06:17,517 [INFO] ThirdParty:1030 - CMSIS Pack Vendor :STMicroelectronics PDM2PCM 3.3.0
2023-12-02 17:06:17,517 [INFO] ThirdParty:841 - exiting critical section [change project]
2023-12-02 17:06:18,551 [INFO] PinOutPanel:1499 - setPackage(No Configuration,No Configuration)
2023-12-02 17:06:18,554 [INFO] PinOutPanel:1499 - setPackage(STM32F401RETx,LQFP64)
2023-12-02 17:06:20,899 [INFO] UtilMem:75 - Before build in PCC Used Memory: 769473536 Bytes (1073741824)
2023-12-02 17:06:23,336 [INFO] UtilMem:75 - After build in PCC Used Memory: 863542032 Bytes (1073741824)
2023-12-02 17:06:23,447 [INFO] IPUIPlugin:80 - create IPUIPlugin
2023-12-02 17:06:23,447 [INFO] IPUIPlugin:80 - create IPUIPlugin
2023-12-02 17:06:23,448 [INFO] IPUIPlugin:80 - create IPUIPlugin
2023-12-02 17:06:23,448 [INFO] IPUIPlugin:80 - create IPUIPlugin
2023-12-02 17:06:23,448 [INFO] IPUIPlugin:80 - create IPUIPlugin
2023-12-02 17:06:23,449 [INFO] IPUIPlugin:80 - create IPUIPlugin
2023-12-02 17:06:23,449 [INFO] IPUIPlugin:80 - create IPUIPlugin
2023-12-02 17:06:23,449 [INFO] IPUIPlugin:80 - create IPUIPlugin
2023-12-02 17:06:23,450 [INFO] IPUIPlugin:80 - create IPUIPlugin
2023-12-02 17:06:23,450 [INFO] IPUIPlugin:80 - create IPUIPlugin
2023-12-02 17:06:23,450 [INFO] IPUIPlugin:80 - create IPUIPlugin
2023-12-02 17:06:23,451 [INFO] IPUIPlugin:80 - create IPUIPlugin
2023-12-02 17:06:23,452 [INFO] IPUIPlugin:80 - create IPUIPlugin
2023-12-02 17:06:23,452 [INFO] IPUIPlugin:80 - create IPUIPlugin
2023-12-02 17:06:23,452 [INFO] IPUIPlugin:80 - create IPUIPlugin
2023-12-02 17:06:23,454 [INFO] IPUIPlugin:80 - create IPUIPlugin
2023-12-02 17:06:23,454 [INFO] IPUIPlugin:80 - create IPUIPlugin
2023-12-02 17:06:23,455 [INFO] IPUIPlugin:80 - create IPUIPlugin
2023-12-02 17:06:23,455 [INFO] IPUIPlugin:80 - create IPUIPlugin
2023-12-02 17:06:23,456 [INFO] IPUIPlugin:80 - create IPUIPlugin
2023-12-02 17:06:23,456 [INFO] IPUIPlugin:80 - create IPUIPlugin
2023-12-02 17:06:23,456 [INFO] IPUIPlugin:80 - create IPUIPlugin
2023-12-02 17:06:23,457 [INFO] IPUIPlugin:80 - create IPUIPlugin
2023-12-02 17:06:23,457 [INFO] IPUIPlugin:80 - create IPUIPlugin
2023-12-02 17:06:23,458 [INFO] IPUIPlugin:80 - create IPUIPlugin
2023-12-02 17:06:23,458 [INFO] IPUIPlugin:80 - create IPUIPlugin
2023-12-02 17:06:23,459 [INFO] IPUIPlugin:80 - create IPUIPlugin
2023-12-02 17:06:23,459 [INFO] IPUIPlugin:80 - create IPUIPlugin
2023-12-02 17:06:23,460 [INFO] IPUIPlugin:80 - create IPUIPlugin
2023-12-02 17:06:23,460 [INFO] IPUIPlugin:80 - create IPUIPlugin
2023-12-02 17:06:23,461 [INFO] IPUIPlugin:80 - create IPUIPlugin
2023-12-02 17:06:23,462 [INFO] IPUIPlugin:80 - create IPUIPlugin
2023-12-02 17:06:23,463 [INFO] IPUIPlugin:80 - create IPUIPlugin
2023-12-02 17:06:23,464 [INFO] IPUIPlugin:80 - create IPUIPlugin
2023-12-02 17:06:23,464 [INFO] IPUIPlugin:80 - create IPUIPlugin
2023-12-02 17:06:23,465 [INFO] IPUIPlugin:80 - create IPUIPlugin
2023-12-02 17:06:23,466 [INFO] IPUIPlugin:80 - create IPUIPlugin
2023-12-02 17:06:23,476 [INFO] IPUIPlugin:80 - create IPUIPlugin
2023-12-02 17:06:23,858 [INFO] ApiDbMcu:507 - Load IP Config File for PDM2PCM
2023-12-02 17:06:24,697 [INFO] CADModel:165 - CPN selected for project levelSTM32F401RET6
2023-12-02 17:06:24,698 [INFO] CADModel:114 - Register for checkConnection events
2023-12-02 17:06:24,783 [INFO] OpenFileManager:328 - Restore cursor
2023-12-02 17:06:34,563 [INFO] UtilMem:75 - End SaveConfig() Used Memory: 614989200 Bytes (1073741824)
2023-12-02 17:06:36,970 [ERROR] AdobePublisher:162 - Exception while opening the connection: java.net.UnknownHostException: stmicroelectronics.d3.sc.omtrdc.net
2023-12-02 17:06:36,971 [ERROR] AdobePublisher:162 - Exception while opening the connection: java.net.UnknownHostException: stmicroelectronics.d3.sc.omtrdc.net
2023-12-02 17:06:36,971 [ERROR] AdobePublisher:162 - Exception while opening the connection: java.net.UnknownHostException: stmicroelectronics.d3.sc.omtrdc.net
2023-12-02 17:06:36,972 [ERROR] AdobePublisher:162 - Exception while opening the connection: java.net.UnknownHostException: stmicroelectronics.d3.sc.omtrdc.net
2023-12-02 17:06:36,972 [ERROR] AdobePublisher:162 - Exception while opening the connection: java.net.UnknownHostException: stmicroelectronics.d3.sc.omtrdc.net
2023-12-02 17:06:38,281 [ERROR] AdobePublisher:162 - Exception while opening the connection: java.net.UnknownHostException: stmicroelectronics.d3.sc.omtrdc.net
2023-12-02 17:06:38,281 [ERROR] AdobePublisher:162 - Exception while opening the connection: java.net.UnknownHostException: stmicroelectronics.d3.sc.omtrdc.net
2023-12-02 17:06:38,283 [ERROR] AdobePublisher:162 - Exception while opening the connection: java.net.UnknownHostException: stmicroelectronics.d3.sc.omtrdc.net
2023-12-02 17:06:38,293 [ERROR] AdobePublisher:162 - Exception while opening the connection: java.net.UnknownHostException: stmicroelectronics.d3.sc.omtrdc.net
2023-12-02 17:06:38,296 [ERROR] AdobePublisher:162 - Exception while opening the connection: java.net.UnknownHostException: stmicroelectronics.d3.sc.omtrdc.net
2023-12-02 17:06:38,297 [ERROR] AdobePublisher:162 - Exception while opening the connection: java.net.UnknownHostException: stmicroelectronics.d3.sc.omtrdc.net
2023-12-02 17:06:38,298 [ERROR] AdobePublisher:162 - Exception while opening the connection: java.net.UnknownHostException: stmicroelectronics.d3.sc.omtrdc.net
2023-12-02 17:06:38,299 [ERROR] AdobePublisher:162 - Exception while opening the connection: java.net.UnknownHostException: stmicroelectronics.d3.sc.omtrdc.net
2023-12-02 17:06:38,299 [ERROR] AdobePublisher:162 - Exception while opening the connection: java.net.UnknownHostException: stmicroelectronics.d3.sc.omtrdc.net
2023-12-02 17:06:38,300 [ERROR] AdobePublisher:162 - Exception while opening the connection: java.net.UnknownHostException: stmicroelectronics.d3.sc.omtrdc.net
2023-12-02 17:07:28,945 [INFO] UtilMem:75 - End SaveConfig() Used Memory: 795886296 Bytes (1073741824)
2023-12-02 17:07:30,505 [INFO] UtilMem:75 - End SaveConfig() Used Memory: 833548328 Bytes (1073741824)
2023-12-02 17:07:31,047 [INFO] UtilMem:75 - End SaveConfig() Used Memory: 862000128 Bytes (1073741824)
2023-12-02 17:07:32,458 [INFO] BlockDiagram:2759 - set Specific Code input for plugin: NVIC
2023-12-02 17:07:32,458 [INFO] BlockDiagram:2759 - set Specific Code input for plugin: USART
2023-12-02 17:07:32,458 [INFO] BlockDiagram:2759 - set Specific Code input for plugin: SYS
2023-12-02 17:07:32,459 [INFO] BlockDiagram:2759 - set Specific Code input for plugin: GPIO
2023-12-02 17:07:32,459 [INFO] BlockDiagram:2759 - set Specific Code input for plugin: RCC
2023-12-02 17:07:32,461 [INFO] CodeGenerator:799 - code generatio: config db path: C:\ST\STM32CubeIDE_1.13.1\STM32CubeIDE\plugins\com.st.stm32cube.common.mx_6.9.1.202307191849\\db\
2023-12-02 17:07:33,723 [INFO] CodeEngine:255 - oldGeneratedFile, C:\Users\DELL\Documents\GitHub\EspecializacionSTM32\Ejemplo30_QueueValor\MXTmpFiles\license.tmp_save
2023-12-02 17:07:35,126 [INFO] CodeEngine:279 - Generated code: C:\Users\DELL\Documents\GitHub\EspecializacionSTM32\Ejemplo30_QueueValor\MXTmpFiles\license.tmp
2023-12-02 17:07:35,556 [INFO] CodeEngine:255 - oldGeneratedFile, C:\Users\DELL\Documents\GitHub\EspecializacionSTM32\Ejemplo30_QueueValor\Core\Src\gpio.c_save
2023-12-02 17:07:36,490 [INFO] CodeEngine:279 - Generated code: C:\Users\DELL\Documents\GitHub\EspecializacionSTM32\Ejemplo30_QueueValor\Core\Src\gpio.c
2023-12-02 17:07:36,594 [INFO] CodeEngine:255 - oldGeneratedFile, C:\Users\DELL\Documents\GitHub\EspecializacionSTM32\Ejemplo30_QueueValor\Core\Inc\gpio.h_save
2023-12-02 17:07:37,054 [INFO] CodeEngine:279 - Generated code: C:\Users\DELL\Documents\GitHub\EspecializacionSTM32\Ejemplo30_QueueValor\Core\Inc\gpio.h
2023-12-02 17:07:37,675 [INFO] CodeEngine:255 - oldGeneratedFile, C:\Users\DELL\Documents\GitHub\EspecializacionSTM32\Ejemplo30_QueueValor\Core\Src\usart.c_save
2023-12-02 17:07:38,591 [INFO] CodeEngine:279 - Generated code: C:\Users\DELL\Documents\GitHub\EspecializacionSTM32\Ejemplo30_QueueValor\Core\Src\usart.c
2023-12-02 17:07:38,693 [INFO] CodeEngine:255 - oldGeneratedFile, C:\Users\DELL\Documents\GitHub\EspecializacionSTM32\Ejemplo30_QueueValor\Core\Inc\usart.h_save
2023-12-02 17:07:39,116 [INFO] CodeEngine:279 - Generated code: C:\Users\DELL\Documents\GitHub\EspecializacionSTM32\Ejemplo30_QueueValor\Core\Inc\usart.h
2023-12-02 17:07:39,407 [INFO] CodeEngine:255 - oldGeneratedFile, C:\Users\DELL\Documents\GitHub\EspecializacionSTM32\Ejemplo30_QueueValor\Core\Src\stm32f4xx_it.c_save
2023-12-02 17:07:40,175 [INFO] CodeEngine:279 - Generated code: C:\Users\DELL\Documents\GitHub\EspecializacionSTM32\Ejemplo30_QueueValor\Core\Src\stm32f4xx_it.c
2023-12-02 17:07:40,221 [INFO] CodeEngine:255 - oldGeneratedFile, C:\Users\DELL\Documents\GitHub\EspecializacionSTM32\Ejemplo30_QueueValor\Core\Inc\stm32f4xx_it.h_save
2023-12-02 17:07:40,417 [INFO] CodeEngine:279 - Generated code: C:\Users\DELL\Documents\GitHub\EspecializacionSTM32\Ejemplo30_QueueValor\Core\Inc\stm32f4xx_it.h
2023-12-02 17:07:40,498 [INFO] CodeEngine:255 - oldGeneratedFile, C:\Users\DELL\Documents\GitHub\EspecializacionSTM32\Ejemplo30_QueueValor\Core\Src\stm32f4xx_hal_msp.c_save
2023-12-02 17:07:41,265 [INFO] CodeEngine:279 - Generated code: C:\Users\DELL\Documents\GitHub\EspecializacionSTM32\Ejemplo30_QueueValor\Core\Src\stm32f4xx_hal_msp.c
2023-12-02 17:07:41,347 [INFO] CodeEngine:255 - oldGeneratedFile, C:\Users\DELL\Documents\GitHub\EspecializacionSTM32\Ejemplo30_QueueValor\MXTmpFiles\system.tmp_save
2023-12-02 17:07:41,493 [INFO] CodeEngine:279 - Generated code: C:\Users\DELL\Documents\GitHub\EspecializacionSTM32\Ejemplo30_QueueValor\MXTmpFiles\system.tmp
2023-12-02 17:07:41,526 [INFO] CodeEngine:255 - oldGeneratedFile, C:\Users\DELL\Documents\GitHub\EspecializacionSTM32\Ejemplo30_QueueValor\Core\Src\stm32f4xx_hal_timebase_tim.c_save
2023-12-02 17:07:41,722 [INFO] CodeEngine:279 - Generated code: C:\Users\DELL\Documents\GitHub\EspecializacionSTM32\Ejemplo30_QueueValor\Core\Src\stm32f4xx_hal_timebase_tim.c
2023-12-02 17:07:42,185 [INFO] CodeEngine:311 - oldGeneratedFile, C:\Users\DELL\Documents\GitHub\EspecializacionSTM32\Ejemplo30_QueueValor\Core\Inc\stm32f4xx_hal_conf.h_save
2023-12-02 17:07:42,637 [INFO] CodeEngine:335 - Generated code: C:\Users\DELL\Documents\GitHub\EspecializacionSTM32\Ejemplo30_QueueValor\Core\Inc\stm32f4xx_hal_conf.h
2023-12-02 17:07:42,974 [INFO] CodeEngine:255 - oldGeneratedFile, C:\Users\DELL\Documents\GitHub\EspecializacionSTM32\Ejemplo30_QueueValor\Core\Inc\main.h_save
2023-12-02 17:07:43,332 [INFO] CodeEngine:279 - Generated code: C:\Users\DELL\Documents\GitHub\EspecializacionSTM32\Ejemplo30_QueueValor\Core\Inc\main.h
2023-12-02 17:07:43,433 [INFO] CodeEngine:255 - oldGeneratedFile, C:\Users\DELL\Documents\GitHub\EspecializacionSTM32\Ejemplo30_QueueValor\Core\Src\main.c_save
2023-12-02 17:07:44,126 [INFO] CodeEngine:279 - Generated code: C:\Users\DELL\Documents\GitHub\EspecializacionSTM32\Ejemplo30_QueueValor\Core\Src\main.c
2023-12-02 17:07:46,446 [INFO] ProjectBuilder:3064 - Time for Copy HAL[1] : 559mS.
2023-12-02 17:07:46,465 [INFO] ProjectBuilder:4404 - Project Generator version: 4.1.0
2023-12-02 17:07:47,536 [INFO] ConfigFileManager:1457 - The Die is : DIE433
2023-12-02 17:07:47,735 [INFO] ApiDbMcu:507 - Load IP Config File for FATFS
2023-12-02 17:07:47,764 [INFO] ApiDbMcu:507 - Load IP Config File for FREERTOS
2023-12-02 17:07:47,787 [INFO] ApiDbMcu:507 - Load IP Config File for LIBJPEG
2023-12-02 17:07:47,823 [INFO] ApiDbMcu:507 - Load IP Config File for MBEDTLS
2023-12-02 17:07:47,858 [INFO] ApiDbMcu:507 - Load IP Config File for USB_DEVICE
2023-12-02 17:07:47,883 [INFO] ApiDbMcu:507 - Load IP Config File for USB_HOST
2023-12-02 17:07:51,175 [INFO] LogOutputStream:77 - [STDOUT_REDIRECT] 
2023-12-02 17:07:58,632 [INFO] ProjectBuilder:4626 - Time for Generating toolchain IDE Files: 12167mS.
2023-12-02 17:07:58,636 [INFO] ProjectBuilder:2935 - Time for Copy CMSIS : 0mS.
2023-12-02 17:07:58,646 [INFO] ProjectBuilder:2935 - Time for Copy CMSIS : 1mS.
2023-12-02 17:09:31,556 [ERROR] AdobePublisher:162 - Exception while opening the connection: java.net.UnknownHostException: stmicroelectronics.d3.sc.omtrdc.net
2023-12-02 17:09:31,557 [ERROR] AdobePublisher:162 - Exception while opening the connection: java.net.UnknownHostException: stmicroelectronics.d3.sc.omtrdc.net
2023-12-02 17:09:31,557 [ERROR] AdobePublisher:162 - Exception while opening the connection: java.net.UnknownHostException: stmicroelectronics.d3.sc.omtrdc.net
2023-12-02 17:09:31,558 [ERROR] AdobePublisher:162 - Exception while opening the connection: java.net.UnknownHostException: stmicroelectronics.d3.sc.omtrdc.net
2023-12-02 17:09:31,559 [ERROR] AdobePublisher:162 - Exception while opening the connection: java.net.UnknownHostException: stmicroelectronics.d3.sc.omtrdc.net
2023-12-02 17:28:22,856 [ERROR] AdobePublisher:162 - Exception while opening the connection: java.net.UnknownHostException: stmicroelectronics.d3.sc.omtrdc.net
2023-12-02 17:28:22,857 [ERROR] AdobePublisher:162 - Exception while opening the connection: java.net.UnknownHostException: stmicroelectronics.d3.sc.omtrdc.net
2023-12-02 17:28:22,857 [ERROR] AdobePublisher:162 - Exception while opening the connection: java.net.UnknownHostException: stmicroelectronics.d3.sc.omtrdc.net
2023-12-02 17:28:22,858 [ERROR] AdobePublisher:162 - Exception while opening the connection: java.net.UnknownHostException: stmicroelectronics.d3.sc.omtrdc.net
2023-12-02 17:28:22,859 [ERROR] AdobePublisher:162 - Exception while opening the connection: java.net.UnknownHostException: stmicroelectronics.d3.sc.omtrdc.net
2023-12-02 17:28:30,077 [ERROR] AdobePublisher:162 - Exception while opening the connection: java.net.UnknownHostException: stmicroelectronics.d3.sc.omtrdc.net
2023-12-02 17:28:30,078 [ERROR] AdobePublisher:162 - Exception while opening the connection: java.net.UnknownHostException: stmicroelectronics.d3.sc.omtrdc.net
2023-12-02 17:28:30,079 [ERROR] AdobePublisher:162 - Exception while opening the connection: java.net.UnknownHostException: stmicroelectronics.d3.sc.omtrdc.net
2023-12-02 17:28:30,080 [ERROR] AdobePublisher:162 - Exception while opening the connection: java.net.UnknownHostException: stmicroelectronics.d3.sc.omtrdc.net
2023-12-02 17:28:30,081 [ERROR] AdobePublisher:162 - Exception while opening the connection: java.net.UnknownHostException: stmicroelectronics.d3.sc.omtrdc.net
2023-12-02 17:53:53,620 [ERROR] AdobePublisher:162 - Exception while opening the connection: java.net.UnknownHostException: stmicroelectronics.d3.sc.omtrdc.net
2023-12-02 17:53:53,621 [ERROR] AdobePublisher:162 - Exception while opening the connection: java.net.UnknownHostException: stmicroelectronics.d3.sc.omtrdc.net
2023-12-02 17:53:53,622 [ERROR] AdobePublisher:162 - Exception while opening the connection: java.net.UnknownHostException: stmicroelectronics.d3.sc.omtrdc.net
2023-12-02 17:53:53,622 [ERROR] AdobePublisher:162 - Exception while opening the connection: java.net.UnknownHostException: stmicroelectronics.d3.sc.omtrdc.net
2023-12-02 17:53:53,623 [ERROR] AdobePublisher:162 - Exception while opening the connection: java.net.UnknownHostException: stmicroelectronics.d3.sc.omtrdc.net
2023-12-02 17:53:53,939 [ERROR] AdobePublisher:162 - Exception while opening the connection: java.net.UnknownHostException: stmicroelectronics.d3.sc.omtrdc.net
2023-12-02 17:53:53,939 [ERROR] AdobePublisher:162 - Exception while opening the connection: java.net.UnknownHostException: stmicroelectronics.d3.sc.omtrdc.net
2023-12-02 17:53:53,940 [ERROR] AdobePublisher:162 - Exception while opening the connection: java.net.UnknownHostException: stmicroelectronics.d3.sc.omtrdc.net
2023-12-02 17:53:53,941 [ERROR] AdobePublisher:162 - Exception while opening the connection: java.net.UnknownHostException: stmicroelectronics.d3.sc.omtrdc.net
2023-12-02 17:53:53,941 [ERROR] AdobePublisher:162 - Exception while opening the connection: java.net.UnknownHostException: stmicroelectronics.d3.sc.omtrdc.net
2023-12-02 17:54:08,732 [ERROR] AdobePublisher:162 - Exception while opening the connection: java.net.UnknownHostException: stmicroelectronics.d3.sc.omtrdc.net
2023-12-02 17:54:08,732 [ERROR] AdobePublisher:162 - Exception while opening the connection: java.net.UnknownHostException: stmicroelectronics.d3.sc.omtrdc.net
2023-12-02 17:54:08,733 [ERROR] AdobePublisher:162 - Exception while opening the connection: java.net.UnknownHostException: stmicroelectronics.d3.sc.omtrdc.net
2023-12-02 17:54:08,733 [ERROR] AdobePublisher:162 - Exception while opening the connection: java.net.UnknownHostException: stmicroelectronics.d3.sc.omtrdc.net
2023-12-02 17:54:08,734 [ERROR] AdobePublisher:162 - Exception while opening the connection: java.net.UnknownHostException: stmicroelectronics.d3.sc.omtrdc.net
2023-12-02 17:55:22,679 [ERROR] AdobePublisher:162 - Exception while opening the connection: java.net.UnknownHostException: stmicroelectronics.d3.sc.omtrdc.net
2023-12-02 17:55:22,680 [ERROR] AdobePublisher:162 - Exception while opening the connection: java.net.UnknownHostException: stmicroelectronics.d3.sc.omtrdc.net
2023-12-02 17:55:22,681 [ERROR] AdobePublisher:162 - Exception while opening the connection: java.net.UnknownHostException: stmicroelectronics.d3.sc.omtrdc.net
2023-12-02 17:55:22,681 [ERROR] AdobePublisher:162 - Exception while opening the connection: java.net.UnknownHostException: stmicroelectronics.d3.sc.omtrdc.net
2023-12-02 17:55:22,681 [ERROR] AdobePublisher:162 - Exception while opening the connection: java.net.UnknownHostException: stmicroelectronics.d3.sc.omtrdc.net
2023-12-02 17:55:23,190 [ERROR] AdobePublisher:162 - Exception while opening the connection: java.net.UnknownHostException: stmicroelectronics.d3.sc.omtrdc.net
2023-12-02 17:55:23,191 [ERROR] AdobePublisher:162 - Exception while opening the connection: java.net.UnknownHostException: stmicroelectronics.d3.sc.omtrdc.net
2023-12-02 17:55:23,191 [ERROR] AdobePublisher:162 - Exception while opening the connection: java.net.UnknownHostException: stmicroelectronics.d3.sc.omtrdc.net
2023-12-02 17:55:23,192 [ERROR] AdobePublisher:162 - Exception while opening the connection: java.net.UnknownHostException: stmicroelectronics.d3.sc.omtrdc.net
2023-12-02 17:55:23,192 [ERROR] AdobePublisher:162 - Exception while opening the connection: java.net.UnknownHostException: stmicroelectronics.d3.sc.omtrdc.net
2023-12-02 17:55:23,554 [ERROR] AdobePublisher:162 - Exception while opening the connection: java.net.UnknownHostException: stmicroelectronics.d3.sc.omtrdc.net
2023-12-02 17:55:23,555 [ERROR] AdobePublisher:162 - Exception while opening the connection: java.net.UnknownHostException: stmicroelectronics.d3.sc.omtrdc.net
2023-12-02 17:55:23,555 [ERROR] AdobePublisher:162 - Exception while opening the connection: java.net.UnknownHostException: stmicroelectronics.d3.sc.omtrdc.net
2023-12-02 17:55:23,556 [ERROR] AdobePublisher:162 - Exception while opening the connection: java.net.UnknownHostException: stmicroelectronics.d3.sc.omtrdc.net
2023-12-02 17:55:23,557 [ERROR] AdobePublisher:162 - Exception while opening the connection: java.net.UnknownHostException: stmicroelectronics.d3.sc.omtrdc.net
2023-12-02 17:59:10,011 [ERROR] AdobePublisher:162 - Exception while opening the connection: java.net.UnknownHostException: stmicroelectronics.d3.sc.omtrdc.net
2023-12-02 17:59:10,012 [ERROR] AdobePublisher:162 - Exception while opening the connection: java.net.UnknownHostException: stmicroelectronics.d3.sc.omtrdc.net
2023-12-02 17:59:10,012 [ERROR] AdobePublisher:162 - Exception while opening the connection: java.net.UnknownHostException: stmicroelectronics.d3.sc.omtrdc.net
2023-12-02 17:59:10,012 [ERROR] AdobePublisher:162 - Exception while opening the connection: java.net.UnknownHostException: stmicroelectronics.d3.sc.omtrdc.net
2023-12-02 17:59:10,013 [ERROR] AdobePublisher:162 - Exception while opening the connection: java.net.UnknownHostException: stmicroelectronics.d3.sc.omtrdc.net
2023-12-02 18:05:19,623 [ERROR] AdobePublisher:162 - Exception while opening the connection: java.net.UnknownHostException: stmicroelectronics.d3.sc.omtrdc.net
2023-12-02 18:05:19,624 [ERROR] AdobePublisher:162 - Exception while opening the connection: java.net.UnknownHostException: stmicroelectronics.d3.sc.omtrdc.net
2023-12-02 18:05:19,624 [ERROR] AdobePublisher:162 - Exception while opening the connection: java.net.UnknownHostException: stmicroelectronics.d3.sc.omtrdc.net
2023-12-02 18:05:19,625 [ERROR] AdobePublisher:162 - Exception while opening the connection: java.net.UnknownHostException: stmicroelectronics.d3.sc.omtrdc.net
2023-12-02 18:05:19,625 [ERROR] AdobePublisher:162 - Exception while opening the connection: java.net.UnknownHostException: stmicroelectronics.d3.sc.omtrdc.net
