2023-11-25 04:26:44,705 [INFO] Activator:176 - 


2023-11-25 04:26:44,718 [INFO] Activator:177 - !SESSION log4j initialized
2023-11-25 04:26:56,190 [INFO] LogOutputStream:77 - [STDOUT_REDIRECT] 
2023-11-25 04:27:05,268 [INFO] ApplicationProperties:184 - Using Application install path: C:\ST\STM32CubeIDE_1.13.1\STM32CubeIDE\plugins\com.st.stm32cube.common.mx_6.9.1.202307191849
2023-11-25 04:27:05,298 [INFO] DbMcusXml:78 - Set database path to: C:\ST\STM32CubeIDE_1.13.1\STM32CubeIDE\plugins\com.st.stm32cube.common.mx_6.9.1.202307191849\\db\/mcu/
2023-11-25 04:27:05,300 [INFO] ApiDb:274 - Set plugin database path to: C:\ST\STM32CubeIDE_1.13.1\STM32CubeIDE\plugins\com.st.stm32cube.common.mx_6.9.1.202307191849\\db\/plugins/boardmanager/
2023-11-25 04:27:05,301 [WARN] ApiDb:259 - Overriding images path with different value:  => C:\ST\STM32CubeIDE_1.13.1\STM32CubeIDE\plugins\com.st.stm32cube.common.mx_6.9.1.202307191849\\db\/plugins/mcufinder/images/
2023-11-25 04:27:05,320 [INFO] ApiDb:250 - Set database path to: C:\Users\DELL\.stmcufinder\plugins\mcufinder//mcu/
2023-11-25 04:27:05,322 [INFO] DbMcusAds:125 - Set database path to: C:\Users\DELL\.stmcufinder\plugins\mcufinder//mcu/
2023-11-25 04:27:05,326 [INFO] CrossReferenceDbSqlite:203 - Set database path to: C:\Users\DELL\.stmcufinder\plugins\mcufinder//mcu/cs/
2023-11-25 04:27:05,595 [INFO] RulesReader:64 - Compatibility file has been processed (293 Rules)
2023-11-25 04:27:05,754 [INFO] DbMcusXml:78 - Set database path to: C:\ST\STM32CubeIDE_1.13.1\STM32CubeIDE\plugins\com.st.stm32cube.common.mx_6.9.1.202307191849\\db\/mcu/
2023-11-25 04:27:05,754 [INFO] ApiDb:274 - Set plugin database path to: C:\ST\STM32CubeIDE_1.13.1\STM32CubeIDE\plugins\com.st.stm32cube.common.mx_6.9.1.202307191849\\db\/plugins/boardmanager/
2023-11-25 04:27:05,754 [INFO] ApiDb:261 - Set plugin images path to: C:\ST\STM32CubeIDE_1.13.1\STM32CubeIDE\plugins\com.st.stm32cube.common.mx_6.9.1.202307191849\\db\/plugins/mcufinder/images/
2023-11-25 04:27:05,755 [WARN] DbFile:41 - Overriding database path with different value: C:\Users\DELL\.stmcufinder\plugins\mcufinder/ => C:\Users\DELL\.stmcufinder\plugins\mcufinder
2023-11-25 04:27:05,755 [INFO] ApiDb:250 - Set database path to: C:\Users\DELL\.stmcufinder\plugins\mcufinder//mcu/
2023-11-25 04:27:05,756 [WARN] DbFile:41 - Overriding database path with different value: C:\Users\DELL\.stmcufinder\plugins\mcufinder/ => C:\Users\DELL\.stmcufinder\plugins\mcufinder
2023-11-25 04:27:05,756 [INFO] DbMcusAds:125 - Set database path to: C:\Users\DELL\.stmcufinder\plugins\mcufinder//mcu/
2023-11-25 04:27:05,756 [WARN] DbFile:41 - Overriding database path with different value: C:\Users\DELL\.stmcufinder\plugins\mcufinder/ => C:\Users\DELL\.stmcufinder\plugins\mcufinder
2023-11-25 04:27:05,757 [WARN] DbFile:41 - Overriding database path with different value: C:\Users\DELL\.stmcufinder\plugins\mcufinder/ => C:\Users\DELL\.stmcufinder\plugins\mcufinder
2023-11-25 04:27:05,757 [INFO] CrossReferenceDbSqlite:203 - Set database path to: C:\Users\DELL\.stmcufinder\plugins\mcufinder//mcu/cs/
2023-11-25 04:27:05,904 [INFO] MainPanel:262 - HeapMemory: 268435456
2023-11-25 04:27:06,051 [INFO] DbMcusXml:78 - Set database path to: C:\ST\STM32CubeIDE_1.13.1\STM32CubeIDE\plugins\com.st.stm32cube.common.mx_6.9.1.202307191849\\db\/mcu/
2023-11-25 04:27:06,052 [INFO] ApiDb:274 - Set plugin database path to: C:\ST\STM32CubeIDE_1.13.1\STM32CubeIDE\plugins\com.st.stm32cube.common.mx_6.9.1.202307191849\\db\/plugins/boardmanager/
2023-11-25 04:27:06,052 [INFO] ApiDb:261 - Set plugin images path to: C:\ST\STM32CubeIDE_1.13.1\STM32CubeIDE\plugins\com.st.stm32cube.common.mx_6.9.1.202307191849\\db\/plugins/mcufinder/images/
2023-11-25 04:27:06,053 [WARN] DbFile:41 - Overriding database path with different value: C:\Users\DELL\.stmcufinder\plugins\mcufinder/ => C:\Users\DELL\.stmcufinder\plugins\mcufinder
2023-11-25 04:27:06,053 [INFO] ApiDb:250 - Set database path to: C:\Users\DELL\.stmcufinder\plugins\mcufinder//mcu/
2023-11-25 04:27:06,054 [WARN] DbFile:41 - Overriding database path with different value: C:\Users\DELL\.stmcufinder\plugins\mcufinder/ => C:\Users\DELL\.stmcufinder\plugins\mcufinder
2023-11-25 04:27:06,054 [INFO] DbMcusAds:125 - Set database path to: C:\Users\DELL\.stmcufinder\plugins\mcufinder//mcu/
2023-11-25 04:27:06,054 [WARN] DbFile:41 - Overriding database path with different value: C:\Users\DELL\.stmcufinder\plugins\mcufinder/ => C:\Users\DELL\.stmcufinder\plugins\mcufinder
2023-11-25 04:27:06,055 [WARN] DbFile:41 - Overriding database path with different value: C:\Users\DELL\.stmcufinder\plugins\mcufinder/ => C:\Users\DELL\.stmcufinder\plugins\mcufinder
2023-11-25 04:27:06,055 [INFO] CrossReferenceDbSqlite:203 - Set database path to: C:\Users\DELL\.stmcufinder\plugins\mcufinder//mcu/cs/
2023-11-25 04:27:06,091 [INFO] ApplicationProperties:184 - Using Application install path: C:\ST\STM32CubeIDE_1.13.1\STM32CubeIDE\plugins\com.st.stm32cube.common.mx_6.9.1.202307191849
2023-11-25 04:27:06,094 [INFO] PluginManage:196 - Search for loadable plugins [exclusion list=, ]
2023-11-25 04:27:06,096 [INFO] PluginManage:310 - Check plugin analytics
2023-11-25 04:27:06,543 [INFO] AnalyticsPlugin:253 - Accepted Software Licenses: STM32CubeMX.6.9.1,STM32CubeMX.6.4.0
2023-11-25 04:27:06,544 [INFO] AnalyticsPlugin:255 - Accepted CMSIS Pack Licenses: 
2023-11-25 04:27:06,545 [INFO] AnalyticsPlugin:257 - Accepted Firmware Licenses: FW.F4.1.27.0
2023-11-25 04:27:06,552 [INFO] PluginManage:359 - Loaded plugin analytics (category:tool,tabindex:-1)
2023-11-25 04:27:06,553 [INFO] PluginManage:310 - Check plugin cadmodel
2023-11-25 04:27:06,559 [INFO] CADModel:105 - Init CAD model plugin
2023-11-25 04:27:06,560 [INFO] PluginManage:359 - Loaded plugin cadmodel (category:power,tabindex:5)
2023-11-25 04:27:06,561 [INFO] PluginManage:310 - Check plugin clock
2023-11-25 04:27:06,577 [INFO] PluginManage:359 - Loaded plugin clock (category:base,tabindex:2)
2023-11-25 04:27:06,577 [INFO] PluginManage:310 - Check plugin ddr
2023-11-25 04:27:06,580 [INFO] PluginManage:359 - Loaded plugin ddr (category:tool,tabindex:6)
2023-11-25 04:27:06,581 [INFO] PluginManage:310 - Check plugin filemanager
2023-11-25 04:27:07,047 [INFO] PluginManage:359 - Loaded plugin filemanager (category:base,tabindex:10)
2023-11-25 04:27:07,047 [INFO] PluginManage:310 - Check plugin ipmanager
2023-11-25 04:27:07,060 [INFO] PluginManage:359 - Loaded plugin ipmanager (category:base,tabindex:5)
2023-11-25 04:27:07,060 [INFO] PluginManage:310 - Check plugin lpbam
2023-11-25 04:27:07,076 [INFO] PluginManage:359 - Loaded plugin lpbam (category:base,tabindex:0)
2023-11-25 04:27:07,077 [INFO] PluginManage:310 - Check plugin memorymap
2023-11-25 04:27:07,096 [INFO] PluginManage:359 - Loaded plugin memorymap (category:base,tabindex:4)
2023-11-25 04:27:07,096 [INFO] PluginManage:310 - Check plugin pinoutandconfiguration
2023-11-25 04:27:07,112 [INFO] PluginManage:359 - Loaded plugin pinoutandconfiguration (category:base,tabindex:1)
2023-11-25 04:27:07,113 [INFO] PluginManage:310 - Check plugin pinoutconfig
2023-11-25 04:27:07,343 [WARN] SupportedApi:132 - Cannot load RTOS API schema: s4s-elt-must-match.1: The content of 'definitions' must match (annotation?, (simpleType | complexType)?, (unique | key | keyref)*)). A problem was found starting at: attribute.
2023-11-25 04:27:07,676 [INFO] PluginManage:359 - Loaded plugin pinoutconfig (category:base,tabindex:0)
2023-11-25 04:27:07,676 [INFO] PluginManage:310 - Check plugin power
2023-11-25 04:27:07,696 [INFO] PluginManage:359 - Loaded plugin power (category:power,tabindex:4)
2023-11-25 04:27:07,697 [INFO] PluginManage:310 - Check plugin projectmanager
2023-11-25 04:27:07,726 [INFO] PluginManage:359 - Loaded plugin projectmanager (category:projectmanager,tabindex:3)
2023-11-25 04:27:07,727 [INFO] PluginManage:310 - Check plugin thirdparty
2023-11-25 04:27:08,091 [WARN] IntegrityCheckThread:84 - waiting for thirdparty lock release [integrity check]
2023-11-25 04:27:08,092 [INFO] IntegrityCheckThread:86 - entering critical section [integrity check]
2023-11-25 04:27:08,092 [INFO] PluginManage:359 - Loaded plugin thirdparty (category:base,tabindex:-1)
2023-11-25 04:27:08,092 [INFO] ThirdPartyUpdaterWithRetryManager:70 - Updater plugin not ready yet. [1/15]
2023-11-25 04:27:08,093 [INFO] PluginManage:310 - Check plugin tools
2023-11-25 04:27:08,099 [INFO] PluginManage:359 - Loaded plugin tools (category:base,tabindex:7)
2023-11-25 04:27:08,100 [INFO] PluginManage:310 - Check plugin tutovideos
2023-11-25 04:27:08,584 [INFO] PluginManage:359 - Loaded plugin tutovideos (category:base,tabindex:-1)
2023-11-25 04:27:08,584 [INFO] PluginManage:310 - Check plugin updater
2023-11-25 04:27:08,599 [INFO] PluginManage:359 - Loaded plugin updater (category:base,tabindex:12)
2023-11-25 04:27:08,599 [INFO] PluginManage:310 - Check plugin userauth
2023-11-25 04:27:08,605 [INFO] UserAuth:113 - Init User Auth plugin
2023-11-25 04:27:08,606 [INFO] PluginManage:359 - Loaded plugin userauth (category:base,tabindex:14)
2023-11-25 04:27:08,606 [INFO] PluginManage:283 - PluginManage : Loaded plugins [17]
2023-11-25 04:27:09,058 [INFO] PinOutPanel:1499 - setPackage(No Configuration,No Configuration)
2023-11-25 04:27:09,363 [INFO] CADModel:165 - CPN selected for project level
2023-11-25 04:27:09,364 [INFO] CADModel:114 - Register for checkConnection events
2023-11-25 04:27:09,392 [INFO] IPUIPlugin:80 - create IPUIPlugin
2023-11-25 04:27:09,392 [INFO] PluginManager:220 - loadIPPluginJar : add adc
2023-11-25 04:27:09,398 [INFO] IPUIPlugin:80 - create IPUIPlugin
2023-11-25 04:27:09,399 [INFO] PluginManager:220 - loadIPPluginJar : add aes
2023-11-25 04:27:09,405 [INFO] IPUIPlugin:80 - create IPUIPlugin
2023-11-25 04:27:09,405 [INFO] PluginManager:220 - loadIPPluginJar : add can
2023-11-25 04:27:09,408 [INFO] IPUIPlugin:80 - create IPUIPlugin
2023-11-25 04:27:09,408 [INFO] PluginManager:220 - loadIPPluginJar : add comp
2023-11-25 04:27:09,416 [INFO] IPUIPlugin:80 - create IPUIPlugin
2023-11-25 04:27:09,417 [INFO] PluginManager:220 - loadIPPluginJar : add cryp
2023-11-25 04:27:09,422 [INFO] IPUIPlugin:80 - create IPUIPlugin
2023-11-25 04:27:09,423 [INFO] PluginManager:220 - loadIPPluginJar : add dfsdm
2023-11-25 04:27:09,435 [INFO] IPUIPlugin:80 - create IPUIPlugin
2023-11-25 04:27:09,436 [INFO] PluginManager:220 - loadIPPluginJar : add dma
2023-11-25 04:27:09,441 [INFO] IPUIPlugin:80 - create IPUIPlugin
2023-11-25 04:27:09,441 [INFO] PluginManager:220 - loadIPPluginJar : add dma3
2023-11-25 04:27:09,449 [INFO] IPUIPlugin:80 - create IPUIPlugin
2023-11-25 04:27:09,449 [INFO] PluginManager:220 - loadIPPluginJar : add fatfs
2023-11-25 04:27:09,456 [INFO] IPUIPlugin:80 - create IPUIPlugin
2023-11-25 04:27:09,456 [INFO] PluginManager:220 - loadIPPluginJar : add fmc
2023-11-25 04:27:09,468 [INFO] IPUIPlugin:80 - create IPUIPlugin
2023-11-25 04:27:09,469 [INFO] PluginManager:220 - loadIPPluginJar : add freertos
2023-11-25 04:27:09,471 [INFO] IPUIPlugin:80 - create IPUIPlugin
2023-11-25 04:27:09,471 [INFO] PluginManager:220 - loadIPPluginJar : add genericplugin
2023-11-25 04:27:09,474 [INFO] IPUIPlugin:80 - create IPUIPlugin
2023-11-25 04:27:09,475 [INFO] PluginManager:220 - loadIPPluginJar : add gfxmmu
2023-11-25 04:27:09,487 [INFO] IPUIPlugin:80 - create IPUIPlugin
2023-11-25 04:27:09,487 [INFO] PluginManager:220 - loadIPPluginJar : add gic
2023-11-25 04:27:09,495 [INFO] IPUIPlugin:80 - create IPUIPlugin
2023-11-25 04:27:09,498 [INFO] PluginManager:220 - loadIPPluginJar : add gpio
2023-11-25 04:27:09,504 [INFO] IPUIPlugin:80 - create IPUIPlugin
2023-11-25 04:27:09,505 [INFO] PluginManager:220 - loadIPPluginJar : add gtzc
2023-11-25 04:27:09,512 [INFO] IPUIPlugin:80 - create IPUIPlugin
2023-11-25 04:27:09,513 [INFO] PluginManager:220 - loadIPPluginJar : add hash
2023-11-25 04:27:09,519 [INFO] IPUIPlugin:80 - create IPUIPlugin
2023-11-25 04:27:09,519 [INFO] PluginManager:220 - loadIPPluginJar : add i2c
2023-11-25 04:27:09,527 [INFO] IPUIPlugin:80 - create IPUIPlugin
2023-11-25 04:27:09,527 [INFO] PluginManager:220 - loadIPPluginJar : add i2s
2023-11-25 04:27:09,534 [INFO] IPUIPlugin:80 - create IPUIPlugin
2023-11-25 04:27:09,535 [INFO] PluginManager:220 - loadIPPluginJar : add i3c
2023-11-25 04:27:09,541 [INFO] IPUIPlugin:80 - create IPUIPlugin
2023-11-25 04:27:09,541 [INFO] PluginManager:220 - loadIPPluginJar : add ipddr
2023-11-25 04:27:09,558 [INFO] IPUIPlugin:80 - create IPUIPlugin
2023-11-25 04:27:09,558 [INFO] PluginManager:220 - loadIPPluginJar : add linkedlist
2023-11-25 04:27:09,567 [INFO] IPUIPlugin:80 - create IPUIPlugin
2023-11-25 04:27:09,567 [INFO] PluginManager:220 - loadIPPluginJar : add lorawan
2023-11-25 04:27:09,569 [INFO] IPUIPlugin:80 - create IPUIPlugin
2023-11-25 04:27:09,569 [INFO] PluginManager:220 - loadIPPluginJar : add ltdc
2023-11-25 04:27:09,578 [INFO] IPUIPlugin:80 - create IPUIPlugin
2023-11-25 04:27:09,579 [INFO] PluginManager:220 - loadIPPluginJar : add mdma
2023-11-25 04:27:09,587 [INFO] IPUIPlugin:80 - create IPUIPlugin
2023-11-25 04:27:09,588 [INFO] PluginManager:220 - loadIPPluginJar : add nvic
2023-11-25 04:27:09,592 [INFO] IPUIPlugin:80 - create IPUIPlugin
2023-11-25 04:27:09,592 [INFO] PluginManager:220 - loadIPPluginJar : add opamp
2023-11-25 04:27:09,598 [INFO] IPUIPlugin:80 - create IPUIPlugin
2023-11-25 04:27:09,599 [INFO] PluginManager:220 - loadIPPluginJar : add openamp
2023-11-25 04:27:09,603 [INFO] IPUIPlugin:80 - create IPUIPlugin
2023-11-25 04:27:09,603 [INFO] PluginManager:220 - loadIPPluginJar : add pdm2pcm
2023-11-25 04:27:09,615 [INFO] IPUIPlugin:80 - create IPUIPlugin
2023-11-25 04:27:09,622 [INFO] PluginManager:220 - loadIPPluginJar : add plateformsettings
2023-11-25 04:27:09,624 [INFO] IPUIPlugin:80 - create IPUIPlugin
2023-11-25 04:27:09,624 [INFO] PluginManager:220 - loadIPPluginJar : add quadspi
2023-11-25 04:27:09,631 [INFO] IPUIPlugin:80 - create IPUIPlugin
2023-11-25 04:27:09,631 [INFO] PluginManager:220 - loadIPPluginJar : add resmgrutility
2023-11-25 04:27:09,637 [INFO] IPUIPlugin:80 - create IPUIPlugin
2023-11-25 04:27:09,638 [INFO] PluginManager:220 - loadIPPluginJar : add sai
2023-11-25 04:27:09,641 [INFO] IPUIPlugin:80 - create IPUIPlugin
2023-11-25 04:27:09,641 [INFO] PluginManager:220 - loadIPPluginJar : add spi
2023-11-25 04:27:09,650 [INFO] IPUIPlugin:80 - create IPUIPlugin
2023-11-25 04:27:09,650 [INFO] PluginManager:220 - loadIPPluginJar : add stm32_wpan
2023-11-25 04:27:09,654 [INFO] IPUIPlugin:80 - create IPUIPlugin
2023-11-25 04:27:09,654 [INFO] PluginManager:220 - loadIPPluginJar : add tim
2023-11-25 04:27:09,659 [INFO] IPUIPlugin:80 - create IPUIPlugin
2023-11-25 04:27:09,659 [INFO] PluginManager:220 - loadIPPluginJar : add touchsensing
2023-11-25 04:27:09,664 [INFO] IPUIPlugin:80 - create IPUIPlugin
2023-11-25 04:27:09,665 [INFO] PluginManager:220 - loadIPPluginJar : add tracer_emb
2023-11-25 04:27:09,668 [INFO] IPUIPlugin:80 - create IPUIPlugin
2023-11-25 04:27:09,668 [INFO] PluginManager:220 - loadIPPluginJar : add ts
2023-11-25 04:27:09,672 [INFO] IPUIPlugin:80 - create IPUIPlugin
2023-11-25 04:27:09,672 [INFO] PluginManager:220 - loadIPPluginJar : add tsc
2023-11-25 04:27:09,678 [INFO] IPUIPlugin:80 - create IPUIPlugin
2023-11-25 04:27:09,678 [INFO] PluginManager:220 - loadIPPluginJar : add ucpd
2023-11-25 04:27:09,685 [INFO] IPUIPlugin:80 - create IPUIPlugin
2023-11-25 04:27:09,685 [INFO] PluginManager:220 - loadIPPluginJar : add usart
2023-11-25 04:27:09,688 [INFO] IPUIPlugin:80 - create IPUIPlugin
2023-11-25 04:27:09,689 [INFO] PluginManager:220 - loadIPPluginJar : add usbx
2023-11-25 04:27:09,872 [INFO] CADModel:165 - CPN selected for project level
2023-11-25 04:27:09,873 [INFO] CADModel:114 - Register for checkConnection events
2023-11-25 04:27:09,873 [FATAL] Updater:308 - Updater called before beeing initialized
2023-11-25 04:27:09,873 [ERROR] CADModel:125 - Updater not yet initialized, retry later 
2023-11-25 04:27:10,122 [INFO] CADModel:165 - CPN selected for project level
2023-11-25 04:27:10,122 [INFO] CADModel:114 - Register for checkConnection events
2023-11-25 04:27:10,122 [FATAL] Updater:308 - Updater called before beeing initialized
2023-11-25 04:27:10,123 [ERROR] CADModel:125 - Updater not yet initialized, retry later 
2023-11-25 04:27:10,130 [FATAL] Updater:308 - Updater called before beeing initialized
2023-11-25 04:27:10,401 [FATAL] Updater:308 - Updater called before beeing initialized
2023-11-25 04:27:10,410 [INFO] DbMcusAds:53 - JSON generation date=Tue Mar 07 03:50:55 PET 2023 (1678179055114)
2023-11-25 04:27:10,411 [FATAL] Updater:308 - Updater called before beeing initialized
2023-11-25 04:27:10,480 [WARN] DetailPanel:346 - Failed to get advertising image, set to default
2023-11-25 04:27:10,724 [FATAL] Updater:308 - Updater called before beeing initialized
2023-11-25 04:27:10,727 [FATAL] Updater:308 - Updater called before beeing initialized
2023-11-25 04:27:10,728 [FATAL] Updater:308 - Updater called before beeing initialized
2023-11-25 04:27:10,728 [WARN] DetailPanel:346 - Failed to get advertising image, set to default
2023-11-25 04:27:10,734 [FATAL] Updater:308 - Updater called before beeing initialized
2023-11-25 04:27:10,842 [ERROR] Updater:1120 - MainUpdater not yet initialized. External WinMGr cannot be set.
2023-11-25 04:27:10,846 [INFO] Updater:1056 - Updater Version found : 6.9.1
2023-11-25 04:27:10,881 [INFO] ApplicationProperties:184 - Using Application install path: C:\ST\STM32CubeIDE_1.13.1\STM32CubeIDE\plugins\com.st.stm32cube.common.mx_6.9.1.202307191849
2023-11-25 04:27:11,094 [INFO] ThirdPartyUpdaterWithRetryManager:70 - Updater plugin not ready yet. [2/15]
2023-11-25 04:27:12,659 [INFO] MainUpdater:2868 - connection check result : 10
2023-11-25 04:27:12,662 [INFO] MainUpdater:285 - Updater Check For Update Now.
2023-11-25 04:27:12,663 [INFO] MicroXplorer:498 - Change Database Version : DB.6.0.91
2023-11-25 04:27:12,690 [INFO] McuFinderGlobals:63 - Set McuFinder mode to 2 (CubeIDE integrated)
2023-11-25 04:27:12,691 [INFO] UserAuth:179 - activating auth plugin
2023-11-25 04:27:12,697 [INFO] UserAuth:393 - Internet connection configuration mode: 1
2023-11-25 04:27:12,729 [INFO] JxBrowserEngine:151 - Initiate JxBrowser Engine with user profile folder
2023-11-25 04:27:13,081 [INFO] CheckServerUpdateThread:120 - End of CheckServer Thread
2023-11-25 04:27:14,097 [INFO] WebApp:157 - Instantiating new browser for Auth
2023-11-25 04:27:14,842 [WARN] PackLoader:240 - Cannot read IP mode file for STMicroelectronics.X-CUBE-AZRTOS-F4.1.1.0
2023-11-25 04:27:15,638 [WARN] PackLoader:240 - Cannot read IP mode file for STMicroelectronics.X-CUBE-TOUCHGFX.4.22.0
2023-11-25 04:27:15,738 [WARN] PackLoader:240 - Cannot read IP mode file for STMicroelectronics.X-CUBE-AI.8.1.0
2023-11-25 04:27:15,823 [INFO] ThirdParty:978 - Integrity check success = true
2023-11-25 04:27:15,823 [INFO] IntegrityCheckThread:100 - exiting critical section [integrity check]
2023-11-25 04:27:15,824 [INFO] IntegrityCheckThread:103 - End integrity checks thread
2023-11-25 04:27:16,192 [INFO] WebApp:753 - Register for checkConnection events
2023-11-25 04:27:16,192 [INFO] WebApp:390 - Apply proxy settings
2023-11-25 04:27:16,192 [INFO] WebApp:475 - Chromium requires no authentication
2023-11-25 04:27:16,206 [INFO] WebApp:418 - Direct internet connection detected
2023-11-25 04:27:16,432 [INFO] WebApp:188 - Starting web application
2023-11-25 04:27:16,432 [INFO] WebApp:520 - Web application path used C:\ST\STM32CubeIDE_1.13.1\STM32CubeIDE\plugins\com.st.stm32cube.common.mx_6.9.1.202307191849\db\plugins\mcufinder\reactClient1\index.html
2023-11-25 04:27:37,854 [ERROR] LogOutputStream:75 - [STDERR_REDIRECT] SLF4J: Failed to load class "org.slf4j.impl.StaticLoggerBinder".
2023-11-25 04:27:37,855 [ERROR] LogOutputStream:75 - [STDERR_REDIRECT] SLF4J: Defaulting to no-operation (NOP) logger implementation
2023-11-25 04:27:37,859 [ERROR] LogOutputStream:75 - [STDERR_REDIRECT] SLF4J: See http://www.slf4j.org/codes.html#StaticLoggerBinder for further details.
2023-11-25 05:13:09,591 [INFO] WebApp:330 - JxBrowser engine has been closed 
2023-11-25 16:07:02,759 [INFO] Activator:176 - 


2023-11-25 16:07:02,766 [INFO] Activator:177 - !SESSION log4j initialized
2023-11-25 16:07:18,397 [INFO] LogOutputStream:77 - [STDOUT_REDIRECT] 
2023-11-25 16:07:22,946 [INFO] ApplicationProperties:184 - Using Application install path: C:\ST\STM32CubeIDE_1.13.1\STM32CubeIDE\plugins\com.st.stm32cube.common.mx_6.9.1.202307191849
2023-11-25 16:07:22,977 [INFO] DbMcusXml:78 - Set database path to: C:\ST\STM32CubeIDE_1.13.1\STM32CubeIDE\plugins\com.st.stm32cube.common.mx_6.9.1.202307191849\\db\/mcu/
2023-11-25 16:07:22,978 [INFO] ApiDb:274 - Set plugin database path to: C:\ST\STM32CubeIDE_1.13.1\STM32CubeIDE\plugins\com.st.stm32cube.common.mx_6.9.1.202307191849\\db\/plugins/boardmanager/
2023-11-25 16:07:22,978 [WARN] ApiDb:259 - Overriding images path with different value:  => C:\ST\STM32CubeIDE_1.13.1\STM32CubeIDE\plugins\com.st.stm32cube.common.mx_6.9.1.202307191849\\db\/plugins/mcufinder/images/
2023-11-25 16:07:23,006 [INFO] ApiDb:250 - Set database path to: C:\Users\DELL\.stmcufinder\plugins\mcufinder//mcu/
2023-11-25 16:07:23,008 [INFO] DbMcusAds:125 - Set database path to: C:\Users\DELL\.stmcufinder\plugins\mcufinder//mcu/
2023-11-25 16:07:23,013 [INFO] CrossReferenceDbSqlite:203 - Set database path to: C:\Users\DELL\.stmcufinder\plugins\mcufinder//mcu/cs/
2023-11-25 16:07:23,292 [INFO] RulesReader:64 - Compatibility file has been processed (293 Rules)
2023-11-25 16:07:23,465 [INFO] DbMcusXml:78 - Set database path to: C:\ST\STM32CubeIDE_1.13.1\STM32CubeIDE\plugins\com.st.stm32cube.common.mx_6.9.1.202307191849\\db\/mcu/
2023-11-25 16:07:23,466 [INFO] ApiDb:274 - Set plugin database path to: C:\ST\STM32CubeIDE_1.13.1\STM32CubeIDE\plugins\com.st.stm32cube.common.mx_6.9.1.202307191849\\db\/plugins/boardmanager/
2023-11-25 16:07:23,466 [INFO] ApiDb:261 - Set plugin images path to: C:\ST\STM32CubeIDE_1.13.1\STM32CubeIDE\plugins\com.st.stm32cube.common.mx_6.9.1.202307191849\\db\/plugins/mcufinder/images/
2023-11-25 16:07:23,467 [WARN] DbFile:41 - Overriding database path with different value: C:\Users\DELL\.stmcufinder\plugins\mcufinder/ => C:\Users\DELL\.stmcufinder\plugins\mcufinder
2023-11-25 16:07:23,469 [INFO] ApiDb:250 - Set database path to: C:\Users\DELL\.stmcufinder\plugins\mcufinder//mcu/
2023-11-25 16:07:23,470 [WARN] DbFile:41 - Overriding database path with different value: C:\Users\DELL\.stmcufinder\plugins\mcufinder/ => C:\Users\DELL\.stmcufinder\plugins\mcufinder
2023-11-25 16:07:23,470 [INFO] DbMcusAds:125 - Set database path to: C:\Users\DELL\.stmcufinder\plugins\mcufinder//mcu/
2023-11-25 16:07:23,471 [WARN] DbFile:41 - Overriding database path with different value: C:\Users\DELL\.stmcufinder\plugins\mcufinder/ => C:\Users\DELL\.stmcufinder\plugins\mcufinder
2023-11-25 16:07:23,471 [WARN] DbFile:41 - Overriding database path with different value: C:\Users\DELL\.stmcufinder\plugins\mcufinder/ => C:\Users\DELL\.stmcufinder\plugins\mcufinder
2023-11-25 16:07:23,471 [INFO] CrossReferenceDbSqlite:203 - Set database path to: C:\Users\DELL\.stmcufinder\plugins\mcufinder//mcu/cs/
2023-11-25 16:07:23,663 [INFO] MainPanel:262 - HeapMemory: 268435456
2023-11-25 16:07:23,845 [INFO] DbMcusXml:78 - Set database path to: C:\ST\STM32CubeIDE_1.13.1\STM32CubeIDE\plugins\com.st.stm32cube.common.mx_6.9.1.202307191849\\db\/mcu/
2023-11-25 16:07:23,845 [INFO] ApiDb:274 - Set plugin database path to: C:\ST\STM32CubeIDE_1.13.1\STM32CubeIDE\plugins\com.st.stm32cube.common.mx_6.9.1.202307191849\\db\/plugins/boardmanager/
2023-11-25 16:07:23,845 [INFO] ApiDb:261 - Set plugin images path to: C:\ST\STM32CubeIDE_1.13.1\STM32CubeIDE\plugins\com.st.stm32cube.common.mx_6.9.1.202307191849\\db\/plugins/mcufinder/images/
2023-11-25 16:07:23,846 [WARN] DbFile:41 - Overriding database path with different value: C:\Users\DELL\.stmcufinder\plugins\mcufinder/ => C:\Users\DELL\.stmcufinder\plugins\mcufinder
2023-11-25 16:07:23,846 [INFO] ApiDb:250 - Set database path to: C:\Users\DELL\.stmcufinder\plugins\mcufinder//mcu/
2023-11-25 16:07:23,846 [WARN] DbFile:41 - Overriding database path with different value: C:\Users\DELL\.stmcufinder\plugins\mcufinder/ => C:\Users\DELL\.stmcufinder\plugins\mcufinder
2023-11-25 16:07:23,847 [INFO] DbMcusAds:125 - Set database path to: C:\Users\DELL\.stmcufinder\plugins\mcufinder//mcu/
2023-11-25 16:07:23,847 [WARN] DbFile:41 - Overriding database path with different value: C:\Users\DELL\.stmcufinder\plugins\mcufinder/ => C:\Users\DELL\.stmcufinder\plugins\mcufinder
2023-11-25 16:07:23,847 [WARN] DbFile:41 - Overriding database path with different value: C:\Users\DELL\.stmcufinder\plugins\mcufinder/ => C:\Users\DELL\.stmcufinder\plugins\mcufinder
2023-11-25 16:07:23,847 [INFO] CrossReferenceDbSqlite:203 - Set database path to: C:\Users\DELL\.stmcufinder\plugins\mcufinder//mcu/cs/
2023-11-25 16:07:23,886 [INFO] ApplicationProperties:184 - Using Application install path: C:\ST\STM32CubeIDE_1.13.1\STM32CubeIDE\plugins\com.st.stm32cube.common.mx_6.9.1.202307191849
2023-11-25 16:07:23,889 [INFO] PluginManage:196 - Search for loadable plugins [exclusion list=, ]
2023-11-25 16:07:23,891 [INFO] PluginManage:310 - Check plugin analytics
2023-11-25 16:07:24,274 [INFO] AnalyticsPlugin:253 - Accepted Software Licenses: STM32CubeMX.6.9.1,STM32CubeMX.6.4.0
2023-11-25 16:07:24,274 [INFO] AnalyticsPlugin:255 - Accepted CMSIS Pack Licenses: 
2023-11-25 16:07:24,275 [INFO] AnalyticsPlugin:257 - Accepted Firmware Licenses: FW.F4.1.27.0
2023-11-25 16:07:24,282 [INFO] PluginManage:359 - Loaded plugin analytics (category:tool,tabindex:-1)
2023-11-25 16:07:24,286 [INFO] PluginManage:310 - Check plugin cadmodel
2023-11-25 16:07:24,314 [INFO] CADModel:105 - Init CAD model plugin
2023-11-25 16:07:24,314 [INFO] PluginManage:359 - Loaded plugin cadmodel (category:power,tabindex:5)
2023-11-25 16:07:24,315 [INFO] PluginManage:310 - Check plugin clock
2023-11-25 16:07:24,358 [INFO] PluginManage:359 - Loaded plugin clock (category:base,tabindex:2)
2023-11-25 16:07:24,358 [INFO] PluginManage:310 - Check plugin ddr
2023-11-25 16:07:24,362 [INFO] PluginManage:359 - Loaded plugin ddr (category:tool,tabindex:6)
2023-11-25 16:07:24,363 [INFO] PluginManage:310 - Check plugin filemanager
2023-11-25 16:07:24,656 [INFO] PluginManage:359 - Loaded plugin filemanager (category:base,tabindex:10)
2023-11-25 16:07:24,656 [INFO] PluginManage:310 - Check plugin ipmanager
2023-11-25 16:07:24,670 [INFO] PluginManage:359 - Loaded plugin ipmanager (category:base,tabindex:5)
2023-11-25 16:07:24,671 [INFO] PluginManage:310 - Check plugin lpbam
2023-11-25 16:07:24,702 [INFO] PluginManage:359 - Loaded plugin lpbam (category:base,tabindex:0)
2023-11-25 16:07:24,703 [INFO] PluginManage:310 - Check plugin memorymap
2023-11-25 16:07:24,743 [INFO] PluginManage:359 - Loaded plugin memorymap (category:base,tabindex:4)
2023-11-25 16:07:24,744 [INFO] PluginManage:310 - Check plugin pinoutandconfiguration
2023-11-25 16:07:24,775 [INFO] PluginManage:359 - Loaded plugin pinoutandconfiguration (category:base,tabindex:1)
2023-11-25 16:07:24,775 [INFO] PluginManage:310 - Check plugin pinoutconfig
2023-11-25 16:07:24,975 [WARN] SupportedApi:132 - Cannot load RTOS API schema: s4s-elt-must-match.1: The content of 'definitions' must match (annotation?, (simpleType | complexType)?, (unique | key | keyref)*)). A problem was found starting at: attribute.
2023-11-25 16:07:25,258 [INFO] PluginManage:359 - Loaded plugin pinoutconfig (category:base,tabindex:0)
2023-11-25 16:07:25,259 [INFO] PluginManage:310 - Check plugin power
2023-11-25 16:07:25,305 [INFO] PluginManage:359 - Loaded plugin power (category:power,tabindex:4)
2023-11-25 16:07:25,305 [INFO] PluginManage:310 - Check plugin projectmanager
2023-11-25 16:07:25,357 [INFO] PluginManage:359 - Loaded plugin projectmanager (category:projectmanager,tabindex:3)
2023-11-25 16:07:25,358 [INFO] PluginManage:310 - Check plugin thirdparty
2023-11-25 16:07:26,129 [INFO] PluginManage:359 - Loaded plugin thirdparty (category:base,tabindex:-1)
2023-11-25 16:07:26,129 [INFO] PluginManage:310 - Check plugin tools
2023-11-25 16:07:26,129 [WARN] IntegrityCheckThread:84 - waiting for thirdparty lock release [integrity check]
2023-11-25 16:07:26,156 [INFO] IntegrityCheckThread:86 - entering critical section [integrity check]
2023-11-25 16:07:26,156 [INFO] ThirdPartyUpdaterWithRetryManager:70 - Updater plugin not ready yet. [1/15]
2023-11-25 16:07:26,224 [INFO] PluginManage:359 - Loaded plugin tools (category:base,tabindex:7)
2023-11-25 16:07:26,224 [INFO] PluginManage:310 - Check plugin tutovideos
2023-11-25 16:07:26,711 [INFO] PluginManage:359 - Loaded plugin tutovideos (category:base,tabindex:-1)
2023-11-25 16:07:26,711 [INFO] PluginManage:310 - Check plugin updater
2023-11-25 16:07:26,736 [INFO] PluginManage:359 - Loaded plugin updater (category:base,tabindex:12)
2023-11-25 16:07:26,736 [INFO] PluginManage:310 - Check plugin userauth
2023-11-25 16:07:26,746 [INFO] UserAuth:113 - Init User Auth plugin
2023-11-25 16:07:26,747 [INFO] PluginManage:359 - Loaded plugin userauth (category:base,tabindex:14)
2023-11-25 16:07:26,748 [INFO] PluginManage:283 - PluginManage : Loaded plugins [17]
2023-11-25 16:07:27,188 [INFO] PinOutPanel:1499 - setPackage(No Configuration,No Configuration)
2023-11-25 16:07:27,480 [INFO] CADModel:165 - CPN selected for project level
2023-11-25 16:07:27,480 [INFO] CADModel:114 - Register for checkConnection events
2023-11-25 16:07:27,571 [INFO] IPUIPlugin:80 - create IPUIPlugin
2023-11-25 16:07:27,571 [INFO] PluginManager:220 - loadIPPluginJar : add adc
2023-11-25 16:07:27,669 [INFO] IPUIPlugin:80 - create IPUIPlugin
2023-11-25 16:07:27,669 [INFO] PluginManager:220 - loadIPPluginJar : add aes
2023-11-25 16:07:27,821 [INFO] IPUIPlugin:80 - create IPUIPlugin
2023-11-25 16:07:27,821 [INFO] PluginManager:220 - loadIPPluginJar : add can
2023-11-25 16:07:27,876 [INFO] IPUIPlugin:80 - create IPUIPlugin
2023-11-25 16:07:27,876 [INFO] PluginManager:220 - loadIPPluginJar : add comp
2023-11-25 16:07:27,973 [INFO] IPUIPlugin:80 - create IPUIPlugin
2023-11-25 16:07:27,974 [INFO] PluginManager:220 - loadIPPluginJar : add cryp
2023-11-25 16:07:28,053 [INFO] IPUIPlugin:80 - create IPUIPlugin
2023-11-25 16:07:28,053 [INFO] PluginManager:220 - loadIPPluginJar : add dfsdm
2023-11-25 16:07:28,086 [INFO] IPUIPlugin:80 - create IPUIPlugin
2023-11-25 16:07:28,087 [INFO] PluginManager:220 - loadIPPluginJar : add dma
2023-11-25 16:07:28,197 [INFO] IPUIPlugin:80 - create IPUIPlugin
2023-11-25 16:07:28,197 [INFO] PluginManager:220 - loadIPPluginJar : add dma3
2023-11-25 16:07:28,255 [INFO] IPUIPlugin:80 - create IPUIPlugin
2023-11-25 16:07:28,256 [INFO] PluginManager:220 - loadIPPluginJar : add fatfs
2023-11-25 16:07:28,356 [INFO] IPUIPlugin:80 - create IPUIPlugin
2023-11-25 16:07:28,357 [INFO] PluginManager:220 - loadIPPluginJar : add fmc
2023-11-25 16:07:28,380 [INFO] IPUIPlugin:80 - create IPUIPlugin
2023-11-25 16:07:28,380 [INFO] PluginManager:220 - loadIPPluginJar : add freertos
2023-11-25 16:07:28,414 [INFO] IPUIPlugin:80 - create IPUIPlugin
2023-11-25 16:07:28,416 [INFO] PluginManager:220 - loadIPPluginJar : add genericplugin
2023-11-25 16:07:28,604 [INFO] IPUIPlugin:80 - create IPUIPlugin
2023-11-25 16:07:28,604 [INFO] PluginManager:220 - loadIPPluginJar : add gfxmmu
2023-11-25 16:07:28,850 [INFO] IPUIPlugin:80 - create IPUIPlugin
2023-11-25 16:07:28,851 [INFO] PluginManager:220 - loadIPPluginJar : add gic
2023-11-25 16:07:28,877 [INFO] IPUIPlugin:80 - create IPUIPlugin
2023-11-25 16:07:28,878 [INFO] PluginManager:220 - loadIPPluginJar : add gpio
2023-11-25 16:07:29,071 [INFO] IPUIPlugin:80 - create IPUIPlugin
2023-11-25 16:07:29,071 [INFO] PluginManager:220 - loadIPPluginJar : add gtzc
2023-11-25 16:07:29,140 [INFO] IPUIPlugin:80 - create IPUIPlugin
2023-11-25 16:07:29,140 [INFO] PluginManager:220 - loadIPPluginJar : add hash
2023-11-25 16:07:29,170 [INFO] ThirdPartyUpdaterWithRetryManager:70 - Updater plugin not ready yet. [2/15]
2023-11-25 16:07:29,256 [INFO] IPUIPlugin:80 - create IPUIPlugin
2023-11-25 16:07:29,256 [INFO] PluginManager:220 - loadIPPluginJar : add i2c
2023-11-25 16:07:29,327 [INFO] IPUIPlugin:80 - create IPUIPlugin
2023-11-25 16:07:29,327 [INFO] PluginManager:220 - loadIPPluginJar : add i2s
2023-11-25 16:07:29,400 [INFO] IPUIPlugin:80 - create IPUIPlugin
2023-11-25 16:07:29,400 [INFO] PluginManager:220 - loadIPPluginJar : add i3c
2023-11-25 16:07:29,675 [INFO] IPUIPlugin:80 - create IPUIPlugin
2023-11-25 16:07:29,675 [INFO] PluginManager:220 - loadIPPluginJar : add ipddr
2023-11-25 16:07:29,875 [INFO] IPUIPlugin:80 - create IPUIPlugin
2023-11-25 16:07:29,875 [INFO] PluginManager:220 - loadIPPluginJar : add linkedlist
2023-11-25 16:07:29,940 [INFO] IPUIPlugin:80 - create IPUIPlugin
2023-11-25 16:07:29,940 [INFO] PluginManager:220 - loadIPPluginJar : add lorawan
2023-11-25 16:07:30,003 [INFO] IPUIPlugin:80 - create IPUIPlugin
2023-11-25 16:07:30,003 [INFO] PluginManager:220 - loadIPPluginJar : add ltdc
2023-11-25 16:07:30,027 [INFO] IPUIPlugin:80 - create IPUIPlugin
2023-11-25 16:07:30,028 [INFO] PluginManager:220 - loadIPPluginJar : add mdma
2023-11-25 16:07:30,054 [INFO] IPUIPlugin:80 - create IPUIPlugin
2023-11-25 16:07:30,054 [INFO] PluginManager:220 - loadIPPluginJar : add nvic
2023-11-25 16:07:30,130 [INFO] IPUIPlugin:80 - create IPUIPlugin
2023-11-25 16:07:30,130 [INFO] PluginManager:220 - loadIPPluginJar : add opamp
2023-11-25 16:07:30,253 [INFO] IPUIPlugin:80 - create IPUIPlugin
2023-11-25 16:07:30,254 [INFO] PluginManager:220 - loadIPPluginJar : add openamp
2023-11-25 16:07:30,339 [INFO] IPUIPlugin:80 - create IPUIPlugin
2023-11-25 16:07:30,339 [INFO] PluginManager:220 - loadIPPluginJar : add pdm2pcm
2023-11-25 16:07:30,366 [INFO] IPUIPlugin:80 - create IPUIPlugin
2023-11-25 16:07:30,370 [INFO] PluginManager:220 - loadIPPluginJar : add plateformsettings
2023-11-25 16:07:30,417 [INFO] IPUIPlugin:80 - create IPUIPlugin
2023-11-25 16:07:30,418 [INFO] PluginManager:220 - loadIPPluginJar : add quadspi
2023-11-25 16:07:30,442 [INFO] IPUIPlugin:80 - create IPUIPlugin
2023-11-25 16:07:30,442 [INFO] PluginManager:220 - loadIPPluginJar : add resmgrutility
2023-11-25 16:07:30,559 [INFO] IPUIPlugin:80 - create IPUIPlugin
2023-11-25 16:07:30,559 [INFO] PluginManager:220 - loadIPPluginJar : add sai
2023-11-25 16:07:30,624 [INFO] IPUIPlugin:80 - create IPUIPlugin
2023-11-25 16:07:30,625 [INFO] PluginManager:220 - loadIPPluginJar : add spi
2023-11-25 16:07:30,734 [INFO] IPUIPlugin:80 - create IPUIPlugin
2023-11-25 16:07:30,734 [INFO] PluginManager:220 - loadIPPluginJar : add stm32_wpan
2023-11-25 16:07:30,774 [INFO] IPUIPlugin:80 - create IPUIPlugin
2023-11-25 16:07:30,774 [INFO] PluginManager:220 - loadIPPluginJar : add tim
2023-11-25 16:07:30,917 [INFO] IPUIPlugin:80 - create IPUIPlugin
2023-11-25 16:07:30,917 [INFO] PluginManager:220 - loadIPPluginJar : add touchsensing
2023-11-25 16:07:30,957 [INFO] IPUIPlugin:80 - create IPUIPlugin
2023-11-25 16:07:30,957 [INFO] PluginManager:220 - loadIPPluginJar : add tracer_emb
2023-11-25 16:07:30,994 [INFO] IPUIPlugin:80 - create IPUIPlugin
2023-11-25 16:07:30,995 [INFO] PluginManager:220 - loadIPPluginJar : add ts
2023-11-25 16:07:31,034 [INFO] IPUIPlugin:80 - create IPUIPlugin
2023-11-25 16:07:31,034 [INFO] PluginManager:220 - loadIPPluginJar : add tsc
2023-11-25 16:07:31,070 [INFO] IPUIPlugin:80 - create IPUIPlugin
2023-11-25 16:07:31,070 [INFO] PluginManager:220 - loadIPPluginJar : add ucpd
2023-11-25 16:07:31,161 [INFO] IPUIPlugin:80 - create IPUIPlugin
2023-11-25 16:07:31,162 [INFO] PluginManager:220 - loadIPPluginJar : add usart
2023-11-25 16:07:31,267 [INFO] IPUIPlugin:80 - create IPUIPlugin
2023-11-25 16:07:31,267 [INFO] PluginManager:220 - loadIPPluginJar : add usbx
2023-11-25 16:07:31,461 [INFO] CADModel:165 - CPN selected for project level
2023-11-25 16:07:31,461 [INFO] CADModel:114 - Register for checkConnection events
2023-11-25 16:07:31,461 [FATAL] Updater:308 - Updater called before beeing initialized
2023-11-25 16:07:31,462 [ERROR] CADModel:125 - Updater not yet initialized, retry later 
2023-11-25 16:07:31,771 [INFO] CADModel:165 - CPN selected for project level
2023-11-25 16:07:31,771 [INFO] CADModel:114 - Register for checkConnection events
2023-11-25 16:07:31,771 [FATAL] Updater:308 - Updater called before beeing initialized
2023-11-25 16:07:31,772 [ERROR] CADModel:125 - Updater not yet initialized, retry later 
2023-11-25 16:07:31,777 [FATAL] Updater:308 - Updater called before beeing initialized
2023-11-25 16:07:32,132 [FATAL] Updater:308 - Updater called before beeing initialized
2023-11-25 16:07:32,145 [INFO] DbMcusAds:53 - JSON generation date=Tue Mar 07 03:50:55 PET 2023 (1678179055114)
2023-11-25 16:07:32,147 [FATAL] Updater:308 - Updater called before beeing initialized
2023-11-25 16:07:32,183 [INFO] ThirdPartyUpdaterWithRetryManager:70 - Updater plugin not ready yet. [3/15]
2023-11-25 16:07:32,322 [WARN] DetailPanel:346 - Failed to get advertising image, set to default
2023-11-25 16:07:32,519 [FATAL] Updater:308 - Updater called before beeing initialized
2023-11-25 16:07:32,522 [FATAL] Updater:308 - Updater called before beeing initialized
2023-11-25 16:07:32,522 [FATAL] Updater:308 - Updater called before beeing initialized
2023-11-25 16:07:32,523 [WARN] DetailPanel:346 - Failed to get advertising image, set to default
2023-11-25 16:07:32,524 [FATAL] Updater:308 - Updater called before beeing initialized
2023-11-25 16:07:32,688 [ERROR] Updater:1120 - MainUpdater not yet initialized. External WinMGr cannot be set.
2023-11-25 16:07:32,715 [INFO] Updater:1056 - Updater Version found : 6.9.1
2023-11-25 16:07:32,743 [INFO] ApplicationProperties:184 - Using Application install path: C:\ST\STM32CubeIDE_1.13.1\STM32CubeIDE\plugins\com.st.stm32cube.common.mx_6.9.1.202307191849
2023-11-25 16:07:32,934 [INFO] MainUpdater:521 - Copy updater definitions from MX database
2023-11-25 16:07:33,265 [INFO] MainUpdater:2868 - connection check result : 10
2023-11-25 16:07:33,265 [INFO] MainUpdater:3562 - Updater definition file requires update
2023-11-25 16:07:33,267 [INFO] MainUpdater:285 - Updater Check For Update Now.
2023-11-25 16:07:33,268 [INFO] MicroXplorer:498 - Change Database Version : DB.6.0.91
2023-11-25 16:07:33,303 [INFO] McuFinderGlobals:63 - Set McuFinder mode to 2 (CubeIDE integrated)
2023-11-25 16:07:33,303 [INFO] UserAuth:179 - activating auth plugin
2023-11-25 16:07:33,308 [INFO] UserAuth:393 - Internet connection configuration mode: 1
2023-11-25 16:07:33,338 [INFO] JxBrowserEngine:151 - Initiate JxBrowser Engine with user profile folder
2023-11-25 16:07:33,394 [INFO] ServerAccessManage:473 - Download File updaters.zip
2023-11-25 16:07:34,227 [INFO] FileExtend:240 - Unzip File : updaters.zip
2023-11-25 16:07:34,243 [INFO] FileExtend:255 - Standard Zip Deflate
2023-11-25 16:07:35,112 [INFO] ServerAccessManage:473 - Download File PacksControlFlags.xml
2023-11-25 16:07:35,199 [WARN] MainUpdater:1189 - Updater busy. Cannot search thirdparties
2023-11-25 16:07:35,199 [INFO] ThirdPartyUpdaterWithRetryManager:96 - Updater plugin is busy. [1/15]
2023-11-25 16:07:35,358 [INFO] ServerAccessManage:473 - Download File cubemx.pidx
2023-11-25 16:07:35,664 [INFO] LoadServerUpdatesThread:373 - End of LoadServerUpdate Thread
2023-11-25 16:07:36,058 [INFO] CheckServerUpdateThread:120 - End of CheckServer Thread
2023-11-25 16:07:38,935 [WARN] PackLoader:240 - Cannot read IP mode file for STMicroelectronics.X-CUBE-AZRTOS-F4.1.1.0
2023-11-25 16:07:40,223 [WARN] PackLoader:240 - Cannot read IP mode file for STMicroelectronics.X-CUBE-TOUCHGFX.4.22.0
2023-11-25 16:07:40,556 [WARN] PackLoader:240 - Cannot read IP mode file for STMicroelectronics.X-CUBE-AI.8.1.0
2023-11-25 16:07:40,921 [INFO] ThirdParty:978 - Integrity check success = true
2023-11-25 16:07:40,921 [INFO] IntegrityCheckThread:100 - exiting critical section [integrity check]
2023-11-25 16:07:40,921 [INFO] IntegrityCheckThread:103 - End integrity checks thread
2023-11-25 16:07:41,179 [INFO] WebApp:157 - Instantiating new browser for Auth
2023-11-25 16:07:42,717 [INFO] WebApp:753 - Register for checkConnection events
2023-11-25 16:07:42,717 [INFO] WebApp:390 - Apply proxy settings
2023-11-25 16:07:42,718 [INFO] WebApp:475 - Chromium requires no authentication
2023-11-25 16:07:42,741 [INFO] WebApp:418 - Direct internet connection detected
2023-11-25 16:07:43,218 [INFO] WebApp:188 - Starting web application
2023-11-25 16:07:43,219 [INFO] WebApp:520 - Web application path used C:\ST\STM32CubeIDE_1.13.1\STM32CubeIDE\plugins\com.st.stm32cube.common.mx_6.9.1.202307191849\db\plugins\mcufinder\reactClient1\index.html
2023-11-25 16:08:04,617 [ERROR] AdobePublisher:162 - Exception while opening the connection: java.net.SocketTimeoutException: Read timed out
2023-11-25 16:08:08,445 [ERROR] LogOutputStream:75 - [STDERR_REDIRECT] SLF4J: Failed to load class "org.slf4j.impl.StaticLoggerBinder".
2023-11-25 16:08:08,446 [ERROR] LogOutputStream:75 - [STDERR_REDIRECT] SLF4J: Defaulting to no-operation (NOP) logger implementation
2023-11-25 16:08:08,451 [ERROR] LogOutputStream:75 - [STDERR_REDIRECT] SLF4J: See http://www.slf4j.org/codes.html#StaticLoggerBinder for further details.
2023-11-25 16:54:13,956 [ERROR] LogOutputStream:75 - [STDERR_REDIRECT] 
2023-11-25 17:16:58,975 [INFO] Activator:176 - 


2023-11-25 17:16:58,983 [INFO] Activator:177 - !SESSION log4j initialized
2023-11-25 17:17:15,526 [INFO] LogOutputStream:77 - [STDOUT_REDIRECT] 
2023-11-25 17:17:26,717 [INFO] ApplicationProperties:184 - Using Application install path: C:\ST\STM32CubeIDE_1.13.1\STM32CubeIDE\plugins\com.st.stm32cube.common.mx_6.9.1.202307191849
2023-11-25 17:17:26,760 [INFO] DbMcusXml:78 - Set database path to: C:\ST\STM32CubeIDE_1.13.1\STM32CubeIDE\plugins\com.st.stm32cube.common.mx_6.9.1.202307191849\\db\/mcu/
2023-11-25 17:17:26,761 [INFO] ApiDb:274 - Set plugin database path to: C:\ST\STM32CubeIDE_1.13.1\STM32CubeIDE\plugins\com.st.stm32cube.common.mx_6.9.1.202307191849\\db\/plugins/boardmanager/
2023-11-25 17:17:26,762 [WARN] ApiDb:259 - Overriding images path with different value:  => C:\ST\STM32CubeIDE_1.13.1\STM32CubeIDE\plugins\com.st.stm32cube.common.mx_6.9.1.202307191849\\db\/plugins/mcufinder/images/
2023-11-25 17:17:26,821 [INFO] ApiDb:250 - Set database path to: C:\Users\DELL\.stmcufinder\plugins\mcufinder//mcu/
2023-11-25 17:17:26,823 [INFO] DbMcusAds:125 - Set database path to: C:\Users\DELL\.stmcufinder\plugins\mcufinder//mcu/
2023-11-25 17:17:26,835 [INFO] CrossReferenceDbSqlite:203 - Set database path to: C:\Users\DELL\.stmcufinder\plugins\mcufinder//mcu/cs/
2023-11-25 17:17:27,062 [INFO] RulesReader:64 - Compatibility file has been processed (293 Rules)
2023-11-25 17:17:27,215 [INFO] DbMcusXml:78 - Set database path to: C:\ST\STM32CubeIDE_1.13.1\STM32CubeIDE\plugins\com.st.stm32cube.common.mx_6.9.1.202307191849\\db\/mcu/
2023-11-25 17:17:27,216 [INFO] ApiDb:274 - Set plugin database path to: C:\ST\STM32CubeIDE_1.13.1\STM32CubeIDE\plugins\com.st.stm32cube.common.mx_6.9.1.202307191849\\db\/plugins/boardmanager/
2023-11-25 17:17:27,216 [INFO] ApiDb:261 - Set plugin images path to: C:\ST\STM32CubeIDE_1.13.1\STM32CubeIDE\plugins\com.st.stm32cube.common.mx_6.9.1.202307191849\\db\/plugins/mcufinder/images/
2023-11-25 17:17:27,216 [WARN] DbFile:41 - Overriding database path with different value: C:\Users\DELL\.stmcufinder\plugins\mcufinder/ => C:\Users\DELL\.stmcufinder\plugins\mcufinder
2023-11-25 17:17:27,216 [INFO] ApiDb:250 - Set database path to: C:\Users\DELL\.stmcufinder\plugins\mcufinder//mcu/
2023-11-25 17:17:27,217 [WARN] DbFile:41 - Overriding database path with different value: C:\Users\DELL\.stmcufinder\plugins\mcufinder/ => C:\Users\DELL\.stmcufinder\plugins\mcufinder
2023-11-25 17:17:27,217 [INFO] DbMcusAds:125 - Set database path to: C:\Users\DELL\.stmcufinder\plugins\mcufinder//mcu/
2023-11-25 17:17:27,217 [WARN] DbFile:41 - Overriding database path with different value: C:\Users\DELL\.stmcufinder\plugins\mcufinder/ => C:\Users\DELL\.stmcufinder\plugins\mcufinder
2023-11-25 17:17:27,217 [WARN] DbFile:41 - Overriding database path with different value: C:\Users\DELL\.stmcufinder\plugins\mcufinder/ => C:\Users\DELL\.stmcufinder\plugins\mcufinder
2023-11-25 17:17:27,217 [INFO] CrossReferenceDbSqlite:203 - Set database path to: C:\Users\DELL\.stmcufinder\plugins\mcufinder//mcu/cs/
2023-11-25 17:17:27,368 [INFO] MainPanel:262 - HeapMemory: 268435456
2023-11-25 17:17:27,567 [INFO] DbMcusXml:78 - Set database path to: C:\ST\STM32CubeIDE_1.13.1\STM32CubeIDE\plugins\com.st.stm32cube.common.mx_6.9.1.202307191849\\db\/mcu/
2023-11-25 17:17:27,567 [INFO] ApiDb:274 - Set plugin database path to: C:\ST\STM32CubeIDE_1.13.1\STM32CubeIDE\plugins\com.st.stm32cube.common.mx_6.9.1.202307191849\\db\/plugins/boardmanager/
2023-11-25 17:17:27,568 [INFO] ApiDb:261 - Set plugin images path to: C:\ST\STM32CubeIDE_1.13.1\STM32CubeIDE\plugins\com.st.stm32cube.common.mx_6.9.1.202307191849\\db\/plugins/mcufinder/images/
2023-11-25 17:17:27,569 [WARN] DbFile:41 - Overriding database path with different value: C:\Users\DELL\.stmcufinder\plugins\mcufinder/ => C:\Users\DELL\.stmcufinder\plugins\mcufinder
2023-11-25 17:17:27,569 [INFO] ApiDb:250 - Set database path to: C:\Users\DELL\.stmcufinder\plugins\mcufinder//mcu/
2023-11-25 17:17:27,570 [WARN] DbFile:41 - Overriding database path with different value: C:\Users\DELL\.stmcufinder\plugins\mcufinder/ => C:\Users\DELL\.stmcufinder\plugins\mcufinder
2023-11-25 17:17:27,570 [INFO] DbMcusAds:125 - Set database path to: C:\Users\DELL\.stmcufinder\plugins\mcufinder//mcu/
2023-11-25 17:17:27,570 [WARN] DbFile:41 - Overriding database path with different value: C:\Users\DELL\.stmcufinder\plugins\mcufinder/ => C:\Users\DELL\.stmcufinder\plugins\mcufinder
2023-11-25 17:17:27,570 [WARN] DbFile:41 - Overriding database path with different value: C:\Users\DELL\.stmcufinder\plugins\mcufinder/ => C:\Users\DELL\.stmcufinder\plugins\mcufinder
2023-11-25 17:17:27,571 [INFO] CrossReferenceDbSqlite:203 - Set database path to: C:\Users\DELL\.stmcufinder\plugins\mcufinder//mcu/cs/
2023-11-25 17:17:27,606 [INFO] ApplicationProperties:184 - Using Application install path: C:\ST\STM32CubeIDE_1.13.1\STM32CubeIDE\plugins\com.st.stm32cube.common.mx_6.9.1.202307191849
2023-11-25 17:17:27,609 [INFO] PluginManage:196 - Search for loadable plugins [exclusion list=, ]
2023-11-25 17:17:27,611 [INFO] PluginManage:310 - Check plugin analytics
2023-11-25 17:17:32,694 [INFO] AnalyticsPlugin:253 - Accepted Software Licenses: STM32CubeMX.6.9.1,STM32CubeMX.6.4.0,STM32CubeMX.6.10.0
2023-11-25 17:17:32,695 [INFO] AnalyticsPlugin:255 - Accepted CMSIS Pack Licenses: 
2023-11-25 17:17:32,696 [INFO] AnalyticsPlugin:257 - Accepted Firmware Licenses: FW.F4.1.27.0
2023-11-25 17:17:32,701 [INFO] PluginManage:359 - Loaded plugin analytics (category:tool,tabindex:-1)
2023-11-25 17:17:32,703 [INFO] PluginManage:310 - Check plugin cadmodel
2023-11-25 17:17:32,717 [INFO] CADModel:105 - Init CAD model plugin
2023-11-25 17:17:32,721 [INFO] PluginManage:359 - Loaded plugin cadmodel (category:power,tabindex:5)
2023-11-25 17:17:32,721 [INFO] PluginManage:310 - Check plugin clock
2023-11-25 17:17:32,747 [INFO] PluginManage:359 - Loaded plugin clock (category:base,tabindex:2)
2023-11-25 17:17:32,748 [INFO] PluginManage:310 - Check plugin ddr
2023-11-25 17:17:32,754 [INFO] PluginManage:359 - Loaded plugin ddr (category:tool,tabindex:6)
2023-11-25 17:17:32,755 [INFO] PluginManage:310 - Check plugin filemanager
2023-11-25 17:17:33,086 [INFO] PluginManage:359 - Loaded plugin filemanager (category:base,tabindex:10)
2023-11-25 17:17:33,087 [INFO] PluginManage:310 - Check plugin ipmanager
2023-11-25 17:17:33,104 [INFO] PluginManage:359 - Loaded plugin ipmanager (category:base,tabindex:5)
2023-11-25 17:17:33,105 [INFO] PluginManage:310 - Check plugin lpbam
2023-11-25 17:17:33,124 [INFO] PluginManage:359 - Loaded plugin lpbam (category:base,tabindex:0)
2023-11-25 17:17:33,124 [INFO] PluginManage:310 - Check plugin memorymap
2023-11-25 17:17:33,171 [INFO] PluginManage:359 - Loaded plugin memorymap (category:base,tabindex:4)
2023-11-25 17:17:33,171 [INFO] PluginManage:310 - Check plugin pinoutandconfiguration
2023-11-25 17:17:33,192 [INFO] PluginManage:359 - Loaded plugin pinoutandconfiguration (category:base,tabindex:1)
2023-11-25 17:17:33,192 [INFO] PluginManage:310 - Check plugin pinoutconfig
2023-11-25 17:17:33,537 [WARN] SupportedApi:132 - Cannot load RTOS API schema: s4s-elt-must-match.1: The content of 'definitions' must match (annotation?, (simpleType | complexType)?, (unique | key | keyref)*)). A problem was found starting at: attribute.
2023-11-25 17:17:34,057 [INFO] PluginManage:359 - Loaded plugin pinoutconfig (category:base,tabindex:0)
2023-11-25 17:17:34,057 [INFO] PluginManage:310 - Check plugin power
2023-11-25 17:17:34,107 [INFO] PluginManage:359 - Loaded plugin power (category:power,tabindex:4)
2023-11-25 17:17:34,107 [INFO] PluginManage:310 - Check plugin projectmanager
2023-11-25 17:17:34,208 [INFO] PluginManage:359 - Loaded plugin projectmanager (category:projectmanager,tabindex:3)
2023-11-25 17:17:34,208 [INFO] PluginManage:310 - Check plugin thirdparty
2023-11-25 17:17:34,493 [INFO] PluginManage:359 - Loaded plugin thirdparty (category:base,tabindex:-1)
2023-11-25 17:17:34,493 [INFO] PluginManage:310 - Check plugin tools
2023-11-25 17:17:34,493 [WARN] IntegrityCheckThread:84 - waiting for thirdparty lock release [integrity check]
2023-11-25 17:17:34,495 [INFO] IntegrityCheckThread:86 - entering critical section [integrity check]
2023-11-25 17:17:34,497 [INFO] ThirdPartyUpdaterWithRetryManager:70 - Updater plugin not ready yet. [1/15]
2023-11-25 17:17:34,499 [INFO] PluginManage:359 - Loaded plugin tools (category:base,tabindex:7)
2023-11-25 17:17:34,500 [INFO] PluginManage:310 - Check plugin tutovideos
2023-11-25 17:17:35,049 [INFO] PluginManage:359 - Loaded plugin tutovideos (category:base,tabindex:-1)
2023-11-25 17:17:35,050 [INFO] PluginManage:310 - Check plugin updater
2023-11-25 17:17:35,071 [INFO] PluginManage:359 - Loaded plugin updater (category:base,tabindex:12)
2023-11-25 17:17:35,071 [INFO] PluginManage:310 - Check plugin userauth
2023-11-25 17:17:35,082 [INFO] UserAuth:113 - Init User Auth plugin
2023-11-25 17:17:35,082 [INFO] PluginManage:359 - Loaded plugin userauth (category:base,tabindex:14)
2023-11-25 17:17:35,083 [INFO] PluginManage:283 - PluginManage : Loaded plugins [17]
2023-11-25 17:17:35,540 [INFO] PinOutPanel:1499 - setPackage(No Configuration,No Configuration)
2023-11-25 17:17:35,746 [INFO] CADModel:165 - CPN selected for project level
2023-11-25 17:17:35,746 [INFO] CADModel:114 - Register for checkConnection events
2023-11-25 17:17:35,785 [INFO] IPUIPlugin:80 - create IPUIPlugin
2023-11-25 17:17:35,786 [INFO] PluginManager:220 - loadIPPluginJar : add adc
2023-11-25 17:17:35,791 [INFO] IPUIPlugin:80 - create IPUIPlugin
2023-11-25 17:17:35,791 [INFO] PluginManager:220 - loadIPPluginJar : add aes
2023-11-25 17:17:35,796 [INFO] IPUIPlugin:80 - create IPUIPlugin
2023-11-25 17:17:35,796 [INFO] PluginManager:220 - loadIPPluginJar : add can
2023-11-25 17:17:35,800 [INFO] IPUIPlugin:80 - create IPUIPlugin
2023-11-25 17:17:35,800 [INFO] PluginManager:220 - loadIPPluginJar : add comp
2023-11-25 17:17:35,806 [INFO] IPUIPlugin:80 - create IPUIPlugin
2023-11-25 17:17:35,806 [INFO] PluginManager:220 - loadIPPluginJar : add cryp
2023-11-25 17:17:35,813 [INFO] IPUIPlugin:80 - create IPUIPlugin
2023-11-25 17:17:35,813 [INFO] PluginManager:220 - loadIPPluginJar : add dfsdm
2023-11-25 17:17:35,821 [INFO] IPUIPlugin:80 - create IPUIPlugin
2023-11-25 17:17:35,822 [INFO] PluginManager:220 - loadIPPluginJar : add dma
2023-11-25 17:17:35,826 [INFO] IPUIPlugin:80 - create IPUIPlugin
2023-11-25 17:17:35,826 [INFO] PluginManager:220 - loadIPPluginJar : add dma3
2023-11-25 17:17:35,829 [INFO] IPUIPlugin:80 - create IPUIPlugin
2023-11-25 17:17:35,829 [INFO] PluginManager:220 - loadIPPluginJar : add fatfs
2023-11-25 17:17:35,836 [INFO] IPUIPlugin:80 - create IPUIPlugin
2023-11-25 17:17:35,837 [INFO] PluginManager:220 - loadIPPluginJar : add fmc
2023-11-25 17:17:35,846 [INFO] IPUIPlugin:80 - create IPUIPlugin
2023-11-25 17:17:35,846 [INFO] PluginManager:220 - loadIPPluginJar : add freertos
2023-11-25 17:17:35,849 [INFO] IPUIPlugin:80 - create IPUIPlugin
2023-11-25 17:17:35,849 [INFO] PluginManager:220 - loadIPPluginJar : add genericplugin
2023-11-25 17:17:35,853 [INFO] IPUIPlugin:80 - create IPUIPlugin
2023-11-25 17:17:35,854 [INFO] PluginManager:220 - loadIPPluginJar : add gfxmmu
2023-11-25 17:17:35,862 [INFO] IPUIPlugin:80 - create IPUIPlugin
2023-11-25 17:17:35,862 [INFO] PluginManager:220 - loadIPPluginJar : add gic
2023-11-25 17:17:35,869 [INFO] IPUIPlugin:80 - create IPUIPlugin
2023-11-25 17:17:35,869 [INFO] PluginManager:220 - loadIPPluginJar : add gpio
2023-11-25 17:17:35,875 [INFO] IPUIPlugin:80 - create IPUIPlugin
2023-11-25 17:17:35,876 [INFO] PluginManager:220 - loadIPPluginJar : add gtzc
2023-11-25 17:17:35,885 [INFO] IPUIPlugin:80 - create IPUIPlugin
2023-11-25 17:17:35,885 [INFO] PluginManager:220 - loadIPPluginJar : add hash
2023-11-25 17:17:35,891 [INFO] IPUIPlugin:80 - create IPUIPlugin
2023-11-25 17:17:35,892 [INFO] PluginManager:220 - loadIPPluginJar : add i2c
2023-11-25 17:17:35,897 [INFO] IPUIPlugin:80 - create IPUIPlugin
2023-11-25 17:17:35,897 [INFO] PluginManager:220 - loadIPPluginJar : add i2s
2023-11-25 17:17:35,903 [INFO] IPUIPlugin:80 - create IPUIPlugin
2023-11-25 17:17:35,903 [INFO] PluginManager:220 - loadIPPluginJar : add i3c
2023-11-25 17:17:35,910 [INFO] IPUIPlugin:80 - create IPUIPlugin
2023-11-25 17:17:35,911 [INFO] PluginManager:220 - loadIPPluginJar : add ipddr
2023-11-25 17:17:35,923 [INFO] IPUIPlugin:80 - create IPUIPlugin
2023-11-25 17:17:35,923 [INFO] PluginManager:220 - loadIPPluginJar : add linkedlist
2023-11-25 17:17:35,929 [INFO] IPUIPlugin:80 - create IPUIPlugin
2023-11-25 17:17:35,929 [INFO] PluginManager:220 - loadIPPluginJar : add lorawan
2023-11-25 17:17:35,932 [INFO] IPUIPlugin:80 - create IPUIPlugin
2023-11-25 17:17:35,932 [INFO] PluginManager:220 - loadIPPluginJar : add ltdc
2023-11-25 17:17:35,943 [INFO] IPUIPlugin:80 - create IPUIPlugin
2023-11-25 17:17:35,944 [INFO] PluginManager:220 - loadIPPluginJar : add mdma
2023-11-25 17:17:35,951 [INFO] IPUIPlugin:80 - create IPUIPlugin
2023-11-25 17:17:35,952 [INFO] PluginManager:220 - loadIPPluginJar : add nvic
2023-11-25 17:17:35,957 [INFO] IPUIPlugin:80 - create IPUIPlugin
2023-11-25 17:17:35,957 [INFO] PluginManager:220 - loadIPPluginJar : add opamp
2023-11-25 17:17:35,964 [INFO] IPUIPlugin:80 - create IPUIPlugin
2023-11-25 17:17:35,965 [INFO] PluginManager:220 - loadIPPluginJar : add openamp
2023-11-25 17:17:35,971 [INFO] IPUIPlugin:80 - create IPUIPlugin
2023-11-25 17:17:35,971 [INFO] PluginManager:220 - loadIPPluginJar : add pdm2pcm
2023-11-25 17:17:35,982 [INFO] IPUIPlugin:80 - create IPUIPlugin
2023-11-25 17:17:35,985 [INFO] PluginManager:220 - loadIPPluginJar : add plateformsettings
2023-11-25 17:17:35,988 [INFO] IPUIPlugin:80 - create IPUIPlugin
2023-11-25 17:17:35,989 [INFO] PluginManager:220 - loadIPPluginJar : add quadspi
2023-11-25 17:17:35,997 [INFO] IPUIPlugin:80 - create IPUIPlugin
2023-11-25 17:17:35,998 [INFO] PluginManager:220 - loadIPPluginJar : add resmgrutility
2023-11-25 17:17:36,004 [INFO] IPUIPlugin:80 - create IPUIPlugin
2023-11-25 17:17:36,004 [INFO] PluginManager:220 - loadIPPluginJar : add sai
2023-11-25 17:17:36,009 [INFO] IPUIPlugin:80 - create IPUIPlugin
2023-11-25 17:17:36,009 [INFO] PluginManager:220 - loadIPPluginJar : add spi
2023-11-25 17:17:36,018 [INFO] IPUIPlugin:80 - create IPUIPlugin
2023-11-25 17:17:36,018 [INFO] PluginManager:220 - loadIPPluginJar : add stm32_wpan
2023-11-25 17:17:36,021 [INFO] IPUIPlugin:80 - create IPUIPlugin
2023-11-25 17:17:36,022 [INFO] PluginManager:220 - loadIPPluginJar : add tim
2023-11-25 17:17:36,027 [INFO] IPUIPlugin:80 - create IPUIPlugin
2023-11-25 17:17:36,027 [INFO] PluginManager:220 - loadIPPluginJar : add touchsensing
2023-11-25 17:17:36,032 [INFO] IPUIPlugin:80 - create IPUIPlugin
2023-11-25 17:17:36,032 [INFO] PluginManager:220 - loadIPPluginJar : add tracer_emb
2023-11-25 17:17:36,035 [INFO] IPUIPlugin:80 - create IPUIPlugin
2023-11-25 17:17:36,035 [INFO] PluginManager:220 - loadIPPluginJar : add ts
2023-11-25 17:17:36,038 [INFO] IPUIPlugin:80 - create IPUIPlugin
2023-11-25 17:17:36,038 [INFO] PluginManager:220 - loadIPPluginJar : add tsc
2023-11-25 17:17:36,042 [INFO] IPUIPlugin:80 - create IPUIPlugin
2023-11-25 17:17:36,043 [INFO] PluginManager:220 - loadIPPluginJar : add ucpd
2023-11-25 17:17:36,048 [INFO] IPUIPlugin:80 - create IPUIPlugin
2023-11-25 17:17:36,048 [INFO] PluginManager:220 - loadIPPluginJar : add usart
2023-11-25 17:17:36,062 [INFO] IPUIPlugin:80 - create IPUIPlugin
2023-11-25 17:17:36,062 [INFO] PluginManager:220 - loadIPPluginJar : add usbx
2023-11-25 17:17:36,232 [INFO] CADModel:165 - CPN selected for project level
2023-11-25 17:17:36,232 [INFO] CADModel:114 - Register for checkConnection events
2023-11-25 17:17:36,233 [FATAL] Updater:308 - Updater called before beeing initialized
2023-11-25 17:17:36,233 [ERROR] CADModel:125 - Updater not yet initialized, retry later 
2023-11-25 17:17:36,476 [INFO] CADModel:165 - CPN selected for project level
2023-11-25 17:17:36,477 [INFO] CADModel:114 - Register for checkConnection events
2023-11-25 17:17:36,477 [FATAL] Updater:308 - Updater called before beeing initialized
2023-11-25 17:17:36,477 [ERROR] CADModel:125 - Updater not yet initialized, retry later 
2023-11-25 17:17:36,483 [FATAL] Updater:308 - Updater called before beeing initialized
2023-11-25 17:17:36,760 [FATAL] Updater:308 - Updater called before beeing initialized
2023-11-25 17:17:36,780 [INFO] DbMcusAds:53 - JSON generation date=Tue Mar 07 03:50:55 PET 2023 (1678179055114)
2023-11-25 17:17:36,780 [FATAL] Updater:308 - Updater called before beeing initialized
2023-11-25 17:17:36,846 [WARN] DetailPanel:346 - Failed to get advertising image, set to default
2023-11-25 17:17:37,015 [FATAL] Updater:308 - Updater called before beeing initialized
2023-11-25 17:17:37,018 [FATAL] Updater:308 - Updater called before beeing initialized
2023-11-25 17:17:37,019 [FATAL] Updater:308 - Updater called before beeing initialized
2023-11-25 17:17:37,019 [WARN] DetailPanel:346 - Failed to get advertising image, set to default
2023-11-25 17:17:37,020 [FATAL] Updater:308 - Updater called before beeing initialized
2023-11-25 17:17:37,127 [ERROR] Updater:1120 - MainUpdater not yet initialized. External WinMGr cannot be set.
2023-11-25 17:17:37,133 [INFO] Updater:1056 - Updater Version found : 6.9.1
2023-11-25 17:17:37,164 [INFO] ApplicationProperties:184 - Using Application install path: C:\ST\STM32CubeIDE_1.13.1\STM32CubeIDE\plugins\com.st.stm32cube.common.mx_6.9.1.202307191849
2023-11-25 17:17:37,499 [INFO] ThirdPartyUpdaterWithRetryManager:70 - Updater plugin not ready yet. [2/15]
2023-11-25 17:17:37,700 [INFO] MainUpdater:2868 - connection check result : 10
2023-11-25 17:17:37,701 [INFO] MainUpdater:285 - Updater Check For Update Now.
2023-11-25 17:17:37,702 [INFO] MicroXplorer:498 - Change Database Version : DB.6.0.91
2023-11-25 17:17:37,712 [INFO] McuFinderGlobals:63 - Set McuFinder mode to 2 (CubeIDE integrated)
2023-11-25 17:17:37,713 [INFO] UserAuth:179 - activating auth plugin
2023-11-25 17:17:37,717 [INFO] UserAuth:393 - Internet connection configuration mode: 1
2023-11-25 17:17:37,807 [INFO] JxBrowserEngine:151 - Initiate JxBrowser Engine with user profile folder
2023-11-25 17:17:38,146 [INFO] CheckServerUpdateThread:120 - End of CheckServer Thread
2023-11-25 17:17:39,082 [INFO] WebApp:157 - Instantiating new browser for Auth
2023-11-25 17:17:40,234 [INFO] WebApp:753 - Register for checkConnection events
2023-11-25 17:17:40,234 [INFO] WebApp:390 - Apply proxy settings
2023-11-25 17:17:40,235 [INFO] WebApp:475 - Chromium requires no authentication
2023-11-25 17:17:40,247 [INFO] WebApp:418 - Direct internet connection detected
2023-11-25 17:17:40,533 [INFO] WebApp:188 - Starting web application
2023-11-25 17:17:40,534 [INFO] WebApp:520 - Web application path used C:\ST\STM32CubeIDE_1.13.1\STM32CubeIDE\plugins\com.st.stm32cube.common.mx_6.9.1.202307191849\db\plugins\mcufinder\reactClient1\index.html
2023-11-25 17:17:41,591 [WARN] PackLoader:240 - Cannot read IP mode file for STMicroelectronics.X-CUBE-AZRTOS-F4.1.1.0
2023-11-25 17:17:42,724 [WARN] PackLoader:240 - Cannot read IP mode file for STMicroelectronics.X-CUBE-TOUCHGFX.4.22.0
2023-11-25 17:17:43,030 [WARN] PackLoader:240 - Cannot read IP mode file for STMicroelectronics.X-CUBE-AI.8.1.0
2023-11-25 17:17:43,187 [INFO] ThirdParty:978 - Integrity check success = true
2023-11-25 17:17:43,187 [INFO] IntegrityCheckThread:100 - exiting critical section [integrity check]
2023-11-25 17:17:43,189 [INFO] IntegrityCheckThread:103 - End integrity checks thread
2023-11-25 17:18:02,746 [ERROR] LogOutputStream:75 - [STDERR_REDIRECT] SLF4J: Failed to load class "org.slf4j.impl.StaticLoggerBinder".
2023-11-25 17:18:02,747 [ERROR] LogOutputStream:75 - [STDERR_REDIRECT] SLF4J: Defaulting to no-operation (NOP) logger implementation
2023-11-25 17:18:02,753 [ERROR] LogOutputStream:75 - [STDERR_REDIRECT] SLF4J: See http://www.slf4j.org/codes.html#StaticLoggerBinder for further details.
2023-11-25 19:12:58,220 [ERROR] LogOutputStream:75 - [STDERR_REDIRECT] 
