2023-10-15 15:12:29,129 [INFO] Activator:176 - 


2023-10-15 15:12:29,145 [INFO] Activator:177 - !SESSION log4j initialized
2023-10-15 15:12:44,796 [INFO] LogOutputStream:77 - [STDOUT_REDIRECT] 
2023-10-15 15:13:12,007 [INFO] ApplicationProperties:184 - Using Application install path: C:\ST\STM32CubeIDE_1.13.1\STM32CubeIDE\plugins\com.st.stm32cube.common.mx_6.9.1.202307191849
2023-10-15 15:13:12,085 [INFO] DbMcusXml:78 - Set database path to: C:\ST\STM32CubeIDE_1.13.1\STM32CubeIDE\plugins\com.st.stm32cube.common.mx_6.9.1.202307191849\\db\/mcu/
2023-10-15 15:13:12,087 [INFO] ApiDb:274 - Set plugin database path to: C:\ST\STM32CubeIDE_1.13.1\STM32CubeIDE\plugins\com.st.stm32cube.common.mx_6.9.1.202307191849\\db\/plugins/boardmanager/
2023-10-15 15:13:12,088 [WARN] ApiDb:259 - Overriding images path with different value:  => C:\ST\STM32CubeIDE_1.13.1\STM32CubeIDE\plugins\com.st.stm32cube.common.mx_6.9.1.202307191849\\db\/plugins/mcufinder/images/
2023-10-15 15:13:12,129 [INFO] ApiDb:250 - Set database path to: C:\Users\DELL\.stmcufinder\plugins\mcufinder//mcu/
2023-10-15 15:13:12,132 [INFO] DbMcusAds:125 - Set database path to: C:\Users\DELL\.stmcufinder\plugins\mcufinder//mcu/
2023-10-15 15:13:12,185 [INFO] CrossReferenceDbSqlite:203 - Set database path to: C:\Users\DELL\.stmcufinder\plugins\mcufinder//mcu/cs/
2023-10-15 15:13:12,787 [INFO] RulesReader:64 - Compatibility file has been processed (293 Rules)
2023-10-15 15:13:13,123 [INFO] DbMcusXml:78 - Set database path to: C:\ST\STM32CubeIDE_1.13.1\STM32CubeIDE\plugins\com.st.stm32cube.common.mx_6.9.1.202307191849\\db\/mcu/
2023-10-15 15:13:13,123 [INFO] ApiDb:274 - Set plugin database path to: C:\ST\STM32CubeIDE_1.13.1\STM32CubeIDE\plugins\com.st.stm32cube.common.mx_6.9.1.202307191849\\db\/plugins/boardmanager/
2023-10-15 15:13:13,123 [INFO] ApiDb:261 - Set plugin images path to: C:\ST\STM32CubeIDE_1.13.1\STM32CubeIDE\plugins\com.st.stm32cube.common.mx_6.9.1.202307191849\\db\/plugins/mcufinder/images/
2023-10-15 15:13:13,124 [WARN] DbFile:41 - Overriding database path with different value: C:\Users\DELL\.stmcufinder\plugins\mcufinder/ => C:\Users\DELL\.stmcufinder\plugins\mcufinder
2023-10-15 15:13:13,124 [INFO] ApiDb:250 - Set database path to: C:\Users\DELL\.stmcufinder\plugins\mcufinder//mcu/
2023-10-15 15:13:13,124 [WARN] DbFile:41 - Overriding database path with different value: C:\Users\DELL\.stmcufinder\plugins\mcufinder/ => C:\Users\DELL\.stmcufinder\plugins\mcufinder
2023-10-15 15:13:13,125 [INFO] DbMcusAds:125 - Set database path to: C:\Users\DELL\.stmcufinder\plugins\mcufinder//mcu/
2023-10-15 15:13:13,125 [WARN] DbFile:41 - Overriding database path with different value: C:\Users\DELL\.stmcufinder\plugins\mcufinder/ => C:\Users\DELL\.stmcufinder\plugins\mcufinder
2023-10-15 15:13:13,125 [WARN] DbFile:41 - Overriding database path with different value: C:\Users\DELL\.stmcufinder\plugins\mcufinder/ => C:\Users\DELL\.stmcufinder\plugins\mcufinder
2023-10-15 15:13:13,125 [INFO] CrossReferenceDbSqlite:203 - Set database path to: C:\Users\DELL\.stmcufinder\plugins\mcufinder//mcu/cs/
2023-10-15 15:13:13,514 [INFO] MainPanel:262 - HeapMemory: 268435456
2023-10-15 15:13:13,955 [INFO] DbMcusXml:78 - Set database path to: C:\ST\STM32CubeIDE_1.13.1\STM32CubeIDE\plugins\com.st.stm32cube.common.mx_6.9.1.202307191849\\db\/mcu/
2023-10-15 15:13:13,955 [INFO] ApiDb:274 - Set plugin database path to: C:\ST\STM32CubeIDE_1.13.1\STM32CubeIDE\plugins\com.st.stm32cube.common.mx_6.9.1.202307191849\\db\/plugins/boardmanager/
2023-10-15 15:13:13,955 [INFO] ApiDb:261 - Set plugin images path to: C:\ST\STM32CubeIDE_1.13.1\STM32CubeIDE\plugins\com.st.stm32cube.common.mx_6.9.1.202307191849\\db\/plugins/mcufinder/images/
2023-10-15 15:13:13,957 [WARN] DbFile:41 - Overriding database path with different value: C:\Users\DELL\.stmcufinder\plugins\mcufinder/ => C:\Users\DELL\.stmcufinder\plugins\mcufinder
2023-10-15 15:13:13,958 [INFO] ApiDb:250 - Set database path to: C:\Users\DELL\.stmcufinder\plugins\mcufinder//mcu/
2023-10-15 15:13:13,958 [WARN] DbFile:41 - Overriding database path with different value: C:\Users\DELL\.stmcufinder\plugins\mcufinder/ => C:\Users\DELL\.stmcufinder\plugins\mcufinder
2023-10-15 15:13:13,959 [INFO] DbMcusAds:125 - Set database path to: C:\Users\DELL\.stmcufinder\plugins\mcufinder//mcu/
2023-10-15 15:13:13,959 [WARN] DbFile:41 - Overriding database path with different value: C:\Users\DELL\.stmcufinder\plugins\mcufinder/ => C:\Users\DELL\.stmcufinder\plugins\mcufinder
2023-10-15 15:13:13,960 [WARN] DbFile:41 - Overriding database path with different value: C:\Users\DELL\.stmcufinder\plugins\mcufinder/ => C:\Users\DELL\.stmcufinder\plugins\mcufinder
2023-10-15 15:13:13,962 [INFO] CrossReferenceDbSqlite:203 - Set database path to: C:\Users\DELL\.stmcufinder\plugins\mcufinder//mcu/cs/
2023-10-15 15:13:14,166 [INFO] ApplicationProperties:184 - Using Application install path: C:\ST\STM32CubeIDE_1.13.1\STM32CubeIDE\plugins\com.st.stm32cube.common.mx_6.9.1.202307191849
2023-10-15 15:13:14,170 [INFO] PluginManage:196 - Search for loadable plugins [exclusion list=, ]
2023-10-15 15:13:14,173 [INFO] PluginManage:310 - Check plugin analytics
2023-10-15 15:13:19,257 [INFO] AnalyticsPlugin:253 - Accepted Software Licenses: 
2023-10-15 15:13:19,259 [INFO] AnalyticsPlugin:255 - Accepted CMSIS Pack Licenses: 
2023-10-15 15:13:19,259 [INFO] AnalyticsPlugin:257 - Accepted Firmware Licenses: FW.F4.1.27.0
2023-10-15 15:13:19,270 [INFO] PluginManage:359 - Loaded plugin analytics (category:tool,tabindex:-1)
2023-10-15 15:13:19,274 [INFO] PluginManage:310 - Check plugin cadmodel
2023-10-15 15:13:19,308 [INFO] CADModel:105 - Init CAD model plugin
2023-10-15 15:13:19,308 [INFO] PluginManage:359 - Loaded plugin cadmodel (category:power,tabindex:5)
2023-10-15 15:13:19,309 [INFO] PluginManage:310 - Check plugin clock
2023-10-15 15:13:19,340 [INFO] PluginManage:359 - Loaded plugin clock (category:base,tabindex:2)
2023-10-15 15:13:19,340 [INFO] PluginManage:310 - Check plugin ddr
2023-10-15 15:13:19,346 [INFO] PluginManage:359 - Loaded plugin ddr (category:tool,tabindex:6)
2023-10-15 15:13:19,347 [INFO] PluginManage:310 - Check plugin filemanager
2023-10-15 15:13:19,693 [INFO] PluginManage:359 - Loaded plugin filemanager (category:base,tabindex:10)
2023-10-15 15:13:19,694 [INFO] PluginManage:310 - Check plugin ipmanager
2023-10-15 15:13:19,712 [INFO] PluginManage:359 - Loaded plugin ipmanager (category:base,tabindex:5)
2023-10-15 15:13:19,712 [INFO] PluginManage:310 - Check plugin lpbam
2023-10-15 15:13:19,732 [INFO] PluginManage:359 - Loaded plugin lpbam (category:base,tabindex:0)
2023-10-15 15:13:19,733 [INFO] PluginManage:310 - Check plugin memorymap
2023-10-15 15:13:19,766 [INFO] PluginManage:359 - Loaded plugin memorymap (category:base,tabindex:4)
2023-10-15 15:13:19,767 [INFO] PluginManage:310 - Check plugin pinoutandconfiguration
2023-10-15 15:13:19,789 [INFO] PluginManage:359 - Loaded plugin pinoutandconfiguration (category:base,tabindex:1)
2023-10-15 15:13:19,789 [INFO] PluginManage:310 - Check plugin pinoutconfig
2023-10-15 15:13:19,997 [WARN] SupportedApi:132 - Cannot load RTOS API schema: s4s-elt-must-match.1: The content of 'definitions' must match (annotation?, (simpleType | complexType)?, (unique | key | keyref)*)). A problem was found starting at: attribute.
2023-10-15 15:13:20,346 [INFO] PluginManage:359 - Loaded plugin pinoutconfig (category:base,tabindex:0)
2023-10-15 15:13:20,346 [INFO] PluginManage:310 - Check plugin power
2023-10-15 15:13:20,379 [INFO] PluginManage:359 - Loaded plugin power (category:power,tabindex:4)
2023-10-15 15:13:20,379 [INFO] PluginManage:310 - Check plugin projectmanager
2023-10-15 15:13:20,416 [INFO] PluginManage:359 - Loaded plugin projectmanager (category:projectmanager,tabindex:3)
2023-10-15 15:13:20,417 [INFO] PluginManage:310 - Check plugin thirdparty
2023-10-15 15:13:20,954 [INFO] PluginManage:359 - Loaded plugin thirdparty (category:base,tabindex:-1)
2023-10-15 15:13:20,955 [INFO] PluginManage:310 - Check plugin tools
2023-10-15 15:13:20,956 [WARN] IntegrityCheckThread:84 - waiting for thirdparty lock release [integrity check]
2023-10-15 15:13:20,958 [INFO] IntegrityCheckThread:86 - entering critical section [integrity check]
2023-10-15 15:13:20,959 [INFO] ThirdPartyUpdaterWithRetryManager:70 - Updater plugin not ready yet. [1/15]
2023-10-15 15:13:20,961 [INFO] PluginManage:359 - Loaded plugin tools (category:base,tabindex:7)
2023-10-15 15:13:20,962 [INFO] PluginManage:310 - Check plugin tutovideos
2023-10-15 15:13:21,499 [INFO] PluginManage:359 - Loaded plugin tutovideos (category:base,tabindex:-1)
2023-10-15 15:13:21,499 [INFO] PluginManage:310 - Check plugin updater
2023-10-15 15:13:21,528 [INFO] PluginManage:359 - Loaded plugin updater (category:base,tabindex:12)
2023-10-15 15:13:21,528 [INFO] PluginManage:310 - Check plugin userauth
2023-10-15 15:13:21,559 [INFO] UserAuth:113 - Init User Auth plugin
2023-10-15 15:13:21,559 [INFO] PluginManage:359 - Loaded plugin userauth (category:base,tabindex:14)
2023-10-15 15:13:21,560 [INFO] PluginManage:283 - PluginManage : Loaded plugins [17]
2023-10-15 15:13:22,389 [INFO] PinOutPanel:1499 - setPackage(No Configuration,No Configuration)
2023-10-15 15:13:23,190 [INFO] CADModel:165 - CPN selected for project level
2023-10-15 15:13:23,191 [INFO] CADModel:114 - Register for checkConnection events
2023-10-15 15:13:23,228 [INFO] IPUIPlugin:80 - create IPUIPlugin
2023-10-15 15:13:23,228 [INFO] PluginManager:220 - loadIPPluginJar : add adc
2023-10-15 15:13:23,235 [INFO] IPUIPlugin:80 - create IPUIPlugin
2023-10-15 15:13:23,236 [INFO] PluginManager:220 - loadIPPluginJar : add aes
2023-10-15 15:13:23,243 [INFO] IPUIPlugin:80 - create IPUIPlugin
2023-10-15 15:13:23,243 [INFO] PluginManager:220 - loadIPPluginJar : add can
2023-10-15 15:13:23,247 [INFO] IPUIPlugin:80 - create IPUIPlugin
2023-10-15 15:13:23,248 [INFO] PluginManager:220 - loadIPPluginJar : add comp
2023-10-15 15:13:23,258 [INFO] IPUIPlugin:80 - create IPUIPlugin
2023-10-15 15:13:23,287 [INFO] PluginManager:220 - loadIPPluginJar : add cryp
2023-10-15 15:13:23,296 [INFO] IPUIPlugin:80 - create IPUIPlugin
2023-10-15 15:13:23,296 [INFO] PluginManager:220 - loadIPPluginJar : add dfsdm
2023-10-15 15:13:23,307 [INFO] IPUIPlugin:80 - create IPUIPlugin
2023-10-15 15:13:23,308 [INFO] PluginManager:220 - loadIPPluginJar : add dma
2023-10-15 15:13:23,318 [INFO] IPUIPlugin:80 - create IPUIPlugin
2023-10-15 15:13:23,318 [INFO] PluginManager:220 - loadIPPluginJar : add dma3
2023-10-15 15:13:23,323 [INFO] IPUIPlugin:80 - create IPUIPlugin
2023-10-15 15:13:23,323 [INFO] PluginManager:220 - loadIPPluginJar : add fatfs
2023-10-15 15:13:23,341 [INFO] IPUIPlugin:80 - create IPUIPlugin
2023-10-15 15:13:23,341 [INFO] PluginManager:220 - loadIPPluginJar : add fmc
2023-10-15 15:13:23,355 [INFO] IPUIPlugin:80 - create IPUIPlugin
2023-10-15 15:13:23,355 [INFO] PluginManager:220 - loadIPPluginJar : add freertos
2023-10-15 15:13:23,359 [INFO] IPUIPlugin:80 - create IPUIPlugin
2023-10-15 15:13:23,359 [INFO] PluginManager:220 - loadIPPluginJar : add genericplugin
2023-10-15 15:13:23,366 [INFO] IPUIPlugin:80 - create IPUIPlugin
2023-10-15 15:13:23,367 [INFO] PluginManager:220 - loadIPPluginJar : add gfxmmu
2023-10-15 15:13:23,424 [INFO] IPUIPlugin:80 - create IPUIPlugin
2023-10-15 15:13:23,425 [INFO] PluginManager:220 - loadIPPluginJar : add gic
2023-10-15 15:13:23,438 [INFO] IPUIPlugin:80 - create IPUIPlugin
2023-10-15 15:13:23,438 [INFO] PluginManager:220 - loadIPPluginJar : add gpio
2023-10-15 15:13:23,448 [INFO] IPUIPlugin:80 - create IPUIPlugin
2023-10-15 15:13:23,449 [INFO] PluginManager:220 - loadIPPluginJar : add gtzc
2023-10-15 15:13:23,456 [INFO] IPUIPlugin:80 - create IPUIPlugin
2023-10-15 15:13:23,456 [INFO] PluginManager:220 - loadIPPluginJar : add hash
2023-10-15 15:13:23,461 [INFO] IPUIPlugin:80 - create IPUIPlugin
2023-10-15 15:13:23,462 [INFO] PluginManager:220 - loadIPPluginJar : add i2c
2023-10-15 15:13:23,490 [INFO] IPUIPlugin:80 - create IPUIPlugin
2023-10-15 15:13:23,490 [INFO] PluginManager:220 - loadIPPluginJar : add i2s
2023-10-15 15:13:23,498 [INFO] IPUIPlugin:80 - create IPUIPlugin
2023-10-15 15:13:23,498 [INFO] PluginManager:220 - loadIPPluginJar : add i3c
2023-10-15 15:13:23,505 [INFO] IPUIPlugin:80 - create IPUIPlugin
2023-10-15 15:13:23,505 [INFO] PluginManager:220 - loadIPPluginJar : add ipddr
2023-10-15 15:13:23,519 [INFO] IPUIPlugin:80 - create IPUIPlugin
2023-10-15 15:13:23,520 [INFO] PluginManager:220 - loadIPPluginJar : add linkedlist
2023-10-15 15:13:23,545 [INFO] IPUIPlugin:80 - create IPUIPlugin
2023-10-15 15:13:23,546 [INFO] PluginManager:220 - loadIPPluginJar : add lorawan
2023-10-15 15:13:23,551 [INFO] IPUIPlugin:80 - create IPUIPlugin
2023-10-15 15:13:23,551 [INFO] PluginManager:220 - loadIPPluginJar : add ltdc
2023-10-15 15:13:23,566 [INFO] IPUIPlugin:80 - create IPUIPlugin
2023-10-15 15:13:23,567 [INFO] PluginManager:220 - loadIPPluginJar : add mdma
2023-10-15 15:13:23,578 [INFO] IPUIPlugin:80 - create IPUIPlugin
2023-10-15 15:13:23,579 [INFO] PluginManager:220 - loadIPPluginJar : add nvic
2023-10-15 15:13:23,590 [INFO] IPUIPlugin:80 - create IPUIPlugin
2023-10-15 15:13:23,590 [INFO] PluginManager:220 - loadIPPluginJar : add opamp
2023-10-15 15:13:23,598 [INFO] IPUIPlugin:80 - create IPUIPlugin
2023-10-15 15:13:23,599 [INFO] PluginManager:220 - loadIPPluginJar : add openamp
2023-10-15 15:13:23,607 [INFO] IPUIPlugin:80 - create IPUIPlugin
2023-10-15 15:13:23,607 [INFO] PluginManager:220 - loadIPPluginJar : add pdm2pcm
2023-10-15 15:13:23,621 [INFO] IPUIPlugin:80 - create IPUIPlugin
2023-10-15 15:13:23,652 [INFO] PluginManager:220 - loadIPPluginJar : add plateformsettings
2023-10-15 15:13:23,663 [INFO] IPUIPlugin:80 - create IPUIPlugin
2023-10-15 15:13:23,663 [INFO] PluginManager:220 - loadIPPluginJar : add quadspi
2023-10-15 15:13:23,676 [INFO] IPUIPlugin:80 - create IPUIPlugin
2023-10-15 15:13:23,676 [INFO] PluginManager:220 - loadIPPluginJar : add resmgrutility
2023-10-15 15:13:23,683 [INFO] IPUIPlugin:80 - create IPUIPlugin
2023-10-15 15:13:23,684 [INFO] PluginManager:220 - loadIPPluginJar : add sai
2023-10-15 15:13:23,690 [INFO] IPUIPlugin:80 - create IPUIPlugin
2023-10-15 15:13:23,690 [INFO] PluginManager:220 - loadIPPluginJar : add spi
2023-10-15 15:13:23,723 [INFO] IPUIPlugin:80 - create IPUIPlugin
2023-10-15 15:13:23,724 [INFO] PluginManager:220 - loadIPPluginJar : add stm32_wpan
2023-10-15 15:13:23,742 [INFO] IPUIPlugin:80 - create IPUIPlugin
2023-10-15 15:13:23,742 [INFO] PluginManager:220 - loadIPPluginJar : add tim
2023-10-15 15:13:23,750 [INFO] IPUIPlugin:80 - create IPUIPlugin
2023-10-15 15:13:23,750 [INFO] PluginManager:220 - loadIPPluginJar : add touchsensing
2023-10-15 15:13:23,754 [INFO] IPUIPlugin:80 - create IPUIPlugin
2023-10-15 15:13:23,755 [INFO] PluginManager:220 - loadIPPluginJar : add tracer_emb
2023-10-15 15:13:23,759 [INFO] IPUIPlugin:80 - create IPUIPlugin
2023-10-15 15:13:23,759 [INFO] PluginManager:220 - loadIPPluginJar : add ts
2023-10-15 15:13:23,763 [INFO] IPUIPlugin:80 - create IPUIPlugin
2023-10-15 15:13:23,763 [INFO] PluginManager:220 - loadIPPluginJar : add tsc
2023-10-15 15:13:23,787 [INFO] IPUIPlugin:80 - create IPUIPlugin
2023-10-15 15:13:23,787 [INFO] PluginManager:220 - loadIPPluginJar : add ucpd
2023-10-15 15:13:23,794 [INFO] IPUIPlugin:80 - create IPUIPlugin
2023-10-15 15:13:23,795 [INFO] PluginManager:220 - loadIPPluginJar : add usart
2023-10-15 15:13:23,803 [INFO] IPUIPlugin:80 - create IPUIPlugin
2023-10-15 15:13:23,804 [INFO] PluginManager:220 - loadIPPluginJar : add usbx
2023-10-15 15:13:23,964 [INFO] ThirdPartyUpdaterWithRetryManager:70 - Updater plugin not ready yet. [2/15]
2023-10-15 15:13:24,148 [INFO] CADModel:165 - CPN selected for project level
2023-10-15 15:13:24,149 [INFO] CADModel:114 - Register for checkConnection events
2023-10-15 15:13:24,149 [FATAL] Updater:308 - Updater called before beeing initialized
2023-10-15 15:13:24,150 [ERROR] CADModel:125 - Updater not yet initialized, retry later 
2023-10-15 15:13:24,531 [INFO] CADModel:165 - CPN selected for project level
2023-10-15 15:13:24,531 [INFO] CADModel:114 - Register for checkConnection events
2023-10-15 15:13:24,532 [FATAL] Updater:308 - Updater called before beeing initialized
2023-10-15 15:13:24,532 [ERROR] CADModel:125 - Updater not yet initialized, retry later 
2023-10-15 15:13:24,541 [FATAL] Updater:308 - Updater called before beeing initialized
2023-10-15 15:13:25,094 [FATAL] Updater:308 - Updater called before beeing initialized
2023-10-15 15:13:25,114 [INFO] DbMcusAds:53 - JSON generation date=Tue Mar 07 03:50:55 PET 2023 (1678179055114)
2023-10-15 15:13:25,115 [FATAL] Updater:308 - Updater called before beeing initialized
2023-10-15 15:13:25,302 [WARN] DetailPanel:346 - Failed to get advertising image, set to default
2023-10-15 15:13:25,637 [FATAL] Updater:308 - Updater called before beeing initialized
2023-10-15 15:13:25,640 [FATAL] Updater:308 - Updater called before beeing initialized
2023-10-15 15:13:25,640 [FATAL] Updater:308 - Updater called before beeing initialized
2023-10-15 15:13:25,641 [WARN] DetailPanel:346 - Failed to get advertising image, set to default
2023-10-15 15:13:25,643 [FATAL] Updater:308 - Updater called before beeing initialized
2023-10-15 15:13:25,850 [ERROR] Updater:1120 - MainUpdater not yet initialized. External WinMGr cannot be set.
2023-10-15 15:13:25,855 [INFO] Updater:1056 - Updater Version found : 6.9.1
2023-10-15 15:13:25,897 [INFO] ApplicationProperties:184 - Using Application install path: C:\ST\STM32CubeIDE_1.13.1\STM32CubeIDE\plugins\com.st.stm32cube.common.mx_6.9.1.202307191849
2023-10-15 15:13:26,718 [INFO] MainUpdater:2868 - connection check result : 10
2023-10-15 15:13:26,719 [INFO] MainUpdater:3562 - Updater definition file requires update
2023-10-15 15:13:26,721 [INFO] MainUpdater:285 - Updater Check For Update Now.
2023-10-15 15:13:26,721 [INFO] MicroXplorer:498 - Change Database Version : DB.6.0.91
2023-10-15 15:13:26,732 [INFO] McuFinderGlobals:63 - Set McuFinder mode to 2 (CubeIDE integrated)
2023-10-15 15:13:26,982 [WARN] MainUpdater:1189 - Updater busy. Cannot search thirdparties
2023-10-15 15:13:26,988 [INFO] ThirdPartyUpdaterWithRetryManager:96 - Updater plugin is busy. [1/15]
2023-10-15 15:13:27,219 [ERROR] AdobePublisher:162 - Exception while opening the connection: java.net.UnknownHostException: stmicroelectronics.d3.sc.omtrdc.net
2023-10-15 15:13:27,219 [ERROR] AdobePublisher:162 - Exception while opening the connection: java.net.UnknownHostException: stmicroelectronics.d3.sc.omtrdc.net
2023-10-15 15:13:27,220 [ERROR] AdobePublisher:162 - Exception while opening the connection: java.net.UnknownHostException: stmicroelectronics.d3.sc.omtrdc.net
2023-10-15 15:13:27,221 [ERROR] AdobePublisher:162 - Exception while opening the connection: java.net.UnknownHostException: stmicroelectronics.d3.sc.omtrdc.net
2023-10-15 15:13:27,221 [ERROR] AdobePublisher:162 - Exception while opening the connection: java.net.UnknownHostException: stmicroelectronics.d3.sc.omtrdc.net
2023-10-15 15:13:27,223 [ERROR] AdobePublisher:162 - Exception while opening the connection: java.net.UnknownHostException: stmicroelectronics.d3.sc.omtrdc.net
2023-10-15 15:13:27,224 [ERROR] AdobePublisher:162 - Exception while opening the connection: java.net.UnknownHostException: stmicroelectronics.d3.sc.omtrdc.net
2023-10-15 15:13:27,225 [ERROR] AdobePublisher:162 - Exception while opening the connection: java.net.UnknownHostException: stmicroelectronics.d3.sc.omtrdc.net
2023-10-15 15:13:27,225 [ERROR] AdobePublisher:162 - Exception while opening the connection: java.net.UnknownHostException: stmicroelectronics.d3.sc.omtrdc.net
2023-10-15 15:13:27,226 [ERROR] AdobePublisher:162 - Exception while opening the connection: java.net.UnknownHostException: stmicroelectronics.d3.sc.omtrdc.net
2023-10-15 15:13:27,227 [ERROR] AdobePublisher:162 - Exception while opening the connection: java.net.UnknownHostException: stmicroelectronics.d3.sc.omtrdc.net
2023-10-15 15:13:27,228 [ERROR] AdobePublisher:162 - Exception while opening the connection: java.net.UnknownHostException: stmicroelectronics.d3.sc.omtrdc.net
2023-10-15 15:13:27,229 [ERROR] AdobePublisher:162 - Exception while opening the connection: java.net.UnknownHostException: stmicroelectronics.d3.sc.omtrdc.net
2023-10-15 15:13:27,230 [ERROR] AdobePublisher:162 - Exception while opening the connection: java.net.UnknownHostException: stmicroelectronics.d3.sc.omtrdc.net
2023-10-15 15:13:27,231 [ERROR] AdobePublisher:162 - Exception while opening the connection: java.net.UnknownHostException: stmicroelectronics.d3.sc.omtrdc.net
2023-10-15 15:13:30,021 [WARN] MainUpdater:1189 - Updater busy. Cannot search thirdparties
2023-10-15 15:13:30,021 [INFO] ThirdPartyUpdaterWithRetryManager:96 - Updater plugin is busy. [2/15]
2023-10-15 15:13:31,303 [INFO] ServerAccessManage:473 - Download File updaters.zip
2023-10-15 15:13:31,918 [INFO] FileExtend:240 - Unzip File : updaters.zip
2023-10-15 15:13:31,919 [INFO] FileExtend:255 - Standard Zip Deflate
2023-10-15 15:13:33,039 [WARN] MainUpdater:1189 - Updater busy. Cannot search thirdparties
2023-10-15 15:13:33,041 [INFO] ThirdPartyUpdaterWithRetryManager:96 - Updater plugin is busy. [3/15]
2023-10-15 15:13:34,666 [INFO] ServerAccessManage:473 - Download File PacksControlFlags.xml
2023-10-15 15:13:36,045 [WARN] MainUpdater:1189 - Updater busy. Cannot search thirdparties
2023-10-15 15:13:36,045 [INFO] ThirdPartyUpdaterWithRetryManager:96 - Updater plugin is busy. [4/15]
2023-10-15 15:13:36,291 [INFO] ServerAccessManage:473 - Download File cubemx.pidx
2023-10-15 15:13:36,569 [INFO] LoadServerUpdatesThread:373 - End of LoadServerUpdate Thread
2023-10-15 15:13:37,144 [INFO] CheckServerUpdateThread:120 - End of CheckServer Thread
2023-10-15 15:13:39,983 [WARN] PackLoader:240 - Cannot read IP mode file for STMicroelectronics.X-CUBE-SMBUS.2.1.0
2023-10-15 15:13:40,294 [WARN] PackLoader:240 - Cannot read IP mode file for STMicroelectronics.X-CUBE-AZRTOS-F7.1.1.0
2023-10-15 15:13:40,398 [WARN] PackLoader:240 - Cannot read IP mode file for STMicroelectronics.FP-SNS-MOTENV1.4.3.2
2023-10-15 15:13:40,503 [WARN] PackLoader:240 - Cannot read IP mode file for STMicroelectronics.FP-SNS-FLIGHT1.5.0.2
2023-10-15 15:13:40,634 [WARN] PackLoader:240 - Cannot read IP mode file for STMicroelectronics.X-CUBE-DISPLAY.3.0.0
2023-10-15 15:13:40,692 [WARN] PackLoader:240 - Cannot read IP mode file for STMicroelectronics.X-CUBE-BLE1.7.0.0
2023-10-15 15:13:40,708 [WARN] PackLoader:240 - Cannot read IP mode file for emotas.I-CUBE-CANOPEN.1.3.0
2023-10-15 15:13:40,732 [WARN] PackLoader:240 - Cannot read IP mode file for STMicroelectronics.X-CUBE-TOUCHGFX.4.22.0
2023-10-15 15:13:41,105 [WARN] PackLoader:240 - Cannot read IP mode file for STMicroelectronics.X-CUBE-TOUCHGFX.4.22.1
2023-10-15 15:13:41,119 [WARN] PackLoader:240 - Cannot read IP mode file for STMicroelectronics.FP-SNS-SMARTAG2.1.2.0
2023-10-15 15:13:41,235 [INFO] LogOutputStream:77 - [STDOUT_REDIRECT] 1 : Invalid condition id : UX_CORESTACK_Condition cause : null
2023-10-15 15:13:41,238 [INFO] LogOutputStream:77 - [STDOUT_REDIRECT] 1 : Invalid condition id : UX_CORESTACK_Condition cause : null
2023-10-15 15:13:41,249 [INFO] LogOutputStream:77 - [STDOUT_REDIRECT] 1 : Invalid condition id : UX_CORESTACK_Condition cause : null
2023-10-15 15:13:41,257 [INFO] LogOutputStream:77 - [STDOUT_REDIRECT] 1 : Invalid condition id : UX_CORESTACK_Condition cause : null
2023-10-15 15:13:41,263 [INFO] LogOutputStream:77 - [STDOUT_REDIRECT] 1 : Invalid condition id : UX_CORESTACK_Condition cause : null
2023-10-15 15:13:41,274 [WARN] PackLoader:240 - Cannot read IP mode file for STMicroelectronics.X-CUBE-AZRTOS-WL.2.0.0
2023-10-15 15:13:41,329 [WARN] PackLoader:240 - Cannot read IP mode file for WES.I-CUBE-Cesium.1.3.0
2023-10-15 15:13:41,340 [WARN] PackLoader:240 - Cannot read IP mode file for STMicroelectronics.X-CUBE-BLE2.3.3.0
2023-10-15 15:13:41,404 [WARN] PackLoader:240 - Cannot read IP mode file for STMicroelectronics.X-CUBE-ALGOBUILD.1.3.0
2023-10-15 15:13:41,499 [WARN] PackLoader:240 - Cannot read IP mode file for STMicroelectronics.X-CUBE-AZRTOS-G0.1.1.0
2023-10-15 15:13:41,529 [WARN] PackLoader:240 - Cannot read IP mode file for STMicroelectronics.X-CUBE-NFC4.3.0.0
2023-10-15 15:13:41,601 [WARN] PackLoader:240 - Cannot read IP mode file for STMicroelectronics.FP-ATR-SIGFOX1.3.2.0
2023-10-15 15:13:41,834 [WARN] PackLoader:240 - Cannot read IP mode file for SEGGER.I-CUBE-embOS.1.3.1
2023-10-15 15:13:42,347 [WARN] PackLoader:240 - Cannot read IP mode file for STMicroelectronics.X-CUBE-GNSS1.6.0.0
2023-10-15 15:13:42,444 [WARN] PackLoader:240 - Cannot read IP mode file for STMicroelectronics.X-CUBE-AZRTOS-F4.1.1.0
2023-10-15 15:13:43,308 [WARN] PackLoader:240 - Cannot read IP mode file for wolfSSL.I-CUBE-wolfSSL.5.6.3
2023-10-15 15:13:43,398 [WARN] PackLoader:240 - Cannot read IP mode file for STMicroelectronics.X-CUBE-AZRTOS-L5.2.0.0
2023-10-15 15:13:43,628 [WARN] PackLoader:240 - Cannot read IP mode file for STMicroelectronics.X-CUBE-MEMS1.9.6.0
2023-10-15 15:13:44,347 [WARN] PackLoader:240 - Cannot read IP mode file for ITTIA_DB.I-CUBE-ITTIADB.8.8.0
2023-10-15 15:13:44,369 [WARN] PackLoader:240 - Cannot read IP mode file for STMicroelectronics.X-CUBE-BLEMGR.2.0.0
2023-10-15 15:13:44,427 [WARN] ConditionMgr:438 - getConditionDescription Invalid condition id : UX DEVICE CLASS RTOS Condition cause : null
2023-10-15 15:13:44,428 [WARN] ConditionMgr:438 - getConditionDescription Invalid condition id : UX DEVICE CLASS RTOS Condition cause : null
2023-10-15 15:13:44,435 [WARN] PackLoader:240 - Cannot read IP mode file for STMicroelectronics.X-CUBE-AZRTOS-H7.3.1.0
2023-10-15 15:13:44,437 [WARN] ConditionMgr:1039 - genDependencies : Invalid condition id : UX DEVICE CLASS RTOS Condition cause : null
2023-10-15 15:13:44,438 [WARN] ConditionMgr:1039 - genDependencies : Invalid condition id : UX DEVICE CLASS RTOS Condition cause : null
2023-10-15 15:13:44,439 [WARN] ConditionMgr:1039 - genDependencies : Invalid condition id : UX DEVICE CLASS RTOS Condition cause : null
2023-10-15 15:13:44,443 [WARN] ConditionMgr:1039 - genDependencies : Invalid condition id : UX DEVICE CLASS RTOS Condition cause : null
2023-10-15 15:13:44,444 [WARN] ConditionMgr:1039 - genDependencies : Invalid condition id : UX DEVICE CLASS RTOS Condition cause : null
2023-10-15 15:13:44,464 [WARN] PackLoader:240 - Cannot read IP mode file for STMicroelectronics.X-CUBE-NFC7.1.0.1
2023-10-15 15:13:44,483 [WARN] PackLoader:240 - Cannot read IP mode file for STMicroelectronics.X-CUBE-NFC6.3.0.0
2023-10-15 15:13:44,524 [WARN] PackLoader:240 - Cannot read IP mode file for STMicroelectronics.X-CUBE-EEPRMA1.4.1.0
2023-10-15 15:13:44,578 [WARN] PackLoader:240 - Cannot read IP mode file for STMicroelectronics.X-CUBE-AI.8.1.0
2023-10-15 15:13:44,775 [WARN] ConditionMgr:438 - getConditionDescription Invalid condition id : LAN8742 Phy interface Condition cause : null
2023-10-15 15:13:44,778 [WARN] PackLoader:240 - Cannot read IP mode file for STMicroelectronics.X-CUBE-AZRTOS-L4.2.0.0
2023-10-15 15:13:44,815 [WARN] ConditionMgr:1039 - genDependencies : Invalid condition id : LAN8742 Phy interface Condition cause : null
2023-10-15 15:13:44,816 [WARN] ConditionMgr:1039 - genDependencies : Invalid condition id : LAN8742 Phy interface Condition cause : null
2023-10-15 15:13:44,818 [WARN] ConditionMgr:1039 - genDependencies : Invalid condition id : LAN8742 Phy interface Condition cause : null
2023-10-15 15:13:44,929 [WARN] PackLoader:240 - Cannot read IP mode file for STMicroelectronics.X-CUBE-SFXS2LP1.4.0.0
2023-10-15 15:13:44,946 [WARN] PackLoader:240 - Cannot read IP mode file for STMicroelectronics.X-CUBE-ISPU.1.1.0
2023-10-15 15:13:44,997 [WARN] ConditionMgr:438 - getConditionDescription Invalid condition id : UX DEVICE CLASS RTOS Condition cause : null
2023-10-15 15:13:44,998 [WARN] ConditionMgr:438 - getConditionDescription Invalid condition id : UX DEVICE CLASS RTOS Condition cause : null
2023-10-15 15:13:45,004 [WARN] PackLoader:240 - Cannot read IP mode file for STMicroelectronics.X-CUBE-AZRTOS-WB.2.0.0
2023-10-15 15:13:45,015 [WARN] ConditionMgr:1039 - genDependencies : Invalid condition id : UX DEVICE CLASS RTOS Condition cause : null
2023-10-15 15:13:45,015 [WARN] ConditionMgr:1039 - genDependencies : Invalid condition id : UX DEVICE CLASS RTOS Condition cause : null
2023-10-15 15:13:45,016 [WARN] ConditionMgr:1039 - genDependencies : Invalid condition id : UX DEVICE CLASS RTOS Condition cause : null
2023-10-15 15:13:45,017 [WARN] ConditionMgr:1039 - genDependencies : Invalid condition id : UX DEVICE CLASS RTOS Condition cause : null
2023-10-15 15:13:45,017 [WARN] ConditionMgr:1039 - genDependencies : Invalid condition id : UX DEVICE CLASS RTOS Condition cause : null
2023-10-15 15:13:45,078 [WARN] PackLoader:240 - Cannot read IP mode file for STMicroelectronics.X-CUBE-SUBG2.5.0.0
2023-10-15 15:13:45,198 [WARN] PackLoader:240 - Cannot read IP mode file for STMicroelectronics.X-CUBE-TOF1.3.3.1
2023-10-15 15:13:45,314 [WARN] PackLoader:240 - Cannot read IP mode file for STMicroelectronics.X-CUBE-AZRTOS-G4.2.0.0
2023-10-15 15:13:45,367 [WARN] PackLoader:240 - Cannot read IP mode file for Infineon.AIROC-Wi-Fi-Bluetooth-STM32.1.5.1
2023-10-15 15:13:45,406 [WARN] PackLoader:240 - Cannot read IP mode file for STMicroelectronics.X-CUBE-FREERTOS.1.1.0
2023-10-15 15:13:45,535 [WARN] PackLoader:240 - Cannot read IP mode file for portGmbH.I-Cube-SoM-uGOAL.1.1.0
2023-10-15 15:13:45,555 [WARN] PackLoader:240 - Cannot read IP mode file for STMicroelectronics.X-CUBE-ALS.1.0.1
2023-10-15 15:13:45,568 [WARN] PackLoader:240 - Cannot read IP mode file for STMicroelectronics.FP-ATR-ASTRA1.2.0.0
2023-10-15 15:13:45,569 [INFO] ThirdParty:978 - Integrity check success = true
2023-10-15 15:13:45,574 [INFO] IntegrityCheckThread:100 - exiting critical section [integrity check]
2023-10-15 15:13:45,574 [INFO] IntegrityCheckThread:103 - End integrity checks thread
2023-10-15 15:13:50,197 [ERROR] LogOutputStream:75 - [STDERR_REDIRECT] SLF4J: Failed to load class "org.slf4j.impl.StaticLoggerBinder".
2023-10-15 15:13:50,198 [ERROR] LogOutputStream:75 - [STDERR_REDIRECT] SLF4J: Defaulting to no-operation (NOP) logger implementation
2023-10-15 15:13:50,250 [ERROR] LogOutputStream:75 - [STDERR_REDIRECT] SLF4J: See http://www.slf4j.org/codes.html#StaticLoggerBinder for further details.
