2023-10-28 15:49:13,060 [INFO] Activator:176 - 


2023-10-28 15:49:13,073 [INFO] Activator:177 - !SESSION log4j initialized
2023-10-28 15:49:28,971 [INFO] LogOutputStream:77 - [STDOUT_REDIRECT] 
2023-10-28 15:49:36,125 [INFO] ApplicationProperties:184 - Using Application install path: C:\ST\STM32CubeIDE_1.13.1\STM32CubeIDE\plugins\com.st.stm32cube.common.mx_6.9.1.202307191849
2023-10-28 15:49:36,157 [INFO] DbMcusXml:78 - Set database path to: C:\ST\STM32CubeIDE_1.13.1\STM32CubeIDE\plugins\com.st.stm32cube.common.mx_6.9.1.202307191849\\db\/mcu/
2023-10-28 15:49:36,158 [INFO] ApiDb:274 - Set plugin database path to: C:\ST\STM32CubeIDE_1.13.1\STM32CubeIDE\plugins\com.st.stm32cube.common.mx_6.9.1.202307191849\\db\/plugins/boardmanager/
2023-10-28 15:49:36,159 [WARN] ApiDb:259 - Overriding images path with different value:  => C:\ST\STM32CubeIDE_1.13.1\STM32CubeIDE\plugins\com.st.stm32cube.common.mx_6.9.1.202307191849\\db\/plugins/mcufinder/images/
2023-10-28 15:49:36,188 [INFO] ApiDb:250 - Set database path to: C:\Users\DELL\.stmcufinder\plugins\mcufinder//mcu/
2023-10-28 15:49:36,190 [INFO] DbMcusAds:125 - Set database path to: C:\Users\DELL\.stmcufinder\plugins\mcufinder//mcu/
2023-10-28 15:49:36,195 [INFO] CrossReferenceDbSqlite:203 - Set database path to: C:\Users\DELL\.stmcufinder\plugins\mcufinder//mcu/cs/
2023-10-28 15:49:36,482 [INFO] RulesReader:64 - Compatibility file has been processed (293 Rules)
2023-10-28 15:49:36,678 [INFO] DbMcusXml:78 - Set database path to: C:\ST\STM32CubeIDE_1.13.1\STM32CubeIDE\plugins\com.st.stm32cube.common.mx_6.9.1.202307191849\\db\/mcu/
2023-10-28 15:49:36,678 [INFO] ApiDb:274 - Set plugin database path to: C:\ST\STM32CubeIDE_1.13.1\STM32CubeIDE\plugins\com.st.stm32cube.common.mx_6.9.1.202307191849\\db\/plugins/boardmanager/
2023-10-28 15:49:36,679 [INFO] ApiDb:261 - Set plugin images path to: C:\ST\STM32CubeIDE_1.13.1\STM32CubeIDE\plugins\com.st.stm32cube.common.mx_6.9.1.202307191849\\db\/plugins/mcufinder/images/
2023-10-28 15:49:36,679 [WARN] DbFile:41 - Overriding database path with different value: C:\Users\DELL\.stmcufinder\plugins\mcufinder/ => C:\Users\DELL\.stmcufinder\plugins\mcufinder
2023-10-28 15:49:36,680 [INFO] ApiDb:250 - Set database path to: C:\Users\DELL\.stmcufinder\plugins\mcufinder//mcu/
2023-10-28 15:49:36,680 [WARN] DbFile:41 - Overriding database path with different value: C:\Users\DELL\.stmcufinder\plugins\mcufinder/ => C:\Users\DELL\.stmcufinder\plugins\mcufinder
2023-10-28 15:49:36,680 [INFO] DbMcusAds:125 - Set database path to: C:\Users\DELL\.stmcufinder\plugins\mcufinder//mcu/
2023-10-28 15:49:36,681 [WARN] DbFile:41 - Overriding database path with different value: C:\Users\DELL\.stmcufinder\plugins\mcufinder/ => C:\Users\DELL\.stmcufinder\plugins\mcufinder
2023-10-28 15:49:36,681 [WARN] DbFile:41 - Overriding database path with different value: C:\Users\DELL\.stmcufinder\plugins\mcufinder/ => C:\Users\DELL\.stmcufinder\plugins\mcufinder
2023-10-28 15:49:36,681 [INFO] CrossReferenceDbSqlite:203 - Set database path to: C:\Users\DELL\.stmcufinder\plugins\mcufinder//mcu/cs/
2023-10-28 15:49:36,864 [INFO] MainPanel:262 - HeapMemory: 268435456
2023-10-28 15:49:37,021 [INFO] DbMcusXml:78 - Set database path to: C:\ST\STM32CubeIDE_1.13.1\STM32CubeIDE\plugins\com.st.stm32cube.common.mx_6.9.1.202307191849\\db\/mcu/
2023-10-28 15:49:37,022 [INFO] ApiDb:274 - Set plugin database path to: C:\ST\STM32CubeIDE_1.13.1\STM32CubeIDE\plugins\com.st.stm32cube.common.mx_6.9.1.202307191849\\db\/plugins/boardmanager/
2023-10-28 15:49:37,022 [INFO] ApiDb:261 - Set plugin images path to: C:\ST\STM32CubeIDE_1.13.1\STM32CubeIDE\plugins\com.st.stm32cube.common.mx_6.9.1.202307191849\\db\/plugins/mcufinder/images/
2023-10-28 15:49:37,023 [WARN] DbFile:41 - Overriding database path with different value: C:\Users\DELL\.stmcufinder\plugins\mcufinder/ => C:\Users\DELL\.stmcufinder\plugins\mcufinder
2023-10-28 15:49:37,023 [INFO] ApiDb:250 - Set database path to: C:\Users\DELL\.stmcufinder\plugins\mcufinder//mcu/
2023-10-28 15:49:37,023 [WARN] DbFile:41 - Overriding database path with different value: C:\Users\DELL\.stmcufinder\plugins\mcufinder/ => C:\Users\DELL\.stmcufinder\plugins\mcufinder
2023-10-28 15:49:37,023 [INFO] DbMcusAds:125 - Set database path to: C:\Users\DELL\.stmcufinder\plugins\mcufinder//mcu/
2023-10-28 15:49:37,023 [WARN] DbFile:41 - Overriding database path with different value: C:\Users\DELL\.stmcufinder\plugins\mcufinder/ => C:\Users\DELL\.stmcufinder\plugins\mcufinder
2023-10-28 15:49:37,024 [WARN] DbFile:41 - Overriding database path with different value: C:\Users\DELL\.stmcufinder\plugins\mcufinder/ => C:\Users\DELL\.stmcufinder\plugins\mcufinder
2023-10-28 15:49:37,024 [INFO] CrossReferenceDbSqlite:203 - Set database path to: C:\Users\DELL\.stmcufinder\plugins\mcufinder//mcu/cs/
2023-10-28 15:49:37,073 [INFO] ApplicationProperties:184 - Using Application install path: C:\ST\STM32CubeIDE_1.13.1\STM32CubeIDE\plugins\com.st.stm32cube.common.mx_6.9.1.202307191849
2023-10-28 15:49:37,077 [INFO] PluginManage:196 - Search for loadable plugins [exclusion list=, ]
2023-10-28 15:49:37,080 [INFO] PluginManage:310 - Check plugin analytics
2023-10-28 15:49:42,021 [INFO] AnalyticsPlugin:253 - Accepted Software Licenses: 
2023-10-28 15:49:42,022 [INFO] AnalyticsPlugin:255 - Accepted CMSIS Pack Licenses: 
2023-10-28 15:49:42,022 [INFO] AnalyticsPlugin:257 - Accepted Firmware Licenses: FW.F4.1.27.0
2023-10-28 15:49:42,029 [INFO] PluginManage:359 - Loaded plugin analytics (category:tool,tabindex:-1)
2023-10-28 15:49:42,030 [INFO] PluginManage:310 - Check plugin cadmodel
2023-10-28 15:49:42,046 [INFO] CADModel:105 - Init CAD model plugin
2023-10-28 15:49:42,047 [INFO] PluginManage:359 - Loaded plugin cadmodel (category:power,tabindex:5)
2023-10-28 15:49:42,047 [INFO] PluginManage:310 - Check plugin clock
2023-10-28 15:49:42,071 [INFO] PluginManage:359 - Loaded plugin clock (category:base,tabindex:2)
2023-10-28 15:49:42,071 [INFO] PluginManage:310 - Check plugin ddr
2023-10-28 15:49:42,076 [INFO] PluginManage:359 - Loaded plugin ddr (category:tool,tabindex:6)
2023-10-28 15:49:42,076 [INFO] PluginManage:310 - Check plugin filemanager
2023-10-28 15:49:42,465 [INFO] PluginManage:359 - Loaded plugin filemanager (category:base,tabindex:10)
2023-10-28 15:49:42,465 [INFO] PluginManage:310 - Check plugin ipmanager
2023-10-28 15:49:42,482 [INFO] PluginManage:359 - Loaded plugin ipmanager (category:base,tabindex:5)
2023-10-28 15:49:42,482 [INFO] PluginManage:310 - Check plugin lpbam
2023-10-28 15:49:42,502 [INFO] PluginManage:359 - Loaded plugin lpbam (category:base,tabindex:0)
2023-10-28 15:49:42,503 [INFO] PluginManage:310 - Check plugin memorymap
2023-10-28 15:49:42,525 [INFO] PluginManage:359 - Loaded plugin memorymap (category:base,tabindex:4)
2023-10-28 15:49:42,526 [INFO] PluginManage:310 - Check plugin pinoutandconfiguration
2023-10-28 15:49:42,541 [INFO] PluginManage:359 - Loaded plugin pinoutandconfiguration (category:base,tabindex:1)
2023-10-28 15:49:42,541 [INFO] PluginManage:310 - Check plugin pinoutconfig
2023-10-28 15:49:42,730 [WARN] SupportedApi:132 - Cannot load RTOS API schema: s4s-elt-must-match.1: The content of 'definitions' must match (annotation?, (simpleType | complexType)?, (unique | key | keyref)*)). A problem was found starting at: attribute.
2023-10-28 15:49:43,044 [INFO] PluginManage:359 - Loaded plugin pinoutconfig (category:base,tabindex:0)
2023-10-28 15:49:43,044 [INFO] PluginManage:310 - Check plugin power
2023-10-28 15:49:43,062 [INFO] PluginManage:359 - Loaded plugin power (category:power,tabindex:4)
2023-10-28 15:49:43,062 [INFO] PluginManage:310 - Check plugin projectmanager
2023-10-28 15:49:43,107 [INFO] PluginManage:359 - Loaded plugin projectmanager (category:projectmanager,tabindex:3)
2023-10-28 15:49:43,107 [INFO] PluginManage:310 - Check plugin thirdparty
2023-10-28 15:49:43,428 [INFO] PluginManage:359 - Loaded plugin thirdparty (category:base,tabindex:-1)
2023-10-28 15:49:43,428 [INFO] PluginManage:310 - Check plugin tools
2023-10-28 15:49:43,458 [INFO] PluginManage:359 - Loaded plugin tools (category:base,tabindex:7)
2023-10-28 15:49:43,458 [INFO] PluginManage:310 - Check plugin tutovideos
2023-10-28 15:49:43,574 [WARN] IntegrityCheckThread:84 - waiting for thirdparty lock release [integrity check]
2023-10-28 15:49:43,576 [INFO] IntegrityCheckThread:86 - entering critical section [integrity check]
2023-10-28 15:49:43,577 [INFO] ThirdPartyUpdaterWithRetryManager:70 - Updater plugin not ready yet. [1/15]
2023-10-28 15:49:43,851 [INFO] PluginManage:359 - Loaded plugin tutovideos (category:base,tabindex:-1)
2023-10-28 15:49:43,852 [INFO] PluginManage:310 - Check plugin updater
2023-10-28 15:49:43,880 [INFO] PluginManage:359 - Loaded plugin updater (category:base,tabindex:12)
2023-10-28 15:49:43,880 [INFO] PluginManage:310 - Check plugin userauth
2023-10-28 15:49:43,889 [INFO] UserAuth:113 - Init User Auth plugin
2023-10-28 15:49:43,890 [INFO] PluginManage:359 - Loaded plugin userauth (category:base,tabindex:14)
2023-10-28 15:49:43,891 [INFO] PluginManage:283 - PluginManage : Loaded plugins [17]
2023-10-28 15:49:44,417 [INFO] PinOutPanel:1499 - setPackage(No Configuration,No Configuration)
2023-10-28 15:49:44,706 [INFO] CADModel:165 - CPN selected for project level
2023-10-28 15:49:44,707 [INFO] CADModel:114 - Register for checkConnection events
2023-10-28 15:49:44,742 [INFO] IPUIPlugin:80 - create IPUIPlugin
2023-10-28 15:49:44,743 [INFO] PluginManager:220 - loadIPPluginJar : add adc
2023-10-28 15:49:44,749 [INFO] IPUIPlugin:80 - create IPUIPlugin
2023-10-28 15:49:44,750 [INFO] PluginManager:220 - loadIPPluginJar : add aes
2023-10-28 15:49:44,756 [INFO] IPUIPlugin:80 - create IPUIPlugin
2023-10-28 15:49:44,757 [INFO] PluginManager:220 - loadIPPluginJar : add can
2023-10-28 15:49:44,761 [INFO] IPUIPlugin:80 - create IPUIPlugin
2023-10-28 15:49:44,761 [INFO] PluginManager:220 - loadIPPluginJar : add comp
2023-10-28 15:49:44,768 [INFO] IPUIPlugin:80 - create IPUIPlugin
2023-10-28 15:49:44,768 [INFO] PluginManager:220 - loadIPPluginJar : add cryp
2023-10-28 15:49:44,774 [INFO] IPUIPlugin:80 - create IPUIPlugin
2023-10-28 15:49:44,774 [INFO] PluginManager:220 - loadIPPluginJar : add dfsdm
2023-10-28 15:49:44,785 [INFO] IPUIPlugin:80 - create IPUIPlugin
2023-10-28 15:49:44,786 [INFO] PluginManager:220 - loadIPPluginJar : add dma
2023-10-28 15:49:44,792 [INFO] IPUIPlugin:80 - create IPUIPlugin
2023-10-28 15:49:44,793 [INFO] PluginManager:220 - loadIPPluginJar : add dma3
2023-10-28 15:49:44,797 [INFO] IPUIPlugin:80 - create IPUIPlugin
2023-10-28 15:49:44,797 [INFO] PluginManager:220 - loadIPPluginJar : add fatfs
2023-10-28 15:49:44,806 [INFO] IPUIPlugin:80 - create IPUIPlugin
2023-10-28 15:49:44,806 [INFO] PluginManager:220 - loadIPPluginJar : add fmc
2023-10-28 15:49:44,817 [INFO] IPUIPlugin:80 - create IPUIPlugin
2023-10-28 15:49:44,818 [INFO] PluginManager:220 - loadIPPluginJar : add freertos
2023-10-28 15:49:44,821 [INFO] IPUIPlugin:80 - create IPUIPlugin
2023-10-28 15:49:44,822 [INFO] PluginManager:220 - loadIPPluginJar : add genericplugin
2023-10-28 15:49:44,828 [INFO] IPUIPlugin:80 - create IPUIPlugin
2023-10-28 15:49:44,828 [INFO] PluginManager:220 - loadIPPluginJar : add gfxmmu
2023-10-28 15:49:44,840 [INFO] IPUIPlugin:80 - create IPUIPlugin
2023-10-28 15:49:44,841 [INFO] PluginManager:220 - loadIPPluginJar : add gic
2023-10-28 15:49:44,850 [INFO] IPUIPlugin:80 - create IPUIPlugin
2023-10-28 15:49:44,851 [INFO] PluginManager:220 - loadIPPluginJar : add gpio
2023-10-28 15:49:44,863 [INFO] IPUIPlugin:80 - create IPUIPlugin
2023-10-28 15:49:44,864 [INFO] PluginManager:220 - loadIPPluginJar : add gtzc
2023-10-28 15:49:44,872 [INFO] IPUIPlugin:80 - create IPUIPlugin
2023-10-28 15:49:44,873 [INFO] PluginManager:220 - loadIPPluginJar : add hash
2023-10-28 15:49:44,880 [INFO] IPUIPlugin:80 - create IPUIPlugin
2023-10-28 15:49:44,880 [INFO] PluginManager:220 - loadIPPluginJar : add i2c
2023-10-28 15:49:44,886 [INFO] IPUIPlugin:80 - create IPUIPlugin
2023-10-28 15:49:44,886 [INFO] PluginManager:220 - loadIPPluginJar : add i2s
2023-10-28 15:49:44,892 [INFO] IPUIPlugin:80 - create IPUIPlugin
2023-10-28 15:49:44,893 [INFO] PluginManager:220 - loadIPPluginJar : add i3c
2023-10-28 15:49:44,899 [INFO] IPUIPlugin:80 - create IPUIPlugin
2023-10-28 15:49:44,899 [INFO] PluginManager:220 - loadIPPluginJar : add ipddr
2023-10-28 15:49:44,913 [INFO] IPUIPlugin:80 - create IPUIPlugin
2023-10-28 15:49:44,914 [INFO] PluginManager:220 - loadIPPluginJar : add linkedlist
2023-10-28 15:49:44,921 [INFO] IPUIPlugin:80 - create IPUIPlugin
2023-10-28 15:49:44,921 [INFO] PluginManager:220 - loadIPPluginJar : add lorawan
2023-10-28 15:49:44,925 [INFO] IPUIPlugin:80 - create IPUIPlugin
2023-10-28 15:49:44,925 [INFO] PluginManager:220 - loadIPPluginJar : add ltdc
2023-10-28 15:49:44,940 [INFO] IPUIPlugin:80 - create IPUIPlugin
2023-10-28 15:49:44,941 [INFO] PluginManager:220 - loadIPPluginJar : add mdma
2023-10-28 15:49:44,953 [INFO] IPUIPlugin:80 - create IPUIPlugin
2023-10-28 15:49:44,953 [INFO] PluginManager:220 - loadIPPluginJar : add nvic
2023-10-28 15:49:44,960 [INFO] IPUIPlugin:80 - create IPUIPlugin
2023-10-28 15:49:44,962 [INFO] PluginManager:220 - loadIPPluginJar : add opamp
2023-10-28 15:49:44,988 [INFO] IPUIPlugin:80 - create IPUIPlugin
2023-10-28 15:49:44,988 [INFO] PluginManager:220 - loadIPPluginJar : add openamp
2023-10-28 15:49:45,001 [INFO] IPUIPlugin:80 - create IPUIPlugin
2023-10-28 15:49:45,002 [INFO] PluginManager:220 - loadIPPluginJar : add pdm2pcm
2023-10-28 15:49:45,019 [INFO] IPUIPlugin:80 - create IPUIPlugin
2023-10-28 15:49:45,025 [INFO] PluginManager:220 - loadIPPluginJar : add plateformsettings
2023-10-28 15:49:45,029 [INFO] IPUIPlugin:80 - create IPUIPlugin
2023-10-28 15:49:45,030 [INFO] PluginManager:220 - loadIPPluginJar : add quadspi
2023-10-28 15:49:45,039 [INFO] IPUIPlugin:80 - create IPUIPlugin
2023-10-28 15:49:45,040 [INFO] PluginManager:220 - loadIPPluginJar : add resmgrutility
2023-10-28 15:49:45,050 [INFO] IPUIPlugin:80 - create IPUIPlugin
2023-10-28 15:49:45,050 [INFO] PluginManager:220 - loadIPPluginJar : add sai
2023-10-28 15:49:45,055 [INFO] IPUIPlugin:80 - create IPUIPlugin
2023-10-28 15:49:45,056 [INFO] PluginManager:220 - loadIPPluginJar : add spi
2023-10-28 15:49:45,071 [INFO] IPUIPlugin:80 - create IPUIPlugin
2023-10-28 15:49:45,072 [INFO] PluginManager:220 - loadIPPluginJar : add stm32_wpan
2023-10-28 15:49:45,083 [INFO] IPUIPlugin:80 - create IPUIPlugin
2023-10-28 15:49:45,083 [INFO] PluginManager:220 - loadIPPluginJar : add tim
2023-10-28 15:49:45,094 [INFO] IPUIPlugin:80 - create IPUIPlugin
2023-10-28 15:49:45,094 [INFO] PluginManager:220 - loadIPPluginJar : add touchsensing
2023-10-28 15:49:45,123 [INFO] IPUIPlugin:80 - create IPUIPlugin
2023-10-28 15:49:45,123 [INFO] PluginManager:220 - loadIPPluginJar : add tracer_emb
2023-10-28 15:49:45,128 [INFO] IPUIPlugin:80 - create IPUIPlugin
2023-10-28 15:49:45,129 [INFO] PluginManager:220 - loadIPPluginJar : add ts
2023-10-28 15:49:45,135 [INFO] IPUIPlugin:80 - create IPUIPlugin
2023-10-28 15:49:45,136 [INFO] PluginManager:220 - loadIPPluginJar : add tsc
2023-10-28 15:49:45,141 [INFO] IPUIPlugin:80 - create IPUIPlugin
2023-10-28 15:49:45,141 [INFO] PluginManager:220 - loadIPPluginJar : add ucpd
2023-10-28 15:49:45,151 [INFO] IPUIPlugin:80 - create IPUIPlugin
2023-10-28 15:49:45,151 [INFO] PluginManager:220 - loadIPPluginJar : add usart
2023-10-28 15:49:45,158 [INFO] IPUIPlugin:80 - create IPUIPlugin
2023-10-28 15:49:45,158 [INFO] PluginManager:220 - loadIPPluginJar : add usbx
2023-10-28 15:49:45,637 [INFO] CADModel:165 - CPN selected for project level
2023-10-28 15:49:45,638 [INFO] CADModel:114 - Register for checkConnection events
2023-10-28 15:49:45,638 [FATAL] Updater:308 - Updater called before beeing initialized
2023-10-28 15:49:45,639 [ERROR] CADModel:125 - Updater not yet initialized, retry later 
2023-10-28 15:49:46,297 [INFO] CADModel:165 - CPN selected for project level
2023-10-28 15:49:46,298 [INFO] CADModel:114 - Register for checkConnection events
2023-10-28 15:49:46,298 [FATAL] Updater:308 - Updater called before beeing initialized
2023-10-28 15:49:46,298 [ERROR] CADModel:125 - Updater not yet initialized, retry later 
2023-10-28 15:49:46,305 [FATAL] Updater:308 - Updater called before beeing initialized
2023-10-28 15:49:46,578 [INFO] ThirdPartyUpdaterWithRetryManager:70 - Updater plugin not ready yet. [2/15]
2023-10-28 15:49:46,668 [FATAL] Updater:308 - Updater called before beeing initialized
2023-10-28 15:49:46,682 [INFO] DbMcusAds:53 - JSON generation date=Tue Mar 07 03:50:55 PET 2023 (1678179055114)
2023-10-28 15:49:46,683 [FATAL] Updater:308 - Updater called before beeing initialized
2023-10-28 15:49:46,791 [WARN] DetailPanel:346 - Failed to get advertising image, set to default
2023-10-28 15:49:47,115 [FATAL] Updater:308 - Updater called before beeing initialized
2023-10-28 15:49:47,119 [FATAL] Updater:308 - Updater called before beeing initialized
2023-10-28 15:49:47,119 [FATAL] Updater:308 - Updater called before beeing initialized
2023-10-28 15:49:47,120 [WARN] DetailPanel:346 - Failed to get advertising image, set to default
2023-10-28 15:49:47,121 [FATAL] Updater:308 - Updater called before beeing initialized
2023-10-28 15:49:47,603 [ERROR] Updater:1120 - MainUpdater not yet initialized. External WinMGr cannot be set.
2023-10-28 15:49:47,607 [INFO] Updater:1056 - Updater Version found : 6.9.1
2023-10-28 15:49:47,642 [INFO] ApplicationProperties:184 - Using Application install path: C:\ST\STM32CubeIDE_1.13.1\STM32CubeIDE\plugins\com.st.stm32cube.common.mx_6.9.1.202307191849
2023-10-28 15:49:49,399 [INFO] MainUpdater:2868 - connection check result : 10
2023-10-28 15:49:49,400 [INFO] MainUpdater:285 - Updater Check For Update Now.
2023-10-28 15:49:49,401 [INFO] MicroXplorer:498 - Change Database Version : DB.6.0.91
2023-10-28 15:49:49,413 [INFO] McuFinderGlobals:63 - Set McuFinder mode to 2 (CubeIDE integrated)
2023-10-28 15:49:49,634 [WARN] MainUpdater:1189 - Updater busy. Cannot search thirdparties
2023-10-28 15:49:49,635 [INFO] ThirdPartyUpdaterWithRetryManager:96 - Updater plugin is busy. [1/15]
2023-10-28 15:49:49,748 [INFO] CheckServerUpdateThread:120 - End of CheckServer Thread
2023-10-28 15:49:49,834 [INFO] MainUpdater:2868 - connection check result : 10
2023-10-28 15:49:50,688 [INFO] ApiDb:581 - Connected to CubeFinder SQLite database (C:\Users\DELL\.stmcufinder\plugins\mcufinder\mcu\cube-finder-db.db)
2023-10-28 15:49:50,872 [INFO] ApiDb:668 - CubeFinder database Data Model version=2.1
2023-10-28 15:49:50,873 [INFO] ApiDb:669 - CubeFinder database Configuration version=3.0.37
2023-10-28 15:49:50,875 [INFO] ApiDb:670 - CubeFinder database generation date=2023-10-13 (1697197505)
2023-10-28 15:49:50,875 [INFO] ApiDb:671 - CubeFinder database FW Pack versions=[FP-ATR-ASTRA1_V2.0.0, FP-SNS-FLIGHT1_V5.0.1, FP-SNS-FLIGHT1_V5.0.2, FP-SNS-MOTENV1_V4.3.1, FP-SNS-MOTENV1_V4.3.2, FP-SNS-SMARTAG2_V1.2.0, I-CUBE-ITTIADB_V8.6.3-1, STM32Cube_FW_C0_V1.1.0, STM32Cube_FW_F4_V1.27.1, STM32Cube_FW_F7_V1.17.0, STM32Cube_FW_G0_V1.6.1, STM32Cube_FW_G4_V1.5.1, STM32Cube_FW_H5_V0.5.1, STM32Cube_FW_H5_V1.1.1, STM32Cube_FW_H7_V1.11.0, STM32Cube_FW_L0_V1.12.2, STM32Cube_FW_L5_V1.5.0, STM32Cube_FW_U5_V1.3.0, STM32Cube_FW_U5_V1.3.0RC4, STM32Cube_FW_WBA_V1.0.0RC1, STM32Cube_FW_WBA_V1.1.0RC1, STM32Cube_FW_WBA_V1.1.1, STM32Cube_FW_WB_V1.15.0RC1, STM32Cube_FW_WB_V1.16.0, STM32Cube_FW_WB_V1.16.0RC2, STM32Cube_FW_WB_V1.17.3, STM32Cube_FW_WL_V1.3.0, X-CUBE-ALGOBUILD_V1.3.0, X-CUBE-ALS_V1.0.1, X-CUBE-AZRTOS-F4_V1.1.0, X-CUBE-AZRTOS-F7_V1.1.0, X-CUBE-AZRTOS-G0_V1.1.0, X-CUBE-AZRTOS-G4_V2.0.0, X-CUBE-AZRTOS-H7_V3.1.0, X-CUBE-AZRTOS-L4_V1.0.0, X-CUBE-AZRTOS-L4_V2.0.0, X-CUBE-AZRTOS-L5_V1.1.0, X-CUBE-AZRTOS-WB_V2.0.0, X-CUBE-AZRTOS-WL_V2.0.0, X-CUBE-BLE1_V7.0.0, X-CUBE-BLE2_V3.3.0, X-CUBE-BLEMGR_V2.0.0, X-CUBE-EEPRMA1_V4.1.0, X-CUBE-FREERTOS_V1.1.0, X-CUBE-GNSS1_V6.0.0, X-CUBE-MEMS1_V10.0.0, X-CUBE-MEMS1_V9.1.0, X-CUBE-MEMS1_V9.4.0, X-CUBE-MEMS1_V9.6.0, X-CUBE-NFC4_V3.0.0, X-CUBE-NFC7_V1.0.1, X-CUBE-SFXS2LP1_V4.0.0, X-CUBE-SUBG2_V5.0.0, X-CUBE-TOF1_V3.3.1]
2023-10-28 15:49:51,095 [INFO] DbBoardsSqlite:226 - include board P-NUCLEO-WB55-NUCLEO as a kit item of type 'Nucleo-64'
2023-10-28 15:49:51,095 [INFO] DbBoardsSqlite:226 - include board P-NUCLEO-WB55-USBDONGLE as a kit item of type 'Nucleo USB Dongle'
2023-10-28 15:49:51,096 [INFO] DbBoardsSqlite:226 - include board STEVAL-IDP005V1 as a kit item of type 'Evaluation Board'
2023-10-28 15:49:51,097 [INFO] DbBoardsSqlite:226 - include board STEVAL-IDP005V2 as a kit item of type 'Evaluation Board'
2023-10-28 15:49:51,266 [INFO] ApiDb:240 - Found 323 in-development CPN: [B-G473E-ZEST1S, B-WB1M-WPAN1, B-WL5M-SUBG1, NUCLEO-C031C6, NUCLEO-H503RB, NUCLEO-H563ZI, NUCLEO-U545RE-Q, NUCLEO-U5A5ZJ-Q, NUCLEO-WBA52CG, STEVAL-PROTEUS1, STEVAL-SMARTAG2, STEVAL-STWINBX1, STM320518-EVAL, STM32C0116-DK, STM32C011D6Y3TR, STM32C011D6Y6TR, STM32C011F4P3, STM32C011F4P6, STM32C011F4U3, STM32C011F4U6TR, STM32C011F6P3, STM32C011F6P6, STM32C011F6U3, STM32C011F6U6TR, STM32C011J4M3, STM32C011J4M6, STM32C011J6M3, STM32C011J6M6, STM32C0316-DK, STM32C031C4T3, STM32C031C4T6, STM32C031C4U3, STM32C031C4U6, STM32C031C6T3, STM32C031C6T6, STM32C031C6U3, STM32C031C6U6, STM32C031F4P3, STM32C031F4P6, STM32C031F6P3, STM32C031F6P6, STM32C031G4U3, STM32C031G4U6, STM32C031G6U3, STM32C031G6U6, STM32C031K4T3, STM32C031K4T6, STM32C031K4U3, STM32C031K4U6, STM32C031K6T3, STM32C031K6T6, STM32C031K6U3, STM32C031K6U6, STM32G071K8TXN, STM32G071K8UXN, STM32G081GBU6N, STM32G081KBT6N, STM32G081KBUXN, STM32G0B1CCT6N, STM32G0B1KCT6, STM32G0B1NEY6TR, STM32G0B1RCT6N, STM32G0C1CCT6, STM32G0C1CCT6N, STM32G0C1CCU6N, STM32G0C1CET6N, STM32G0C1CEU6N, STM32G0C1KCT6, STM32G0C1NEY6TR, STM32G0C1RCI6N, STM32G0C1RCT6N, STM32G0C1REI6N, STM32G0C1RET6N, STM32G0C1VCI6, STM32G0C1VEI6, STM32G471CCT6, STM32G471CCU6, STM32G471CET3, STM32G471CET6, STM32G471CEU3, STM32G471CEU6, STM32G471MCT6, STM32G471MET3, STM32G471MET6, STM32G471MEY6TR, STM32G471QCT6, STM32G471QET3, STM32G471RCT6, STM32G471RET3, STM32G471RET6, STM32G471VCH6, STM32G471VCI6, STM32G471VCT6, STM32G471VEH3, STM32G471VEH6, STM32G471VEI3, STM32G471VEI6, STM32G471VET3, STM32G471VET6, STM32G474CCT6, STM32H503CBT6, STM32H503CBU6, STM32H503EBY6TR, STM32H503KBU6, STM32H503RBT6, STM32H562AGI6, STM32H562AII6, STM32H562IGK6, STM32H562IGT6, STM32H562IIK6, STM32H562IIT6, STM32H562RGT6, STM32H562RGV6, STM32H562RIT6, STM32H562RIV6, STM32H562VGT6, STM32H562VIT6, STM32H562ZGT6, STM32H562ZIT6, STM32H563AGI6, STM32H563AII3Q, STM32H563AII6, STM32H563IGK6, STM32H563IGT6, STM32H563IIK3Q, STM32H563IIK6, STM32H563IIT3Q, STM32H563IIT6, STM32H563MIY3QTR, STM32H563RGT6, STM32H563RGV6, STM32H563RIT6, STM32H563RIV6, STM32H563VGT6, STM32H563VIT3Q, STM32H563VIT6, STM32H563ZGT6, STM32H563ZIT3Q, STM32H563ZIT6, STM32H573AII3Q, STM32H573AII6, STM32H573I-DK, STM32H573IIK3Q, STM32H573IIK6, STM32H573IIT3Q, STM32H573IIT6, STM32H573MIY3QTR, STM32H573RIT6, STM32H573RIV6, STM32H573VIT3Q, STM32H573VIT6, STM32H573ZIT3Q, STM32H573ZIT6, STM32L4R5QGI6STR, STM32MP131AAE3, STM32MP131AAF3, STM32MP131AAG3, STM32MP131CAE3, STM32MP131CAF3, STM32MP131CAG3, STM32MP131DAE7, STM32MP131DAF7, STM32MP131DAG7, STM32MP131FAE7, STM32MP131FAF7, STM32MP131FAG7, STM32MP133AAE3, STM32MP133AAF3, STM32MP133AAG3, STM32MP133CAE3, STM32MP133CAF3, STM32MP133CAG3, STM32MP133DAE7, STM32MP133DAF7, STM32MP133DAG7, STM32MP133FAE7, STM32MP133FAF7, STM32MP133FAG7, STM32MP135AAE3, STM32MP135AAF3, STM32MP135AAG3, STM32MP135CAE3, STM32MP135CAF3, STM32MP135CAG3, STM32MP135DAE7, STM32MP135DAF7, STM32MP135DAG7, STM32MP135F-DK, STM32MP135FAE7, STM32MP135FAF7, STM32MP135FAF7T, STM32MP135FAF7U, STM32MP135FAG7, STM32U535CBT6, STM32U535CBT6Q, STM32U535CBU6, STM32U535CBU6Q, STM32U535CCT6, STM32U535CCT6Q, STM32U535CCU6, STM32U535CCU6Q, STM32U535CET6, STM32U535CET6Q, STM32U535CEU6, STM32U535CEU6Q, STM32U535JEY6QTR, STM32U535NCY6QTR, STM32U535NEY6QTR, STM32U535RBI6, STM32U535RBI6Q, STM32U535RBT6, STM32U535RBT6Q, STM32U535RCI6, STM32U535RCI6Q, STM32U535RCT6, STM32U535RCT6Q, STM32U535REI6, STM32U535REI6Q, STM32U535RET6, STM32U535RET6Q, STM32U535VCI6, STM32U535VCI6Q, STM32U535VCT6, STM32U535VCT6Q, STM32U535VEI6, STM32U535VEI6Q, STM32U535VET6, STM32U535VET6Q, STM32U545CET6, STM32U545CET6Q, STM32U545CEU6, STM32U545CEU6Q, STM32U545JEY6QTR, STM32U545NEY6QTR, STM32U545REI6, STM32U545REI6Q, STM32U545RET6, STM32U545RET6Q, STM32U545VEI6, STM32U545VEI6Q, STM32U545VET6, STM32U545VET6Q, STM32U595AIH6, STM32U595AIH6Q, STM32U595AJH6, STM32U595AJH6Q, STM32U595QII6, STM32U595QII6Q, STM32U595QJI6, STM32U595QJI6Q, STM32U595RIT6, STM32U595RIT6Q, STM32U595RJT6, STM32U595RJT6Q, STM32U595VIT6, STM32U595VIT6Q, STM32U595VJT6, STM32U595VJT6Q, STM32U595ZIT6, STM32U595ZIT6Q, STM32U595ZIY6QTR, STM32U595ZJT6, STM32U595ZJT6Q, STM32U595ZJY6QTR, STM32U599BJY6QTR, STM32U599NIH6Q, STM32U599NJH6Q, STM32U599VIT6Q, STM32U599VJT6, STM32U599VJT6Q, STM32U599ZIT6Q, STM32U599ZIY6QTR, STM32U599ZJT6Q, STM32U599ZJY6QTR, STM32U5A5AJH6, STM32U5A5AJH6Q, STM32U5A5QJI6, STM32U5A5QJI6Q, STM32U5A5RJT6, STM32U5A5RJT6Q, STM32U5A5VJT6, STM32U5A5VJT6Q, STM32U5A5ZJT6, STM32U5A5ZJT6Q, STM32U5A5ZJY6QTR, STM32U5A9BJY6QTR, STM32U5A9J-DK, STM32U5A9NJH6Q, STM32U5A9VJT6Q, STM32U5A9ZJT6Q, STM32U5A9ZJY6QTR, STM32U5F7VIT6, STM32U5F7VIT6Q, STM32U5F7VJT6, STM32U5F7VJT6Q, STM32U5F9BJY6QTR, STM32U5F9NJH6Q, STM32U5F9VIT6Q, STM32U5F9VJT6Q, STM32U5F9ZIJ6QTR, STM32U5F9ZIT6Q, STM32U5F9ZJJ6QTR, STM32U5F9ZJT6Q, STM32U5G7VJT6, STM32U5G7VJT6Q, STM32U5G9BJY6QTR, STM32U5G9J-DK1, STM32U5G9J-DK2, STM32U5G9NJH6Q, STM32U5G9VJT6Q, STM32U5G9ZJJ6QTR, STM32U5G9ZJT6Q, STM32WB1MMCH6, STM32WBA52CEU6, STM32WBA52CEU6T, STM32WBA52CGU6, STM32WBA52CGU6T, STM32WBA52KEU6, STM32WBA52KEU6T, STM32WBA52KGU6, STM32WBA52KGU6T, STM32WL5MOCH6, STM32WL5MOCH6TR]
2023-10-28 15:49:51,588 [INFO] BoardInfo:880 - No configuration file found for board P-NUCLEO-WB55
2023-10-28 15:49:51,589 [INFO] DbBoards:157 - Kit is not supported: P-NUCLEO-WB55
2023-10-28 15:49:51,620 [INFO] BoardInfo:880 - No configuration file found for board STEVAL-BFA001V1B
2023-10-28 15:49:51,620 [INFO] DbBoards:157 - Kit is not supported: STEVAL-BFA001V1B
2023-10-28 15:49:51,623 [INFO] BoardInfo:880 - No configuration file found for board STEVAL-BFA001V2B
2023-10-28 15:49:51,624 [INFO] DbBoards:157 - Kit is not supported: STEVAL-BFA001V2B
2023-10-28 15:49:52,001 [INFO] DbBoards:161 - Found 190 boards, 187 are supported
2023-10-28 15:49:52,009 [INFO] ApiDb:668 - CubeFinder database Data Model version=2.1
2023-10-28 15:49:52,009 [INFO] ApiDb:669 - CubeFinder database Configuration version=3.0.37
2023-10-28 15:49:52,010 [INFO] ApiDb:670 - CubeFinder database generation date=2023-10-13 (1697197505)
2023-10-28 15:49:52,010 [INFO] ApiDb:671 - CubeFinder database FW Pack versions=[FP-ATR-ASTRA1_V2.0.0, FP-SNS-FLIGHT1_V5.0.1, FP-SNS-FLIGHT1_V5.0.2, FP-SNS-MOTENV1_V4.3.1, FP-SNS-MOTENV1_V4.3.2, FP-SNS-SMARTAG2_V1.2.0, I-CUBE-ITTIADB_V8.6.3-1, STM32Cube_FW_C0_V1.1.0, STM32Cube_FW_F4_V1.27.1, STM32Cube_FW_F7_V1.17.0, STM32Cube_FW_G0_V1.6.1, STM32Cube_FW_G4_V1.5.1, STM32Cube_FW_H5_V0.5.1, STM32Cube_FW_H5_V1.1.1, STM32Cube_FW_H7_V1.11.0, STM32Cube_FW_L0_V1.12.2, STM32Cube_FW_L5_V1.5.0, STM32Cube_FW_U5_V1.3.0, STM32Cube_FW_U5_V1.3.0RC4, STM32Cube_FW_WBA_V1.0.0RC1, STM32Cube_FW_WBA_V1.1.0RC1, STM32Cube_FW_WBA_V1.1.1, STM32Cube_FW_WB_V1.15.0RC1, STM32Cube_FW_WB_V1.16.0, STM32Cube_FW_WB_V1.16.0RC2, STM32Cube_FW_WB_V1.17.3, STM32Cube_FW_WL_V1.3.0, X-CUBE-ALGOBUILD_V1.3.0, X-CUBE-ALS_V1.0.1, X-CUBE-AZRTOS-F4_V1.1.0, X-CUBE-AZRTOS-F7_V1.1.0, X-CUBE-AZRTOS-G0_V1.1.0, X-CUBE-AZRTOS-G4_V2.0.0, X-CUBE-AZRTOS-H7_V3.1.0, X-CUBE-AZRTOS-L4_V1.0.0, X-CUBE-AZRTOS-L4_V2.0.0, X-CUBE-AZRTOS-L5_V1.1.0, X-CUBE-AZRTOS-WB_V2.0.0, X-CUBE-AZRTOS-WL_V2.0.0, X-CUBE-BLE1_V7.0.0, X-CUBE-BLE2_V3.3.0, X-CUBE-BLEMGR_V2.0.0, X-CUBE-EEPRMA1_V4.1.0, X-CUBE-FREERTOS_V1.1.0, X-CUBE-GNSS1_V6.0.0, X-CUBE-MEMS1_V10.0.0, X-CUBE-MEMS1_V9.1.0, X-CUBE-MEMS1_V9.4.0, X-CUBE-MEMS1_V9.6.0, X-CUBE-NFC4_V3.0.0, X-CUBE-NFC7_V1.0.1, X-CUBE-SFXS2LP1_V4.0.0, X-CUBE-SUBG2_V5.0.0, X-CUBE-TOF1_V3.3.1]
2023-10-28 15:49:53,143 [WARN] PackLoader:240 - Cannot read IP mode file for STMicroelectronics.X-CUBE-SMBUS.2.1.0
2023-10-28 15:49:53,247 [WARN] PackLoader:240 - Cannot read IP mode file for STMicroelectronics.X-CUBE-AZRTOS-F7.1.1.0
2023-10-28 15:49:53,279 [WARN] PackLoader:240 - Cannot read IP mode file for STMicroelectronics.FP-SNS-MOTENV1.4.3.2
2023-10-28 15:49:53,295 [WARN] PackLoader:240 - Cannot read IP mode file for STMicroelectronics.FP-SNS-FLIGHT1.5.0.2
2023-10-28 15:49:53,318 [WARN] PackLoader:240 - Cannot read IP mode file for STMicroelectronics.X-CUBE-DISPLAY.3.0.0
2023-10-28 15:49:53,346 [WARN] PackLoader:240 - Cannot read IP mode file for STMicroelectronics.X-CUBE-BLE1.7.0.0
2023-10-28 15:49:53,415 [WARN] PackLoader:240 - Cannot read IP mode file for emotas.I-CUBE-CANOPEN.1.3.0
2023-10-28 15:49:53,431 [WARN] PackLoader:240 - Cannot read IP mode file for STMicroelectronics.X-CUBE-TOUCHGFX.4.22.0
2023-10-28 15:49:53,732 [WARN] PackLoader:240 - Cannot read IP mode file for STMicroelectronics.X-CUBE-TOUCHGFX.4.22.1
2023-10-28 15:49:53,746 [WARN] PackLoader:240 - Cannot read IP mode file for STMicroelectronics.FP-SNS-SMARTAG2.1.2.0
2023-10-28 15:49:53,800 [INFO] LogOutputStream:77 - [STDOUT_REDIRECT] 1 : Invalid condition id : UX_CORESTACK_Condition cause : null
2023-10-28 15:49:53,802 [INFO] LogOutputStream:77 - [STDOUT_REDIRECT] 1 : Invalid condition id : UX_CORESTACK_Condition cause : null
2023-10-28 15:49:53,805 [INFO] LogOutputStream:77 - [STDOUT_REDIRECT] 1 : Invalid condition id : UX_CORESTACK_Condition cause : null
2023-10-28 15:49:53,812 [INFO] LogOutputStream:77 - [STDOUT_REDIRECT] 1 : Invalid condition id : UX_CORESTACK_Condition cause : null
2023-10-28 15:49:53,815 [INFO] LogOutputStream:77 - [STDOUT_REDIRECT] 1 : Invalid condition id : UX_CORESTACK_Condition cause : null
2023-10-28 15:49:53,826 [WARN] PackLoader:240 - Cannot read IP mode file for STMicroelectronics.X-CUBE-AZRTOS-WL.2.0.0
2023-10-28 15:49:53,850 [WARN] PackLoader:240 - Cannot read IP mode file for WES.I-CUBE-Cesium.1.3.0
2023-10-28 15:49:53,860 [WARN] PackLoader:240 - Cannot read IP mode file for STMicroelectronics.X-CUBE-BLE2.3.3.0
2023-10-28 15:49:53,876 [WARN] PackLoader:240 - Cannot read IP mode file for STMicroelectronics.X-CUBE-ALGOBUILD.1.3.0
2023-10-28 15:49:53,942 [WARN] PackLoader:240 - Cannot read IP mode file for STMicroelectronics.X-CUBE-AZRTOS-G0.1.1.0
2023-10-28 15:49:53,965 [WARN] PackLoader:240 - Cannot read IP mode file for STMicroelectronics.X-CUBE-NFC4.3.0.0
2023-10-28 15:49:53,978 [WARN] PackLoader:240 - Cannot read IP mode file for STMicroelectronics.FP-ATR-SIGFOX1.3.2.0
2023-10-28 15:49:54,104 [WARN] PackLoader:240 - Cannot read IP mode file for SEGGER.I-CUBE-embOS.1.3.1
2023-10-28 15:49:54,276 [WARN] PackLoader:240 - Cannot read IP mode file for STMicroelectronics.X-CUBE-GNSS1.6.0.0
2023-10-28 15:49:54,340 [WARN] PackLoader:240 - Cannot read IP mode file for STMicroelectronics.X-CUBE-AZRTOS-F4.1.1.0
2023-10-28 15:49:54,831 [WARN] PackLoader:240 - Cannot read IP mode file for wolfSSL.I-CUBE-wolfSSL.5.6.3
2023-10-28 15:49:54,916 [WARN] PackLoader:240 - Cannot read IP mode file for STMicroelectronics.X-CUBE-AZRTOS-L5.2.0.0
2023-10-28 15:49:55,047 [WARN] PackLoader:240 - Cannot read IP mode file for STMicroelectronics.X-CUBE-MEMS1.9.6.0
2023-10-28 15:49:55,565 [WARN] PackLoader:240 - Cannot read IP mode file for STMicroelectronics.X-CUBE-EEPRMA1.4.2.0
2023-10-28 15:49:55,581 [WARN] PackLoader:240 - Cannot read IP mode file for ITTIA_DB.I-CUBE-ITTIADB.8.8.0
2023-10-28 15:49:55,596 [WARN] PackLoader:240 - Cannot read IP mode file for STMicroelectronics.X-CUBE-BLEMGR.2.0.0
2023-10-28 15:49:55,666 [WARN] ConditionMgr:438 - getConditionDescription Invalid condition id : UX DEVICE CLASS RTOS Condition cause : null
2023-10-28 15:49:55,666 [WARN] ConditionMgr:438 - getConditionDescription Invalid condition id : UX DEVICE CLASS RTOS Condition cause : null
2023-10-28 15:49:55,676 [WARN] PackLoader:240 - Cannot read IP mode file for STMicroelectronics.X-CUBE-AZRTOS-H7.3.1.0
2023-10-28 15:49:55,680 [WARN] ConditionMgr:1039 - genDependencies : Invalid condition id : UX DEVICE CLASS RTOS Condition cause : null
2023-10-28 15:49:55,680 [WARN] ConditionMgr:1039 - genDependencies : Invalid condition id : UX DEVICE CLASS RTOS Condition cause : null
2023-10-28 15:49:55,681 [WARN] ConditionMgr:1039 - genDependencies : Invalid condition id : UX DEVICE CLASS RTOS Condition cause : null
2023-10-28 15:49:55,683 [WARN] ConditionMgr:1039 - genDependencies : Invalid condition id : UX DEVICE CLASS RTOS Condition cause : null
2023-10-28 15:49:55,684 [WARN] ConditionMgr:1039 - genDependencies : Invalid condition id : UX DEVICE CLASS RTOS Condition cause : null
2023-10-28 15:49:55,699 [WARN] PackLoader:240 - Cannot read IP mode file for STMicroelectronics.X-CUBE-NFC7.1.0.1
2023-10-28 15:49:55,716 [WARN] PackLoader:240 - Cannot read IP mode file for STMicroelectronics.X-CUBE-NFC6.3.0.0
2023-10-28 15:49:55,734 [WARN] PackLoader:240 - Cannot read IP mode file for STMicroelectronics.X-CUBE-EEPRMA1.4.1.0
2023-10-28 15:49:55,750 [WARN] PackLoader:240 - Cannot read IP mode file for STMicroelectronics.X-CUBE-AI.8.1.0
2023-10-28 15:49:55,898 [WARN] ConditionMgr:438 - getConditionDescription Invalid condition id : LAN8742 Phy interface Condition cause : null
2023-10-28 15:49:55,899 [WARN] PackLoader:240 - Cannot read IP mode file for STMicroelectronics.X-CUBE-AZRTOS-L4.2.0.0
2023-10-28 15:49:55,979 [WARN] ConditionMgr:1039 - genDependencies : Invalid condition id : LAN8742 Phy interface Condition cause : null
2023-10-28 15:49:55,980 [WARN] ConditionMgr:1039 - genDependencies : Invalid condition id : LAN8742 Phy interface Condition cause : null
2023-10-28 15:49:55,981 [WARN] ConditionMgr:1039 - genDependencies : Invalid condition id : LAN8742 Phy interface Condition cause : null
2023-10-28 15:49:56,021 [WARN] PackLoader:240 - Cannot read IP mode file for STMicroelectronics.X-CUBE-SFXS2LP1.4.0.0
2023-10-28 15:49:56,031 [WARN] PackLoader:240 - Cannot read IP mode file for STMicroelectronics.X-CUBE-ISPU.1.1.0
2023-10-28 15:49:56,100 [WARN] ConditionMgr:438 - getConditionDescription Invalid condition id : UX DEVICE CLASS RTOS Condition cause : null
2023-10-28 15:49:56,100 [WARN] ConditionMgr:438 - getConditionDescription Invalid condition id : UX DEVICE CLASS RTOS Condition cause : null
2023-10-28 15:49:56,105 [WARN] PackLoader:240 - Cannot read IP mode file for STMicroelectronics.X-CUBE-AZRTOS-WB.2.0.0
2023-10-28 15:49:56,107 [WARN] ConditionMgr:1039 - genDependencies : Invalid condition id : UX DEVICE CLASS RTOS Condition cause : null
2023-10-28 15:49:56,108 [WARN] ConditionMgr:1039 - genDependencies : Invalid condition id : UX DEVICE CLASS RTOS Condition cause : null
2023-10-28 15:49:56,109 [WARN] ConditionMgr:1039 - genDependencies : Invalid condition id : UX DEVICE CLASS RTOS Condition cause : null
2023-10-28 15:49:56,109 [WARN] ConditionMgr:1039 - genDependencies : Invalid condition id : UX DEVICE CLASS RTOS Condition cause : null
2023-10-28 15:49:56,110 [WARN] ConditionMgr:1039 - genDependencies : Invalid condition id : UX DEVICE CLASS RTOS Condition cause : null
2023-10-28 15:49:56,132 [WARN] PackLoader:240 - Cannot read IP mode file for STMicroelectronics.X-CUBE-SUBG2.5.0.0
2023-10-28 15:49:56,162 [WARN] PackLoader:240 - Cannot read IP mode file for STMicroelectronics.X-CUBE-TOF1.3.3.1
2023-10-28 15:49:56,245 [WARN] PackLoader:240 - Cannot read IP mode file for STMicroelectronics.X-CUBE-AZRTOS-G4.2.0.0
2023-10-28 15:49:56,277 [WARN] PackLoader:240 - Cannot read IP mode file for Infineon.AIROC-Wi-Fi-Bluetooth-STM32.1.5.1
2023-10-28 15:49:56,420 [WARN] PackLoader:240 - Cannot read IP mode file for STMicroelectronics.X-CUBE-MEMS1.10.0.0
2023-10-28 15:49:56,863 [WARN] PackLoader:240 - Cannot read IP mode file for STMicroelectronics.X-CUBE-FREERTOS.1.1.0
2023-10-28 15:49:56,875 [WARN] PackLoader:240 - Cannot read IP mode file for portGmbH.I-Cube-SoM-uGOAL.1.1.0
2023-10-28 15:49:56,882 [WARN] PackLoader:240 - Cannot read IP mode file for STMicroelectronics.X-CUBE-ALS.1.0.1
2023-10-28 15:49:56,889 [WARN] PackLoader:240 - Cannot read IP mode file for STMicroelectronics.FP-ATR-ASTRA1.2.0.0
2023-10-28 15:49:56,890 [INFO] ThirdParty:978 - Integrity check success = true
2023-10-28 15:49:56,890 [INFO] IntegrityCheckThread:100 - exiting critical section [integrity check]
2023-10-28 15:49:56,891 [INFO] IntegrityCheckThread:103 - End integrity checks thread
2023-10-28 15:50:00,814 [INFO] ApiDb:240 - Found 323 in-development CPN: [B-G473E-ZEST1S, B-WB1M-WPAN1, B-WL5M-SUBG1, NUCLEO-C031C6, NUCLEO-H503RB, NUCLEO-H563ZI, NUCLEO-U545RE-Q, NUCLEO-U5A5ZJ-Q, NUCLEO-WBA52CG, STEVAL-PROTEUS1, STEVAL-SMARTAG2, STEVAL-STWINBX1, STM320518-EVAL, STM32C0116-DK, STM32C011D6Y3TR, STM32C011D6Y6TR, STM32C011F4P3, STM32C011F4P6, STM32C011F4U3, STM32C011F4U6TR, STM32C011F6P3, STM32C011F6P6, STM32C011F6U3, STM32C011F6U6TR, STM32C011J4M3, STM32C011J4M6, STM32C011J6M3, STM32C011J6M6, STM32C0316-DK, STM32C031C4T3, STM32C031C4T6, STM32C031C4U3, STM32C031C4U6, STM32C031C6T3, STM32C031C6T6, STM32C031C6U3, STM32C031C6U6, STM32C031F4P3, STM32C031F4P6, STM32C031F6P3, STM32C031F6P6, STM32C031G4U3, STM32C031G4U6, STM32C031G6U3, STM32C031G6U6, STM32C031K4T3, STM32C031K4T6, STM32C031K4U3, STM32C031K4U6, STM32C031K6T3, STM32C031K6T6, STM32C031K6U3, STM32C031K6U6, STM32G071K8TXN, STM32G071K8UXN, STM32G081GBU6N, STM32G081KBT6N, STM32G081KBUXN, STM32G0B1CCT6N, STM32G0B1KCT6, STM32G0B1NEY6TR, STM32G0B1RCT6N, STM32G0C1CCT6, STM32G0C1CCT6N, STM32G0C1CCU6N, STM32G0C1CET6N, STM32G0C1CEU6N, STM32G0C1KCT6, STM32G0C1NEY6TR, STM32G0C1RCI6N, STM32G0C1RCT6N, STM32G0C1REI6N, STM32G0C1RET6N, STM32G0C1VCI6, STM32G0C1VEI6, STM32G471CCT6, STM32G471CCU6, STM32G471CET3, STM32G471CET6, STM32G471CEU3, STM32G471CEU6, STM32G471MCT6, STM32G471MET3, STM32G471MET6, STM32G471MEY6TR, STM32G471QCT6, STM32G471QET3, STM32G471RCT6, STM32G471RET3, STM32G471RET6, STM32G471VCH6, STM32G471VCI6, STM32G471VCT6, STM32G471VEH3, STM32G471VEH6, STM32G471VEI3, STM32G471VEI6, STM32G471VET3, STM32G471VET6, STM32G474CCT6, STM32H503CBT6, STM32H503CBU6, STM32H503EBY6TR, STM32H503KBU6, STM32H503RBT6, STM32H562AGI6, STM32H562AII6, STM32H562IGK6, STM32H562IGT6, STM32H562IIK6, STM32H562IIT6, STM32H562RGT6, STM32H562RGV6, STM32H562RIT6, STM32H562RIV6, STM32H562VGT6, STM32H562VIT6, STM32H562ZGT6, STM32H562ZIT6, STM32H563AGI6, STM32H563AII3Q, STM32H563AII6, STM32H563IGK6, STM32H563IGT6, STM32H563IIK3Q, STM32H563IIK6, STM32H563IIT3Q, STM32H563IIT6, STM32H563MIY3QTR, STM32H563RGT6, STM32H563RGV6, STM32H563RIT6, STM32H563RIV6, STM32H563VGT6, STM32H563VIT3Q, STM32H563VIT6, STM32H563ZGT6, STM32H563ZIT3Q, STM32H563ZIT6, STM32H573AII3Q, STM32H573AII6, STM32H573I-DK, STM32H573IIK3Q, STM32H573IIK6, STM32H573IIT3Q, STM32H573IIT6, STM32H573MIY3QTR, STM32H573RIT6, STM32H573RIV6, STM32H573VIT3Q, STM32H573VIT6, STM32H573ZIT3Q, STM32H573ZIT6, STM32L4R5QGI6STR, STM32MP131AAE3, STM32MP131AAF3, STM32MP131AAG3, STM32MP131CAE3, STM32MP131CAF3, STM32MP131CAG3, STM32MP131DAE7, STM32MP131DAF7, STM32MP131DAG7, STM32MP131FAE7, STM32MP131FAF7, STM32MP131FAG7, STM32MP133AAE3, STM32MP133AAF3, STM32MP133AAG3, STM32MP133CAE3, STM32MP133CAF3, STM32MP133CAG3, STM32MP133DAE7, STM32MP133DAF7, STM32MP133DAG7, STM32MP133FAE7, STM32MP133FAF7, STM32MP133FAG7, STM32MP135AAE3, STM32MP135AAF3, STM32MP135AAG3, STM32MP135CAE3, STM32MP135CAF3, STM32MP135CAG3, STM32MP135DAE7, STM32MP135DAF7, STM32MP135DAG7, STM32MP135F-DK, STM32MP135FAE7, STM32MP135FAF7, STM32MP135FAF7T, STM32MP135FAF7U, STM32MP135FAG7, STM32U535CBT6, STM32U535CBT6Q, STM32U535CBU6, STM32U535CBU6Q, STM32U535CCT6, STM32U535CCT6Q, STM32U535CCU6, STM32U535CCU6Q, STM32U535CET6, STM32U535CET6Q, STM32U535CEU6, STM32U535CEU6Q, STM32U535JEY6QTR, STM32U535NCY6QTR, STM32U535NEY6QTR, STM32U535RBI6, STM32U535RBI6Q, STM32U535RBT6, STM32U535RBT6Q, STM32U535RCI6, STM32U535RCI6Q, STM32U535RCT6, STM32U535RCT6Q, STM32U535REI6, STM32U535REI6Q, STM32U535RET6, STM32U535RET6Q, STM32U535VCI6, STM32U535VCI6Q, STM32U535VCT6, STM32U535VCT6Q, STM32U535VEI6, STM32U535VEI6Q, STM32U535VET6, STM32U535VET6Q, STM32U545CET6, STM32U545CET6Q, STM32U545CEU6, STM32U545CEU6Q, STM32U545JEY6QTR, STM32U545NEY6QTR, STM32U545REI6, STM32U545REI6Q, STM32U545RET6, STM32U545RET6Q, STM32U545VEI6, STM32U545VEI6Q, STM32U545VET6, STM32U545VET6Q, STM32U595AIH6, STM32U595AIH6Q, STM32U595AJH6, STM32U595AJH6Q, STM32U595QII6, STM32U595QII6Q, STM32U595QJI6, STM32U595QJI6Q, STM32U595RIT6, STM32U595RIT6Q, STM32U595RJT6, STM32U595RJT6Q, STM32U595VIT6, STM32U595VIT6Q, STM32U595VJT6, STM32U595VJT6Q, STM32U595ZIT6, STM32U595ZIT6Q, STM32U595ZIY6QTR, STM32U595ZJT6, STM32U595ZJT6Q, STM32U595ZJY6QTR, STM32U599BJY6QTR, STM32U599NIH6Q, STM32U599NJH6Q, STM32U599VIT6Q, STM32U599VJT6, STM32U599VJT6Q, STM32U599ZIT6Q, STM32U599ZIY6QTR, STM32U599ZJT6Q, STM32U599ZJY6QTR, STM32U5A5AJH6, STM32U5A5AJH6Q, STM32U5A5QJI6, STM32U5A5QJI6Q, STM32U5A5RJT6, STM32U5A5RJT6Q, STM32U5A5VJT6, STM32U5A5VJT6Q, STM32U5A5ZJT6, STM32U5A5ZJT6Q, STM32U5A5ZJY6QTR, STM32U5A9BJY6QTR, STM32U5A9J-DK, STM32U5A9NJH6Q, STM32U5A9VJT6Q, STM32U5A9ZJT6Q, STM32U5A9ZJY6QTR, STM32U5F7VIT6, STM32U5F7VIT6Q, STM32U5F7VJT6, STM32U5F7VJT6Q, STM32U5F9BJY6QTR, STM32U5F9NJH6Q, STM32U5F9VIT6Q, STM32U5F9VJT6Q, STM32U5F9ZIJ6QTR, STM32U5F9ZIT6Q, STM32U5F9ZJJ6QTR, STM32U5F9ZJT6Q, STM32U5G7VJT6, STM32U5G7VJT6Q, STM32U5G9BJY6QTR, STM32U5G9J-DK1, STM32U5G9J-DK2, STM32U5G9NJH6Q, STM32U5G9VJT6Q, STM32U5G9ZJJ6QTR, STM32U5G9ZJT6Q, STM32WB1MMCH6, STM32WBA52CEU6, STM32WBA52CEU6T, STM32WBA52CGU6, STM32WBA52CGU6T, STM32WBA52KEU6, STM32WBA52KEU6T, STM32WBA52KGU6, STM32WBA52KGU6T, STM32WL5MOCH6, STM32WL5MOCH6TR]
2023-10-28 15:50:00,848 [INFO] DbMcus:217 - Found 3848 MCUs, 3848 are supported
2023-10-28 15:50:00,850 [INFO] ApiDb:423 - Load user favorites file C:\Users\DELL/.stm32cubeide/favorites.mcus.txt: 2 item(s)
2023-10-28 15:50:00,852 [INFO] ApiDb:427 - User favorites MCUs=[STM32F401RET6, STM32WLE5CCU6]
2023-10-28 15:50:00,852 [INFO] DbMcus:223 - Set 2 / 2 favorites MCUs
2023-10-28 15:50:02,221 [INFO] ApiDb:423 - Load user favorites file C:\Users\DELL/.stm32cubeide/favorites.boards.txt: 1 item(s)
2023-10-28 15:50:02,222 [INFO] ApiDb:427 - User favorites Boards=[STM32F411E-DISCO]
2023-10-28 15:50:02,222 [INFO] DbBoards:190 - Set 1 / 1 favorites Boards
2023-10-28 15:50:02,223 [INFO] McuFinderGlobals:76 - Set McuFinderConnectedMode to true
2023-10-28 15:50:02,237 [INFO] MultiScanPanel:200 - Auto-refresh data requested => check proxy status ongoing
2023-10-28 15:50:02,242 [INFO] FinderPluginLoader:95 - Searching for filters in installed packs
2023-10-28 15:50:02,246 [INFO] FinderPluginLoader:108 - Found C:\Users\DELL\STM32Cube\Repository\Packs\STMicroelectronics\X-CUBE-AI\8.1.0\CubeMX\plugins\ip\ai.8.1.0.jar
2023-10-28 15:50:02,247 [INFO] FinderPluginLoader:118 - Loading ai.8.1.0
2023-10-28 15:50:02,296 [INFO] McuExtendedFiltersManager:95 - Add MCU extended filter: Artificial Intelligence
2023-10-28 15:50:07,726 [INFO] AInterface:109 - AInterface using toolDir: C:/Users/DELL/STM32Cube/Repository//Packs/STMicroelectronics/X-CUBE-AI/8.1.0/Utilities/windows
2023-10-28 15:50:11,892 [INFO] LoadUrlFilesThread:185 - End of LoadServerUrlFiles without Thread
2023-10-28 15:50:12,251 [INFO] DetailPanel:341 - Set advertising image to C:/Users/DELL/STM32Cube/Repository/\en.prom-stm32h5-mcu-finder.jpg
2023-10-28 15:50:15,401 [ERROR] LogOutputStream:75 - [STDERR_REDIRECT] SLF4J: Failed to load class "org.slf4j.impl.StaticLoggerBinder".
2023-10-28 15:50:15,402 [ERROR] LogOutputStream:75 - [STDERR_REDIRECT] SLF4J: Defaulting to no-operation (NOP) logger implementation
2023-10-28 15:50:15,412 [ERROR] LogOutputStream:75 - [STDERR_REDIRECT] SLF4J: See http://www.slf4j.org/codes.html#StaticLoggerBinder for further details.
2023-10-28 15:50:51,261 [INFO] MainUpdater:2868 - connection check result : 10
2023-10-28 15:50:51,261 [INFO] MainUpdater:2868 - connection check result : 10
2023-10-28 15:50:51,293 [INFO] MicroXplorer:468 - Change Database Path : 
2023-10-28 15:50:51,294 [INFO] MicroXplorer:498 - Change Database Version : DB.6.0.91
2023-10-28 15:50:51,305 [WARN] ThirdParty:871 - waiting for thirdparty lock release [close project]
2023-10-28 15:50:51,305 [INFO] ThirdParty:873 - entering critical section [close project]
2023-10-28 15:50:51,306 [INFO] ThirdParty:883 - exiting critical section [close project]
2023-10-28 15:50:51,311 [INFO] PinOutPanel:1499 - setPackage(No Configuration,No Configuration)
2023-10-28 15:50:51,326 [INFO] UtilMem:75 - Begin LoadConfig() Used Memory: 235077840 Bytes (567279616)
2023-10-28 15:50:51,331 [INFO] MicroXplorer:468 - Change Database Path : 
2023-10-28 15:50:51,332 [INFO] MicroXplorer:498 - Change Database Version : DB.6.0.91
2023-10-28 15:50:51,332 [INFO] OpenFileManager:308 - Change cursor
2023-10-28 15:50:51,508 [INFO] Mcu:1946 - Initializing MCU STM32F401RETx STM32F401RETx STM32F401RET6
2023-10-28 15:50:55,550 [INFO] Context:659 - Trying to add GPIOservice into a context  which must be forbidden
2023-10-28 15:50:56,461 [INFO] ImportTextPane:194 - (OptionalMessage_ERROR) Unable to find key (Mcu.ThirdPartyNb) in loaded IOC file
2023-10-28 15:50:56,462 [INFO] ImportTextPane:194 - (OptionalMessage_ERROR) Unable to find key (Mcu.PinsNb) in loaded IOC file
2023-10-28 15:50:56,462 [INFO] ImportTextPane:194 - (OptionalMessage_ERROR) Unable to find key (Mcu.IPNb) in loaded IOC file
2023-10-28 15:50:57,033 [INFO] RtosManager:555 - Registered RTOS mode: class=CMSIS, group=RTOS, mode=CMSIS_V1, owner=FREERTOS
2023-10-28 15:50:57,034 [INFO] RtosManager:555 - Registered RTOS mode: class=CMSIS, group=RTOS2, mode=CMSIS_V2, owner=FREERTOS
2023-10-28 15:50:57,034 [INFO] RtosManager:555 - Registered RTOS mode: class=RTOS, group=Core, mode=CMSIS_V1, owner=FREERTOS
2023-10-28 15:50:57,034 [INFO] RtosManager:555 - Registered RTOS mode: class=RTOS, group=Core, mode=CMSIS_V2, owner=FREERTOS
2023-10-28 15:50:57,035 [WARN] ModelIntegratedComponent:184 - Missing modes for component STMicroelectronics:FreeRTOS:0.0.1:STMicroelectronics:RTOS:FreeRTOS:Core:::10.2.0:
2023-10-28 15:50:57,135 [WARN] ModelIntegratedComponent:63 - No mode defined for component null
2023-10-28 15:50:57,135 [WARN] ModelIntegratedComponent:63 - No mode defined for component null
2023-10-28 15:50:57,135 [WARN] ModelIntegratedComponent:63 - No mode defined for component null
2023-10-28 15:50:57,136 [WARN] ModelIntegratedComponent:63 - No mode defined for component null
2023-10-28 15:50:57,136 [WARN] ModelIntegratedComponent:63 - No mode defined for component null
2023-10-28 15:50:57,136 [WARN] ModelIntegratedComponent:63 - No mode defined for component null
2023-10-28 15:50:57,136 [WARN] ModelIntegratedComponent:63 - No mode defined for component null
2023-10-28 15:50:57,136 [WARN] ModelIntegratedComponent:63 - No mode defined for component null
2023-10-28 15:50:57,137 [WARN] ModelIntegratedComponent:63 - No mode defined for component null
2023-10-28 15:50:57,137 [WARN] ModelIntegratedComponent:63 - No mode defined for component null
2023-10-28 15:50:57,137 [WARN] ModelIntegratedComponent:63 - No mode defined for component null
2023-10-28 15:50:57,137 [WARN] ModelIntegratedComponent:63 - No mode defined for component null
2023-10-28 15:50:57,137 [WARN] ModelIntegratedComponent:63 - No mode defined for component null
2023-10-28 15:50:57,138 [WARN] ModelIntegratedComponent:63 - No mode defined for component null
2023-10-28 15:50:57,138 [WARN] ModelIntegratedComponent:63 - No mode defined for component null
2023-10-28 15:50:57,139 [WARN] ModelIntegratedComponent:63 - No mode defined for component null
2023-10-28 15:50:57,139 [WARN] ModelIntegratedComponent:63 - No mode defined for component null
2023-10-28 15:50:57,139 [WARN] ModelIntegratedComponent:63 - No mode defined for component null
2023-10-28 15:50:57,139 [WARN] ModelIntegratedComponent:63 - No mode defined for component null
2023-10-28 15:50:57,140 [WARN] ModelIntegratedComponent:63 - No mode defined for component null
2023-10-28 15:50:57,140 [WARN] ModelIntegratedComponent:63 - No mode defined for component null
2023-10-28 15:50:57,140 [WARN] ModelIntegratedComponent:63 - No mode defined for component null
2023-10-28 15:50:57,140 [WARN] ModelIntegratedComponent:63 - No mode defined for component null
2023-10-28 15:50:57,140 [WARN] ModelIntegratedComponent:63 - No mode defined for component null
2023-10-28 15:50:57,140 [WARN] ModelIntegratedComponent:63 - No mode defined for component null
2023-10-28 15:50:57,140 [WARN] ModelIntegratedComponent:63 - No mode defined for component null
2023-10-28 15:50:57,141 [WARN] ModelIntegratedComponent:63 - No mode defined for component null
2023-10-28 15:50:57,141 [WARN] ModelIntegratedComponent:63 - No mode defined for component null
2023-10-28 15:50:57,141 [WARN] ModelIntegratedComponent:63 - No mode defined for component null
2023-10-28 15:50:57,141 [WARN] ModelIntegratedComponent:63 - No mode defined for component null
2023-10-28 15:50:57,141 [WARN] ModelIntegratedComponent:63 - No mode defined for component null
2023-10-28 15:50:57,141 [WARN] ModelIntegratedComponent:63 - No mode defined for component null
2023-10-28 15:50:57,142 [WARN] ModelIntegratedComponent:63 - No mode defined for component null
2023-10-28 15:50:57,450 [INFO] ThirdPartyModel:298 - Start build external matchings
2023-10-28 15:50:59,199 [INFO] ThirdPartyModel:316 - End build external matchings
2023-10-28 15:50:59,904 [INFO] UtilMem:75 - End LoadConfig() Used Memory: 256615352 Bytes (586153984)
2023-10-28 15:50:59,948 [WARN] ThirdParty:833 - waiting for thirdparty lock release [change project]
2023-10-28 15:50:59,949 [INFO] ThirdParty:835 - entering critical section [change project]
2023-10-28 15:50:59,949 [INFO] ThirdParty:1030 - CMSIS Pack Vendor :STMicroelectronics X-CUBE-ISPU 1.1.0
2023-10-28 15:50:59,949 [INFO] ThirdParty:1030 - CMSIS Pack Vendor :STMicroelectronics USBPD 4.1
2023-10-28 15:50:59,950 [INFO] ThirdParty:1030 - CMSIS Pack Vendor :STMicroelectronics X-CUBE-GNSS1 6.0.0
2023-10-28 15:50:59,950 [INFO] ThirdParty:1030 - CMSIS Pack Vendor :STMicroelectronics USB_HOST 2.0.0
2023-10-28 15:50:59,950 [INFO] ThirdParty:1030 - CMSIS Pack Vendor :STMicroelectronics X-CUBE-AZRTOS-F4 1.1.0
2023-10-28 15:50:59,950 [INFO] ThirdParty:1030 - CMSIS Pack Vendor :STMicroelectronics LIBJPEG 8.0.0
2023-10-28 15:50:59,950 [INFO] ThirdParty:1030 - CMSIS Pack Vendor :wolfSSL I-CUBE-wolfSSL 5.6.3
2023-10-28 15:50:59,950 [INFO] ThirdParty:1030 - CMSIS Pack Vendor :STMicroelectronics X-CUBE-SMBUS 2.1.0
2023-10-28 15:50:59,950 [INFO] ThirdParty:1030 - CMSIS Pack Vendor :STMicroelectronics USB_DEVICE 3.0.0
2023-10-28 15:50:59,951 [INFO] ThirdParty:1030 - CMSIS Pack Vendor :STMicroelectronics X-CUBE-AZRTOS-WB 2.0.0
2023-10-28 15:50:59,951 [INFO] ThirdParty:1030 - CMSIS Pack Vendor :STMicroelectronics X-CUBE-AZRTOS-F7 1.1.0
2023-10-28 15:50:59,951 [INFO] ThirdParty:1030 - CMSIS Pack Vendor :STMicroelectronics X-CUBE-AZRTOS-L5 2.0.0
2023-10-28 15:50:59,951 [INFO] ThirdParty:1030 - CMSIS Pack Vendor :STMicroelectronics USB_DEVICE 2.0.0
2023-10-28 15:50:59,951 [INFO] ThirdParty:1030 - CMSIS Pack Vendor :STMicroelectronics X-CUBE-MEMS1 9.6.0
2023-10-28 15:50:59,951 [INFO] ThirdParty:1030 - CMSIS Pack Vendor :STMicroelectronics X-CUBE-EEPRMA1 4.2.0
2023-10-28 15:50:59,951 [INFO] ThirdParty:1030 - CMSIS Pack Vendor :ITTIA_DB I-CUBE-ITTIADB 8.8.0
2023-10-28 15:50:59,951 [INFO] ThirdParty:1030 - CMSIS Pack Vendor :STMicroelectronics FP-SNS-MOTENV1 4.3.2
2023-10-28 15:50:59,952 [INFO] ThirdParty:1030 - CMSIS Pack Vendor :STMicroelectronics X-CUBE-ALGOBUILD 1.3.0
2023-10-28 15:50:59,952 [INFO] ThirdParty:1030 - CMSIS Pack Vendor :STMicroelectronics FreeRTOS 0.0.1
2023-10-28 15:50:59,952 [INFO] ThirdParty:1030 - CMSIS Pack Vendor :STMicroelectronics X-CUBE-AZRTOS-G0 1.1.0
2023-10-28 15:50:59,952 [INFO] ThirdParty:1030 - CMSIS Pack Vendor :STMicroelectronics X-CUBE-BLEMGR 2.0.0
2023-10-28 15:50:59,952 [INFO] ThirdParty:1030 - CMSIS Pack Vendor :STMicroelectronics X-CUBE-NFC4 3.0.0
2023-10-28 15:50:59,952 [INFO] ThirdParty:1030 - CMSIS Pack Vendor :STMicroelectronics X-CUBE-SUBG2 5.0.0
2023-10-28 15:50:59,952 [INFO] ThirdParty:1030 - CMSIS Pack Vendor :STMicroelectronics STM32_WPAN 1.0.0
2023-10-28 15:50:59,955 [INFO] ThirdParty:1030 - CMSIS Pack Vendor :STMicroelectronics lwIP 2.0.3
2023-10-28 15:50:59,955 [INFO] ThirdParty:1030 - CMSIS Pack Vendor :STMicroelectronics FP-SNS-FLIGHT1 5.0.2
2023-10-28 15:50:59,955 [INFO] ThirdParty:1030 - CMSIS Pack Vendor :STMicroelectronics USB_HOST 1.0.0
2023-10-28 15:50:59,956 [INFO] ThirdParty:1030 - CMSIS Pack Vendor :STMicroelectronics X-CUBE-TOF1 3.3.1
2023-10-28 15:50:59,956 [INFO] ThirdParty:1030 - CMSIS Pack Vendor :STMicroelectronics X-CUBE-AZRTOS-G4 2.0.0
2023-10-28 15:50:59,956 [INFO] ThirdParty:1030 - CMSIS Pack Vendor :STMicroelectronics PDM2PCM 3.1.0
2023-10-28 15:50:59,956 [INFO] ThirdParty:1030 - CMSIS Pack Vendor :STMicroelectronics X-CUBE-AZRTOS-H7 3.1.0
2023-10-28 15:50:59,956 [INFO] ThirdParty:1030 - CMSIS Pack Vendor :Infineon AIROC-Wi-Fi-Bluetooth-STM32 1.5.1
2023-10-28 15:50:59,956 [INFO] ThirdParty:1030 - CMSIS Pack Vendor :STMicroelectronics PDM2PCM 3.3.0
2023-10-28 15:50:59,956 [INFO] ThirdParty:1030 - CMSIS Pack Vendor :STMicroelectronics X-CUBE-DISPLAY 3.0.0
2023-10-28 15:50:59,957 [INFO] ThirdParty:1030 - CMSIS Pack Vendor :STMicroelectronics X-CUBE-BLE1 7.0.0
2023-10-28 15:50:59,957 [INFO] ThirdParty:1030 - CMSIS Pack Vendor :STMicroelectronics FP-ATR-SIGFOX1 3.2.0
2023-10-28 15:50:59,957 [INFO] ThirdParty:1030 - CMSIS Pack Vendor :STMicroelectronics HAL Drivers 0.0.0
2023-10-28 15:50:59,957 [INFO] ThirdParty:1030 - CMSIS Pack Vendor :STMicroelectronics MBEDTLS 2.16.2
2023-10-28 15:50:59,957 [INFO] ThirdParty:1030 - CMSIS Pack Vendor :emotas I-CUBE-CANOPEN 1.3.0
2023-10-28 15:50:59,957 [INFO] ThirdParty:1030 - CMSIS Pack Vendor :STMicroelectronics X-CUBE-MEMS1 10.0.0
2023-10-28 15:50:59,958 [INFO] ThirdParty:1030 - CMSIS Pack Vendor :STMicroelectronics X-CUBE-FREERTOS 1.1.0
2023-10-28 15:50:59,958 [INFO] ThirdParty:1030 - CMSIS Pack Vendor :STMicroelectronics X-CUBE-TOUCHGFX 4.22.0
2023-10-28 15:50:59,958 [INFO] ThirdParty:1030 - CMSIS Pack Vendor :STMicroelectronics X-CUBE-NFC7 1.0.1
2023-10-28 15:50:59,958 [INFO] ThirdParty:1030 - CMSIS Pack Vendor :STMicroelectronics MBEDTLS 2.14.1
2023-10-28 15:50:59,964 [INFO] ThirdParty:1030 - CMSIS Pack Vendor :STMicroelectronics X-CUBE-TOUCHGFX 4.22.1
2023-10-28 15:50:59,965 [INFO] ThirdParty:1030 - CMSIS Pack Vendor :STMicroelectronics X-CUBE-NFC6 3.0.0
2023-10-28 15:50:59,965 [INFO] ThirdParty:1030 - CMSIS Pack Vendor :STMicroelectronics X-CUBE-EEPRMA1 4.1.0
2023-10-28 15:50:59,965 [INFO] ThirdParty:1030 - CMSIS Pack Vendor :portGmbH I-Cube-SoM-uGOAL 1.1.0
2023-10-28 15:50:59,965 [INFO] ThirdParty:1030 - CMSIS Pack Vendor :STMicroelectronics X-CUBE-ALS 1.0.1
2023-10-28 15:50:59,965 [INFO] ThirdParty:1030 - CMSIS Pack Vendor :STMicroelectronics ThreadX 1.0.0
2023-10-28 15:50:59,965 [INFO] ThirdParty:1030 - CMSIS Pack Vendor :STMicroelectronics FP-SNS-SMARTAG2 1.2.0
2023-10-28 15:50:59,965 [INFO] ThirdParty:1030 - CMSIS Pack Vendor :STMicroelectronics X-CUBE-AZRTOS-WL 2.0.0
2023-10-28 15:50:59,965 [INFO] ThirdParty:1030 - CMSIS Pack Vendor :SEGGER I-CUBE-embOS 1.3.1
2023-10-28 15:50:59,966 [INFO] ThirdParty:1030 - CMSIS Pack Vendor :STMicroelectronics USB_DEVICE 1.0.0
2023-10-28 15:50:59,966 [INFO] ThirdParty:1030 - CMSIS Pack Vendor :STMicroelectronics X-CUBE-AI 8.1.0
2023-10-28 15:50:59,966 [INFO] ThirdParty:1030 - CMSIS Pack Vendor :STMicroelectronics X-CUBE-AZRTOS-L4 2.0.0
2023-10-28 15:50:59,966 [INFO] ThirdParty:1030 - CMSIS Pack Vendor :STMicroelectronics ThreadX 0.0.2
2023-10-28 15:50:59,966 [INFO] ThirdParty:1030 - CMSIS Pack Vendor :WES I-CUBE-Cesium 1.3.0
2023-10-28 15:50:59,966 [INFO] ThirdParty:1030 - CMSIS Pack Vendor :STMicroelectronics FP-ATR-ASTRA1 2.0.0
2023-10-28 15:50:59,966 [INFO] ThirdParty:1030 - CMSIS Pack Vendor :STMicroelectronics lwIP 2.1.2
2023-10-28 15:50:59,966 [INFO] ThirdParty:1030 - CMSIS Pack Vendor :STMicroelectronics X-CUBE-SFXS2LP1 4.0.0
2023-10-28 15:50:59,966 [INFO] ThirdParty:1030 - CMSIS Pack Vendor :STMicroelectronics X-CUBE-BLE2 3.3.0
2023-10-28 15:50:59,966 [INFO] ThirdParty:1030 - CMSIS Pack Vendor :STMicroelectronics PDM2PCM 3.2.0
2023-10-28 15:50:59,967 [INFO] ThirdParty:841 - exiting critical section [change project]
2023-10-28 15:51:01,592 [INFO] PinOutPanel:1499 - setPackage(No Configuration,No Configuration)
2023-10-28 15:51:01,595 [INFO] PinOutPanel:1499 - setPackage(STM32F401RETx,LQFP64)
2023-10-28 15:51:03,553 [INFO] UtilMem:75 - Before build in PCC Used Memory: 218287488 Bytes (586153984)
2023-10-28 15:51:05,930 [INFO] UtilMem:75 - After build in PCC Used Memory: 369866240 Bytes (586153984)
2023-10-28 15:51:06,001 [INFO] IPUIPlugin:80 - create IPUIPlugin
2023-10-28 15:51:06,001 [INFO] IPUIPlugin:80 - create IPUIPlugin
2023-10-28 15:51:06,001 [INFO] IPUIPlugin:80 - create IPUIPlugin
2023-10-28 15:51:06,002 [INFO] IPUIPlugin:80 - create IPUIPlugin
2023-10-28 15:51:06,002 [INFO] IPUIPlugin:80 - create IPUIPlugin
2023-10-28 15:51:06,002 [INFO] IPUIPlugin:80 - create IPUIPlugin
2023-10-28 15:51:06,002 [INFO] IPUIPlugin:80 - create IPUIPlugin
2023-10-28 15:51:06,003 [INFO] IPUIPlugin:80 - create IPUIPlugin
2023-10-28 15:51:06,003 [INFO] IPUIPlugin:80 - create IPUIPlugin
2023-10-28 15:51:06,004 [INFO] IPUIPlugin:80 - create IPUIPlugin
2023-10-28 15:51:06,004 [INFO] IPUIPlugin:80 - create IPUIPlugin
2023-10-28 15:51:06,004 [INFO] IPUIPlugin:80 - create IPUIPlugin
2023-10-28 15:51:06,005 [INFO] IPUIPlugin:80 - create IPUIPlugin
2023-10-28 15:51:06,005 [INFO] IPUIPlugin:80 - create IPUIPlugin
2023-10-28 15:51:06,006 [INFO] IPUIPlugin:80 - create IPUIPlugin
2023-10-28 15:51:06,006 [INFO] IPUIPlugin:80 - create IPUIPlugin
2023-10-28 15:51:06,006 [INFO] IPUIPlugin:80 - create IPUIPlugin
2023-10-28 15:51:06,007 [INFO] IPUIPlugin:80 - create IPUIPlugin
2023-10-28 15:51:06,009 [INFO] IPUIPlugin:80 - create IPUIPlugin
2023-10-28 15:51:06,009 [INFO] IPUIPlugin:80 - create IPUIPlugin
2023-10-28 15:51:06,011 [INFO] IPUIPlugin:80 - create IPUIPlugin
2023-10-28 15:51:06,011 [INFO] IPUIPlugin:80 - create IPUIPlugin
2023-10-28 15:51:06,012 [INFO] IPUIPlugin:80 - create IPUIPlugin
2023-10-28 15:51:06,012 [INFO] IPUIPlugin:80 - create IPUIPlugin
2023-10-28 15:51:06,013 [INFO] IPUIPlugin:80 - create IPUIPlugin
2023-10-28 15:51:06,014 [INFO] IPUIPlugin:80 - create IPUIPlugin
2023-10-28 15:51:06,014 [INFO] IPUIPlugin:80 - create IPUIPlugin
2023-10-28 15:51:06,015 [INFO] IPUIPlugin:80 - create IPUIPlugin
2023-10-28 15:51:06,015 [INFO] IPUIPlugin:80 - create IPUIPlugin
2023-10-28 15:51:06,016 [INFO] IPUIPlugin:80 - create IPUIPlugin
2023-10-28 15:51:06,016 [INFO] IPUIPlugin:80 - create IPUIPlugin
2023-10-28 15:51:06,017 [INFO] IPUIPlugin:80 - create IPUIPlugin
2023-10-28 15:51:06,017 [INFO] IPUIPlugin:80 - create IPUIPlugin
2023-10-28 15:51:06,019 [INFO] IPUIPlugin:80 - create IPUIPlugin
2023-10-28 15:51:06,020 [INFO] IPUIPlugin:80 - create IPUIPlugin
2023-10-28 15:51:06,021 [INFO] IPUIPlugin:80 - create IPUIPlugin
2023-10-28 15:51:06,022 [INFO] IPUIPlugin:80 - create IPUIPlugin
2023-10-28 15:51:06,022 [INFO] IPUIPlugin:80 - create IPUIPlugin
2023-10-28 15:51:06,139 [INFO] ApiDbMcu:507 - Load IP Config File for PDM2PCM
2023-10-28 15:51:06,646 [INFO] CADModel:165 - CPN selected for project levelSTM32F401RET6
2023-10-28 15:51:06,646 [INFO] CADModel:114 - Register for checkConnection events
2023-10-28 15:51:06,711 [INFO] OpenFileManager:328 - Restore cursor
2023-10-28 15:51:09,212 [INFO] UtilMem:75 - End SaveConfig() Used Memory: 237223424 Bytes (586153984)
2023-10-28 15:51:09,521 [INFO] UtilMem:75 - End SaveConfig() Used Memory: 272348672 Bytes (586153984)
2023-10-28 15:51:11,027 [INFO] BlockDiagram:2759 - set Specific Code input for plugin: NVIC
2023-10-28 15:51:11,028 [INFO] BlockDiagram:2759 - set Specific Code input for plugin: RCC
2023-10-28 15:51:11,030 [INFO] CodeGenerator:799 - code generatio: config db path: C:\ST\STM32CubeIDE_1.13.1\STM32CubeIDE\plugins\com.st.stm32cube.common.mx_6.9.1.202307191849\\db\
2023-10-28 15:51:11,536 [INFO] CodeEngine:255 - oldGeneratedFile, C:\Users\DELL\Documents\GitHub\EspecializacionSTM32\Ejemplo17_ILI9341\MXTmpFiles\license.tmp_save
2023-10-28 15:51:12,684 [INFO] CodeEngine:279 - Generated code: C:\Users\DELL\Documents\GitHub\EspecializacionSTM32\Ejemplo17_ILI9341\MXTmpFiles\license.tmp
2023-10-28 15:51:12,719 [INFO] CodeEngine:255 - oldGeneratedFile, C:\Users\DELL\Documents\GitHub\EspecializacionSTM32\Ejemplo17_ILI9341\Core\Src\stm32f4xx_it.c_save
2023-10-28 15:51:13,197 [INFO] CodeEngine:279 - Generated code: C:\Users\DELL\Documents\GitHub\EspecializacionSTM32\Ejemplo17_ILI9341\Core\Src\stm32f4xx_it.c
2023-10-28 15:51:13,211 [INFO] CodeEngine:255 - oldGeneratedFile, C:\Users\DELL\Documents\GitHub\EspecializacionSTM32\Ejemplo17_ILI9341\Core\Inc\stm32f4xx_it.h_save
2023-10-28 15:51:13,514 [INFO] CodeEngine:279 - Generated code: C:\Users\DELL\Documents\GitHub\EspecializacionSTM32\Ejemplo17_ILI9341\Core\Inc\stm32f4xx_it.h
2023-10-28 15:51:13,686 [INFO] CodeEngine:255 - oldGeneratedFile, C:\Users\DELL\Documents\GitHub\EspecializacionSTM32\Ejemplo17_ILI9341\Core\Src\stm32f4xx_hal_msp.c_save
2023-10-28 15:51:14,148 [INFO] CodeEngine:279 - Generated code: C:\Users\DELL\Documents\GitHub\EspecializacionSTM32\Ejemplo17_ILI9341\Core\Src\stm32f4xx_hal_msp.c
2023-10-28 15:51:14,162 [INFO] CodeEngine:255 - oldGeneratedFile, C:\Users\DELL\Documents\GitHub\EspecializacionSTM32\Ejemplo17_ILI9341\MXTmpFiles\system.tmp_save
2023-10-28 15:51:14,396 [INFO] CodeEngine:279 - Generated code: C:\Users\DELL\Documents\GitHub\EspecializacionSTM32\Ejemplo17_ILI9341\MXTmpFiles\system.tmp
2023-10-28 15:51:14,440 [INFO] CodeEngine:311 - oldGeneratedFile, C:\Users\DELL\Documents\GitHub\EspecializacionSTM32\Ejemplo17_ILI9341\Core\Inc\stm32f4xx_hal_conf.h_save
2023-10-28 15:51:14,779 [INFO] CodeEngine:335 - Generated code: C:\Users\DELL\Documents\GitHub\EspecializacionSTM32\Ejemplo17_ILI9341\Core\Inc\stm32f4xx_hal_conf.h
2023-10-28 15:51:15,210 [INFO] CodeEngine:255 - oldGeneratedFile, C:\Users\DELL\Documents\GitHub\EspecializacionSTM32\Ejemplo17_ILI9341\Core\Inc\main.h_save
2023-10-28 15:51:15,648 [INFO] CodeEngine:279 - Generated code: C:\Users\DELL\Documents\GitHub\EspecializacionSTM32\Ejemplo17_ILI9341\Core\Inc\main.h
2023-10-28 15:51:15,663 [INFO] CodeEngine:255 - oldGeneratedFile, C:\Users\DELL\Documents\GitHub\EspecializacionSTM32\Ejemplo17_ILI9341\Core\Src\main.c_save
2023-10-28 15:51:16,089 [INFO] CodeEngine:279 - Generated code: C:\Users\DELL\Documents\GitHub\EspecializacionSTM32\Ejemplo17_ILI9341\Core\Src\main.c
2023-10-28 15:51:18,380 [INFO] ProjectBuilder:3064 - Time for Copy HAL[1] : 700mS.
2023-10-28 15:51:18,398 [INFO] ProjectBuilder:4404 - Project Generator version: 4.1.0
2023-10-28 15:51:19,271 [INFO] ConfigFileManager:1457 - The Die is : DIE433
2023-10-28 15:51:19,297 [INFO] ApiDbMcu:507 - Load IP Config File for FATFS
2023-10-28 15:51:19,312 [INFO] ApiDbMcu:507 - Load IP Config File for FREERTOS
2023-10-28 15:51:19,320 [INFO] ApiDbMcu:507 - Load IP Config File for LIBJPEG
2023-10-28 15:51:19,345 [INFO] ApiDbMcu:507 - Load IP Config File for MBEDTLS
2023-10-28 15:51:19,366 [INFO] ApiDbMcu:507 - Load IP Config File for USB_DEVICE
2023-10-28 15:51:19,455 [INFO] ApiDbMcu:507 - Load IP Config File for USB_HOST
2023-10-28 15:51:22,081 [INFO] LogOutputStream:77 - [STDOUT_REDIRECT] 
2023-10-28 15:51:31,775 [INFO] ProjectBuilder:4626 - Time for Generating toolchain IDE Files: 13377mS.
2023-10-28 15:51:31,777 [INFO] ProjectBuilder:2935 - Time for Copy CMSIS : 1mS.
2023-10-28 15:51:31,785 [INFO] ProjectBuilder:2935 - Time for Copy CMSIS : 0mS.
2023-10-28 15:51:37,903 [INFO] McuFinderGlobals:76 - Set McuFinderConnectedMode to true
2023-10-28 15:51:37,910 [INFO] ApiDb:448 - Save user favorites file C:\Users\DELL/.stm32cubeide/favorites.mcus.txt: 2 item(s)
2023-10-28 15:51:37,911 [INFO] ApiDb:452 - User favorites MCUs=[STM32F401RET6, STM32WLE5CCU6]
2023-10-28 15:51:58,032 [INFO] NvicIntPanel:101 - NVIC parent = com.st.microxplorer.plugins.ip.nvic.MultiNvicIntPanel[,0,0,0x0,invalid,layout=javax.swing.BoxLayout,alignmentX=0.0,alignmentY=0.0,border=,flags=9,maximumSize=,minimumSize=,preferredSize=]
2023-10-28 15:52:00,322 [INFO] NvicIntPanel:101 - NVIC parent = com.st.microxplorer.plugins.ip.nvic.MultiNvicIntPanel[,0,0,0x0,invalid,layout=javax.swing.BoxLayout,alignmentX=0.0,alignmentY=0.0,border=,flags=9,maximumSize=,minimumSize=,preferredSize=]
2023-10-28 15:52:16,120 [INFO] NvicIntPanel:101 - NVIC parent = com.st.microxplorer.plugins.ip.nvic.MultiNvicIntPanel[,0,0,450x54,layout=javax.swing.BoxLayout,alignmentX=0.0,alignmentY=0.0,border=,flags=9,maximumSize=,minimumSize=,preferredSize=]
2023-10-28 15:53:46,312 [INFO] NvicIntPanel:101 - NVIC parent = com.st.microxplorer.plugins.ip.nvic.MultiNvicIntPanel[,0,0,0x0,invalid,layout=javax.swing.BoxLayout,alignmentX=0.0,alignmentY=0.0,border=,flags=9,maximumSize=,minimumSize=,preferredSize=]
2023-10-28 15:53:53,577 [INFO] NvicIntPanel:101 - NVIC parent = com.st.microxplorer.plugins.ip.nvic.MultiNvicIntPanel[,0,0,0x0,invalid,layout=javax.swing.BoxLayout,alignmentX=0.0,alignmentY=0.0,border=,flags=9,maximumSize=,minimumSize=,preferredSize=]
2023-10-28 15:54:08,011 [INFO] NvicIntPanel:101 - NVIC parent = com.st.microxplorer.plugins.ip.nvic.MultiNvicIntPanel[,0,0,0x0,invalid,layout=javax.swing.BoxLayout,alignmentX=0.0,alignmentY=0.0,border=,flags=9,maximumSize=,minimumSize=,preferredSize=]
2023-10-28 15:59:13,730 [INFO] NvicIntPanel:101 - NVIC parent = com.st.microxplorer.plugins.ip.nvic.MultiNvicIntPanel[,0,0,0x0,invalid,layout=javax.swing.BoxLayout,alignmentX=0.0,alignmentY=0.0,border=,flags=9,maximumSize=,minimumSize=,preferredSize=]
2023-10-28 15:59:18,511 [INFO] NvicIntPanel:101 - NVIC parent = com.st.microxplorer.plugins.ip.nvic.MultiNvicIntPanel[,0,0,0x0,invalid,layout=javax.swing.BoxLayout,alignmentX=0.0,alignmentY=0.0,border=,flags=9,maximumSize=,minimumSize=,preferredSize=]
2023-10-28 15:59:55,660 [INFO] UtilMem:75 - End SaveConfig() Used Memory: 844105744 Bytes (1073741824)
2023-10-28 15:59:56,079 [INFO] UtilMem:75 - End SaveConfig() Used Memory: 867659464 Bytes (1073741824)
2023-10-28 15:59:56,819 [INFO] BlockDiagram:2759 - set Specific Code input for plugin: SPI
2023-10-28 15:59:56,819 [INFO] BlockDiagram:2759 - set Specific Code input for plugin: NVIC
2023-10-28 15:59:56,819 [INFO] BlockDiagram:2759 - set Specific Code input for plugin: DMA
2023-10-28 15:59:56,820 [INFO] BlockDiagram:2759 - set Specific Code input for plugin: SYS
2023-10-28 15:59:56,820 [INFO] BlockDiagram:2759 - set Specific Code input for plugin: GPIO
2023-10-28 15:59:56,821 [INFO] BlockDiagram:2759 - set Specific Code input for plugin: RCC
2023-10-28 15:59:56,823 [INFO] CodeGenerator:799 - code generatio: config db path: C:\ST\STM32CubeIDE_1.13.1\STM32CubeIDE\plugins\com.st.stm32cube.common.mx_6.9.1.202307191849\\db\
2023-10-28 15:59:57,194 [INFO] CodeEngine:255 - oldGeneratedFile, C:\Users\DELL\Documents\GitHub\EspecializacionSTM32\Ejemplo17_ILI9341\MXTmpFiles\license.tmp_save
2023-10-28 15:59:57,694 [INFO] CodeEngine:279 - Generated code: C:\Users\DELL\Documents\GitHub\EspecializacionSTM32\Ejemplo17_ILI9341\MXTmpFiles\license.tmp
2023-10-28 15:59:57,860 [INFO] CodeEngine:255 - oldGeneratedFile, C:\Users\DELL\Documents\GitHub\EspecializacionSTM32\Ejemplo17_ILI9341\MXTmpFiles\gpio.tmp_save
2023-10-28 15:59:59,579 [INFO] CodeEngine:279 - Generated code: C:\Users\DELL\Documents\GitHub\EspecializacionSTM32\Ejemplo17_ILI9341\MXTmpFiles\gpio.tmp
2023-10-28 16:00:00,411 [INFO] CodeEngine:255 - oldGeneratedFile, C:\Users\DELL\Documents\GitHub\EspecializacionSTM32\Ejemplo17_ILI9341\MXTmpFiles\dma.tmp_save
2023-10-28 16:00:00,901 [INFO] CodeEngine:279 - Generated code: C:\Users\DELL\Documents\GitHub\EspecializacionSTM32\Ejemplo17_ILI9341\MXTmpFiles\dma.tmp
2023-10-28 16:00:00,945 [INFO] CodeEngine:255 - oldGeneratedFile, C:\Users\DELL\Documents\GitHub\EspecializacionSTM32\Ejemplo17_ILI9341\MXTmpFiles\dma_GV.tmp_save
2023-10-28 16:00:01,309 [INFO] CodeEngine:279 - Generated code: C:\Users\DELL\Documents\GitHub\EspecializacionSTM32\Ejemplo17_ILI9341\MXTmpFiles\dma_GV.tmp
2023-10-28 16:00:01,361 [INFO] CodeEngine:255 - oldGeneratedFile, C:\Users\DELL\Documents\GitHub\EspecializacionSTM32\Ejemplo17_ILI9341\Core\Src\stm32f4xx_it.c_save
2023-10-28 16:00:02,392 [INFO] CodeEngine:279 - Generated code: C:\Users\DELL\Documents\GitHub\EspecializacionSTM32\Ejemplo17_ILI9341\Core\Src\stm32f4xx_it.c
2023-10-28 16:00:02,430 [INFO] CodeEngine:255 - oldGeneratedFile, C:\Users\DELL\Documents\GitHub\EspecializacionSTM32\Ejemplo17_ILI9341\Core\Inc\stm32f4xx_it.h_save
2023-10-28 16:00:03,090 [INFO] CodeEngine:279 - Generated code: C:\Users\DELL\Documents\GitHub\EspecializacionSTM32\Ejemplo17_ILI9341\Core\Inc\stm32f4xx_it.h
2023-10-28 16:00:03,214 [INFO] CodeEngine:255 - oldGeneratedFile, C:\Users\DELL\Documents\GitHub\EspecializacionSTM32\Ejemplo17_ILI9341\Core\Src\stm32f4xx_hal_msp.c_save
2023-10-28 16:00:03,878 [INFO] CodeEngine:279 - Generated code: C:\Users\DELL\Documents\GitHub\EspecializacionSTM32\Ejemplo17_ILI9341\Core\Src\stm32f4xx_hal_msp.c
2023-10-28 16:00:03,904 [INFO] CodeEngine:255 - oldGeneratedFile, C:\Users\DELL\Documents\GitHub\EspecializacionSTM32\Ejemplo17_ILI9341\MXTmpFiles\system.tmp_save
2023-10-28 16:00:04,208 [INFO] CodeEngine:279 - Generated code: C:\Users\DELL\Documents\GitHub\EspecializacionSTM32\Ejemplo17_ILI9341\MXTmpFiles\system.tmp
2023-10-28 16:00:04,239 [INFO] CodeEngine:311 - oldGeneratedFile, C:\Users\DELL\Documents\GitHub\EspecializacionSTM32\Ejemplo17_ILI9341\Core\Inc\stm32f4xx_hal_conf.h_save
2023-10-28 16:00:04,603 [INFO] CodeEngine:335 - Generated code: C:\Users\DELL\Documents\GitHub\EspecializacionSTM32\Ejemplo17_ILI9341\Core\Inc\stm32f4xx_hal_conf.h
2023-10-28 16:00:04,818 [INFO] CodeEngine:255 - oldGeneratedFile, C:\Users\DELL\Documents\GitHub\EspecializacionSTM32\Ejemplo17_ILI9341\Core\Inc\main.h_save
2023-10-28 16:00:05,256 [INFO] CodeEngine:279 - Generated code: C:\Users\DELL\Documents\GitHub\EspecializacionSTM32\Ejemplo17_ILI9341\Core\Inc\main.h
2023-10-28 16:00:05,279 [INFO] CodeEngine:255 - oldGeneratedFile, C:\Users\DELL\Documents\GitHub\EspecializacionSTM32\Ejemplo17_ILI9341\Core\Src\main.c_save
2023-10-28 16:00:05,810 [INFO] CodeEngine:279 - Generated code: C:\Users\DELL\Documents\GitHub\EspecializacionSTM32\Ejemplo17_ILI9341\Core\Src\main.c
2023-10-28 16:00:07,676 [INFO] ProjectBuilder:3064 - Time for Copy HAL[1] : 699mS.
2023-10-28 16:00:07,703 [INFO] ProjectBuilder:4404 - Project Generator version: 4.1.0
2023-10-28 16:00:08,344 [INFO] ConfigFileManager:1457 - The Die is : DIE433
2023-10-28 16:00:15,857 [INFO] ProjectBuilder:4626 - Time for Generating toolchain IDE Files: 8154mS.
2023-10-28 16:00:15,859 [INFO] ProjectBuilder:2935 - Time for Copy CMSIS : 2mS.
2023-10-28 16:00:15,867 [INFO] ProjectBuilder:2935 - Time for Copy CMSIS : 0mS.
2023-10-28 16:57:05,643 [INFO] MainUpdater:2868 - connection check result : 10
2023-10-28 16:57:05,643 [INFO] MainUpdater:2868 - connection check result : 10
2023-10-28 16:57:05,892 [INFO] MicroXplorer:468 - Change Database Path : 
2023-10-28 16:57:05,892 [INFO] MicroXplorer:498 - Change Database Version : DB.6.0.91
2023-10-28 16:57:06,004 [WARN] ThirdParty:871 - waiting for thirdparty lock release [close project]
2023-10-28 16:57:06,004 [INFO] ThirdParty:873 - entering critical section [close project]
2023-10-28 16:57:06,004 [INFO] ThirdParty:883 - exiting critical section [close project]
2023-10-28 16:57:06,007 [INFO] PinOutPanel:1499 - setPackage(No Configuration,No Configuration)
2023-10-28 16:57:06,024 [WARN] IpParametersView:151 - Warning: This peripheral hasn't parameters
2023-10-28 16:57:06,113 [WARN] MainPanel:272 - <html><b><center>Warning: This peripheral has no parameters to be configured<br></b></html>
2023-10-28 16:57:06,128 [INFO] UtilMem:75 - Begin LoadConfig() Used Memory: 782960408 Bytes (1073741824)
2023-10-28 16:57:06,193 [INFO] MicroXplorer:468 - Change Database Path : C:/Users/DELL/.stm32cubemx/databases/DB.6.0.70/db/
2023-10-28 16:57:06,194 [INFO] MicroXplorer:498 - Change Database Version : DB.6.0.70
2023-10-28 16:57:18,873 [INFO] OpenFileManager:308 - Change cursor
2023-10-28 16:57:18,949 [INFO] RulesReader:64 - Compatibility file has been processed (283 Rules)
2023-10-28 16:57:18,957 [INFO] Mcu:1946 - Initializing MCU STM32F401R(D-E)Tx STM32F401RETx STM32F401RET6
2023-10-28 16:57:23,596 [INFO] Context:659 - Trying to add GPIOservice into a context  which must be forbidden
2023-10-28 16:57:24,955 [INFO] RtosManager:555 - Registered RTOS mode: class=CMSIS, group=RTOS, mode=CMSIS_V1, owner=FREERTOS
2023-10-28 16:57:24,955 [INFO] RtosManager:555 - Registered RTOS mode: class=CMSIS, group=RTOS2, mode=CMSIS_V2, owner=FREERTOS
2023-10-28 16:57:24,955 [INFO] RtosManager:555 - Registered RTOS mode: class=RTOS, group=Core, mode=CMSIS_V1, owner=FREERTOS
2023-10-28 16:57:24,955 [INFO] RtosManager:555 - Registered RTOS mode: class=RTOS, group=Core, mode=CMSIS_V2, owner=FREERTOS
2023-10-28 16:57:24,956 [WARN] ModelIntegratedComponent:184 - Missing modes for component STMicroelectronics:FreeRTOS:0.0.1:STMicroelectronics:RTOS:FreeRTOS:Core:::10.2.0:
2023-10-28 16:57:24,989 [WARN] ModelIntegratedComponent:63 - No mode defined for component null
2023-10-28 16:57:24,989 [WARN] ModelIntegratedComponent:63 - No mode defined for component null
2023-10-28 16:57:24,989 [WARN] ModelIntegratedComponent:63 - No mode defined for component null
2023-10-28 16:57:24,989 [WARN] ModelIntegratedComponent:63 - No mode defined for component null
2023-10-28 16:57:24,990 [WARN] ModelIntegratedComponent:63 - No mode defined for component null
2023-10-28 16:57:24,990 [WARN] ModelIntegratedComponent:63 - No mode defined for component null
2023-10-28 16:57:24,990 [WARN] ModelIntegratedComponent:63 - No mode defined for component null
2023-10-28 16:57:24,990 [WARN] ModelIntegratedComponent:63 - No mode defined for component null
2023-10-28 16:57:24,990 [WARN] ModelIntegratedComponent:63 - No mode defined for component null
2023-10-28 16:57:24,990 [WARN] ModelIntegratedComponent:63 - No mode defined for component null
2023-10-28 16:57:24,990 [WARN] ModelIntegratedComponent:63 - No mode defined for component null
2023-10-28 16:57:24,990 [WARN] ModelIntegratedComponent:63 - No mode defined for component null
2023-10-28 16:57:24,990 [WARN] ModelIntegratedComponent:63 - No mode defined for component null
2023-10-28 16:57:24,990 [WARN] ModelIntegratedComponent:63 - No mode defined for component null
2023-10-28 16:57:24,991 [WARN] ModelIntegratedComponent:63 - No mode defined for component null
2023-10-28 16:57:24,991 [WARN] ModelIntegratedComponent:63 - No mode defined for component null
2023-10-28 16:57:24,991 [WARN] ModelIntegratedComponent:63 - No mode defined for component null
2023-10-28 16:57:24,991 [WARN] ModelIntegratedComponent:63 - No mode defined for component null
2023-10-28 16:57:24,991 [WARN] ModelIntegratedComponent:63 - No mode defined for component null
2023-10-28 16:57:24,991 [WARN] ModelIntegratedComponent:63 - No mode defined for component null
2023-10-28 16:57:24,991 [WARN] ModelIntegratedComponent:63 - No mode defined for component null
2023-10-28 16:57:24,991 [WARN] ModelIntegratedComponent:63 - No mode defined for component null
2023-10-28 16:57:24,991 [WARN] ModelIntegratedComponent:63 - No mode defined for component null
2023-10-28 16:57:24,992 [WARN] ModelIntegratedComponent:63 - No mode defined for component null
2023-10-28 16:57:24,992 [WARN] ModelIntegratedComponent:63 - No mode defined for component null
2023-10-28 16:57:24,992 [WARN] ModelIntegratedComponent:63 - No mode defined for component null
2023-10-28 16:57:24,992 [WARN] ModelIntegratedComponent:63 - No mode defined for component null
2023-10-28 16:57:24,992 [WARN] ModelIntegratedComponent:63 - No mode defined for component null
2023-10-28 16:57:24,992 [WARN] ModelIntegratedComponent:63 - No mode defined for component null
2023-10-28 16:57:24,992 [WARN] ModelIntegratedComponent:63 - No mode defined for component null
2023-10-28 16:57:24,992 [WARN] ModelIntegratedComponent:63 - No mode defined for component null
2023-10-28 16:57:24,992 [WARN] ModelIntegratedComponent:63 - No mode defined for component null
2023-10-28 16:57:24,993 [WARN] ModelIntegratedComponent:63 - No mode defined for component null
2023-10-28 16:57:25,425 [INFO] ThirdPartyModel:298 - Start build external matchings
2023-10-28 16:57:27,501 [INFO] ThirdPartyModel:316 - End build external matchings
2023-10-28 16:57:27,542 [INFO] ImportTextPane:194 - (OptionalMessage_ERROR) IP (DMA) : Parameter (Instance) has Id (SPI1_TX) currently not set
2023-10-28 16:57:27,543 [INFO] ImportTextPane:194 - (OptionalMessage_ERROR) IP (DMA) : Parameter (Channel) has Id (SPI1_TX) currently not set
2023-10-28 16:57:27,543 [INFO] ImportTextPane:194 - (OptionalMessage_ERROR) IP (DMA) : Parameter (Direction) has Id (SPI1_TX) currently not set
2023-10-28 16:57:27,543 [INFO] ImportTextPane:194 - (OptionalMessage_ERROR) IP (DMA) : Parameter (PeriphInc) has Id (SPI1_TX) currently not set
2023-10-28 16:57:27,544 [INFO] ImportTextPane:194 - (OptionalMessage_ERROR) IP (DMA) : Parameter (MemInc) has Id (SPI1_TX) currently not set
2023-10-28 16:57:27,544 [INFO] ImportTextPane:194 - (OptionalMessage_ERROR) IP (DMA) : Parameter (PeriphDataAlignment) has Id (SPI1_TX) currently not set
2023-10-28 16:57:27,545 [INFO] ImportTextPane:194 - (OptionalMessage_ERROR) IP (DMA) : Parameter (MemDataAlignment) has Id (SPI1_TX) currently not set
2023-10-28 16:57:27,545 [INFO] ImportTextPane:194 - (OptionalMessage_ERROR) IP (DMA) : Parameter (Mode) has Id (SPI1_TX) currently not set
2023-10-28 16:57:27,546 [INFO] ImportTextPane:194 - (OptionalMessage_ERROR) IP (DMA) : Parameter (Priority) has Id (SPI1_TX) currently not set
2023-10-28 16:57:27,546 [INFO] ImportTextPane:194 - (OptionalMessage_ERROR) IP (DMA) : Parameter (FIFOMode) has Id (SPI1_TX) currently not set
2023-10-28 16:57:27,548 [INFO] ImportTextPane:194 - (OptionalMessage_ERROR) IP (RCC) : Parameter (RTCHSEDivFreq_Value) has invalid value (4000000)
2023-10-28 16:57:29,312 [INFO] UtilMem:75 - End LoadConfig() Used Memory: 614435096 Bytes (1073741824)
2023-10-28 16:57:29,385 [WARN] ThirdParty:833 - waiting for thirdparty lock release [change project]
2023-10-28 16:57:29,385 [INFO] ThirdParty:835 - entering critical section [change project]
2023-10-28 16:57:29,385 [INFO] ThirdParty:1030 - CMSIS Pack Vendor :STMicroelectronics X-CUBE-ISPU 1.1.0
2023-10-28 16:57:29,385 [INFO] ThirdParty:1030 - CMSIS Pack Vendor :STMicroelectronics USBPD 4.1
2023-10-28 16:57:29,386 [INFO] ThirdParty:1030 - CMSIS Pack Vendor :STMicroelectronics X-CUBE-GNSS1 6.0.0
2023-10-28 16:57:29,386 [INFO] ThirdParty:1030 - CMSIS Pack Vendor :STMicroelectronics USB_HOST 2.0.0
2023-10-28 16:57:29,386 [INFO] ThirdParty:1030 - CMSIS Pack Vendor :STMicroelectronics X-CUBE-AZRTOS-F4 1.1.0
2023-10-28 16:57:29,386 [INFO] ThirdParty:1030 - CMSIS Pack Vendor :STMicroelectronics LIBJPEG 8.0.0
2023-10-28 16:57:29,386 [INFO] ThirdParty:1030 - CMSIS Pack Vendor :wolfSSL I-CUBE-wolfSSL 5.6.3
2023-10-28 16:57:29,386 [INFO] ThirdParty:1030 - CMSIS Pack Vendor :STMicroelectronics X-CUBE-SMBUS 2.1.0
2023-10-28 16:57:29,386 [INFO] ThirdParty:1030 - CMSIS Pack Vendor :STMicroelectronics USB_DEVICE 3.0.0
2023-10-28 16:57:29,386 [INFO] ThirdParty:1030 - CMSIS Pack Vendor :STMicroelectronics X-CUBE-AZRTOS-WB 2.0.0
2023-10-28 16:57:29,386 [INFO] ThirdParty:1030 - CMSIS Pack Vendor :STMicroelectronics X-CUBE-AZRTOS-F7 1.1.0
2023-10-28 16:57:29,387 [INFO] ThirdParty:1030 - CMSIS Pack Vendor :STMicroelectronics X-CUBE-AZRTOS-L5 2.0.0
2023-10-28 16:57:29,387 [INFO] ThirdParty:1030 - CMSIS Pack Vendor :STMicroelectronics USB_DEVICE 2.0.0
2023-10-28 16:57:29,387 [INFO] ThirdParty:1030 - CMSIS Pack Vendor :STMicroelectronics X-CUBE-MEMS1 9.6.0
2023-10-28 16:57:29,387 [INFO] ThirdParty:1030 - CMSIS Pack Vendor :STMicroelectronics X-CUBE-EEPRMA1 4.2.0
2023-10-28 16:57:29,387 [INFO] ThirdParty:1030 - CMSIS Pack Vendor :ITTIA_DB I-CUBE-ITTIADB 8.8.0
2023-10-28 16:57:29,387 [INFO] ThirdParty:1030 - CMSIS Pack Vendor :STMicroelectronics FP-SNS-MOTENV1 4.3.2
2023-10-28 16:57:29,387 [INFO] ThirdParty:1030 - CMSIS Pack Vendor :STMicroelectronics X-CUBE-ALGOBUILD 1.3.0
2023-10-28 16:57:29,387 [INFO] ThirdParty:1030 - CMSIS Pack Vendor :STMicroelectronics FreeRTOS 0.0.1
2023-10-28 16:57:29,387 [INFO] ThirdParty:1030 - CMSIS Pack Vendor :STMicroelectronics X-CUBE-AZRTOS-G0 1.1.0
2023-10-28 16:57:29,387 [INFO] ThirdParty:1030 - CMSIS Pack Vendor :STMicroelectronics X-CUBE-BLEMGR 2.0.0
2023-10-28 16:57:29,388 [INFO] ThirdParty:1030 - CMSIS Pack Vendor :STMicroelectronics X-CUBE-NFC4 3.0.0
2023-10-28 16:57:29,388 [INFO] ThirdParty:1030 - CMSIS Pack Vendor :STMicroelectronics X-CUBE-SUBG2 5.0.0
2023-10-28 16:57:29,388 [INFO] ThirdParty:1030 - CMSIS Pack Vendor :STMicroelectronics STM32_WPAN 1.0.0
2023-10-28 16:57:29,388 [INFO] ThirdParty:1030 - CMSIS Pack Vendor :STMicroelectronics lwIP 2.0.3
2023-10-28 16:57:29,388 [INFO] ThirdParty:1030 - CMSIS Pack Vendor :STMicroelectronics FP-SNS-FLIGHT1 5.0.2
2023-10-28 16:57:29,388 [INFO] ThirdParty:1030 - CMSIS Pack Vendor :STMicroelectronics USB_HOST 1.0.0
2023-10-28 16:57:29,389 [INFO] ThirdParty:1030 - CMSIS Pack Vendor :STMicroelectronics X-CUBE-TOF1 3.3.1
2023-10-28 16:57:29,389 [INFO] ThirdParty:1030 - CMSIS Pack Vendor :STMicroelectronics X-CUBE-AZRTOS-G4 2.0.0
2023-10-28 16:57:29,389 [INFO] ThirdParty:1030 - CMSIS Pack Vendor :STMicroelectronics PDM2PCM 3.1.0
2023-10-28 16:57:29,389 [INFO] ThirdParty:1030 - CMSIS Pack Vendor :STMicroelectronics X-CUBE-AZRTOS-H7 3.1.0
2023-10-28 16:57:29,390 [INFO] ThirdParty:1030 - CMSIS Pack Vendor :Infineon AIROC-Wi-Fi-Bluetooth-STM32 1.5.1
2023-10-28 16:57:29,390 [INFO] ThirdParty:1030 - CMSIS Pack Vendor :STMicroelectronics PDM2PCM 3.3.0
2023-10-28 16:57:29,390 [INFO] ThirdParty:1030 - CMSIS Pack Vendor :STMicroelectronics X-CUBE-DISPLAY 3.0.0
2023-10-28 16:57:29,391 [INFO] ThirdParty:1030 - CMSIS Pack Vendor :STMicroelectronics X-CUBE-BLE1 7.0.0
2023-10-28 16:57:29,391 [INFO] ThirdParty:1030 - CMSIS Pack Vendor :STMicroelectronics FP-ATR-SIGFOX1 3.2.0
2023-10-28 16:57:29,392 [INFO] ThirdParty:1030 - CMSIS Pack Vendor :STMicroelectronics HAL Drivers 0.0.0
2023-10-28 16:57:29,392 [INFO] ThirdParty:1030 - CMSIS Pack Vendor :STMicroelectronics MBEDTLS 2.16.2
2023-10-28 16:57:29,392 [INFO] ThirdParty:1030 - CMSIS Pack Vendor :emotas I-CUBE-CANOPEN 1.3.0
2023-10-28 16:57:29,392 [INFO] ThirdParty:1030 - CMSIS Pack Vendor :STMicroelectronics X-CUBE-MEMS1 10.0.0
2023-10-28 16:57:29,392 [INFO] ThirdParty:1030 - CMSIS Pack Vendor :STMicroelectronics X-CUBE-FREERTOS 1.1.0
2023-10-28 16:57:29,393 [INFO] ThirdParty:1030 - CMSIS Pack Vendor :STMicroelectronics X-CUBE-TOUCHGFX 4.22.0
2023-10-28 16:57:29,393 [INFO] ThirdParty:1030 - CMSIS Pack Vendor :STMicroelectronics X-CUBE-NFC7 1.0.1
2023-10-28 16:57:29,393 [INFO] ThirdParty:1030 - CMSIS Pack Vendor :STMicroelectronics MBEDTLS 2.14.1
2023-10-28 16:57:29,393 [INFO] ThirdParty:1030 - CMSIS Pack Vendor :STMicroelectronics X-CUBE-TOUCHGFX 4.22.1
2023-10-28 16:57:29,393 [INFO] ThirdParty:1030 - CMSIS Pack Vendor :STMicroelectronics X-CUBE-NFC6 3.0.0
2023-10-28 16:57:29,393 [INFO] ThirdParty:1030 - CMSIS Pack Vendor :STMicroelectronics X-CUBE-EEPRMA1 4.1.0
2023-10-28 16:57:29,394 [INFO] ThirdParty:1030 - CMSIS Pack Vendor :portGmbH I-Cube-SoM-uGOAL 1.1.0
2023-10-28 16:57:29,394 [INFO] ThirdParty:1030 - CMSIS Pack Vendor :STMicroelectronics X-CUBE-ALS 1.0.1
2023-10-28 16:57:29,394 [INFO] ThirdParty:1030 - CMSIS Pack Vendor :STMicroelectronics ThreadX 1.0.0
2023-10-28 16:57:29,394 [INFO] ThirdParty:1030 - CMSIS Pack Vendor :STMicroelectronics FP-SNS-SMARTAG2 1.2.0
2023-10-28 16:57:29,394 [INFO] ThirdParty:1030 - CMSIS Pack Vendor :STMicroelectronics X-CUBE-AZRTOS-WL 2.0.0
2023-10-28 16:57:29,394 [INFO] ThirdParty:1030 - CMSIS Pack Vendor :SEGGER I-CUBE-embOS 1.3.1
2023-10-28 16:57:29,394 [INFO] ThirdParty:1030 - CMSIS Pack Vendor :STMicroelectronics USB_DEVICE 1.0.0
2023-10-28 16:57:29,394 [INFO] ThirdParty:1030 - CMSIS Pack Vendor :STMicroelectronics X-CUBE-AI 8.1.0
2023-10-28 16:57:29,394 [INFO] ThirdParty:1030 - CMSIS Pack Vendor :STMicroelectronics X-CUBE-AZRTOS-L4 2.0.0
2023-10-28 16:57:29,395 [INFO] ThirdParty:1030 - CMSIS Pack Vendor :STMicroelectronics ThreadX 0.0.2
2023-10-28 16:57:29,395 [INFO] ThirdParty:1030 - CMSIS Pack Vendor :WES I-CUBE-Cesium 1.3.0
2023-10-28 16:57:29,395 [INFO] ThirdParty:1030 - CMSIS Pack Vendor :STMicroelectronics FP-ATR-ASTRA1 2.0.0
2023-10-28 16:57:29,395 [INFO] ThirdParty:1030 - CMSIS Pack Vendor :STMicroelectronics lwIP 2.1.2
2023-10-28 16:57:29,395 [INFO] ThirdParty:1030 - CMSIS Pack Vendor :STMicroelectronics X-CUBE-SFXS2LP1 4.0.0
2023-10-28 16:57:29,395 [INFO] ThirdParty:1030 - CMSIS Pack Vendor :STMicroelectronics X-CUBE-BLE2 3.3.0
2023-10-28 16:57:29,395 [INFO] ThirdParty:1030 - CMSIS Pack Vendor :STMicroelectronics PDM2PCM 3.2.0
2023-10-28 16:57:29,395 [INFO] ThirdParty:841 - exiting critical section [change project]
2023-10-28 16:57:31,111 [INFO] PinOutPanel:1499 - setPackage(No Configuration,No Configuration)
2023-10-28 16:57:31,115 [INFO] PinOutPanel:1499 - setPackage(STM32F401RETx,LQFP64)
2023-10-28 16:57:34,291 [INFO] UtilMem:75 - Before build in PCC Used Memory: 676129120 Bytes (1073741824)
2023-10-28 16:57:38,013 [INFO] UtilMem:75 - After build in PCC Used Memory: 720169352 Bytes (1073741824)
2023-10-28 16:57:38,096 [INFO] IPUIPlugin:80 - create IPUIPlugin
2023-10-28 16:57:38,096 [INFO] IPUIPlugin:80 - create IPUIPlugin
2023-10-28 16:57:38,097 [INFO] IPUIPlugin:80 - create IPUIPlugin
2023-10-28 16:57:38,097 [INFO] IPUIPlugin:80 - create IPUIPlugin
2023-10-28 16:57:38,098 [INFO] IPUIPlugin:80 - create IPUIPlugin
2023-10-28 16:57:38,098 [INFO] IPUIPlugin:80 - create IPUIPlugin
2023-10-28 16:57:38,098 [INFO] IPUIPlugin:80 - create IPUIPlugin
2023-10-28 16:57:38,099 [INFO] IPUIPlugin:80 - create IPUIPlugin
2023-10-28 16:57:38,099 [INFO] IPUIPlugin:80 - create IPUIPlugin
2023-10-28 16:57:38,099 [INFO] IPUIPlugin:80 - create IPUIPlugin
2023-10-28 16:57:38,100 [INFO] IPUIPlugin:80 - create IPUIPlugin
2023-10-28 16:57:38,100 [INFO] IPUIPlugin:80 - create IPUIPlugin
2023-10-28 16:57:38,101 [INFO] IPUIPlugin:80 - create IPUIPlugin
2023-10-28 16:57:38,102 [INFO] IPUIPlugin:80 - create IPUIPlugin
2023-10-28 16:57:38,102 [INFO] IPUIPlugin:80 - create IPUIPlugin
2023-10-28 16:57:38,103 [INFO] IPUIPlugin:80 - create IPUIPlugin
2023-10-28 16:57:38,104 [INFO] IPUIPlugin:80 - create IPUIPlugin
2023-10-28 16:57:38,104 [INFO] IPUIPlugin:80 - create IPUIPlugin
2023-10-28 16:57:38,107 [INFO] IPUIPlugin:80 - create IPUIPlugin
2023-10-28 16:57:38,107 [INFO] IPUIPlugin:80 - create IPUIPlugin
2023-10-28 16:57:38,107 [INFO] IPUIPlugin:80 - create IPUIPlugin
2023-10-28 16:57:38,107 [INFO] IPUIPlugin:80 - create IPUIPlugin
2023-10-28 16:57:38,108 [INFO] IPUIPlugin:80 - create IPUIPlugin
2023-10-28 16:57:38,109 [INFO] IPUIPlugin:80 - create IPUIPlugin
2023-10-28 16:57:38,109 [INFO] IPUIPlugin:80 - create IPUIPlugin
2023-10-28 16:57:38,109 [INFO] IPUIPlugin:80 - create IPUIPlugin
2023-10-28 16:57:38,110 [INFO] IPUIPlugin:80 - create IPUIPlugin
2023-10-28 16:57:38,110 [INFO] IPUIPlugin:80 - create IPUIPlugin
2023-10-28 16:57:38,111 [INFO] IPUIPlugin:80 - create IPUIPlugin
2023-10-28 16:57:38,111 [INFO] IPUIPlugin:80 - create IPUIPlugin
2023-10-28 16:57:38,113 [INFO] IPUIPlugin:80 - create IPUIPlugin
2023-10-28 16:57:38,114 [INFO] IPUIPlugin:80 - create IPUIPlugin
2023-10-28 16:57:38,138 [INFO] IPUIPlugin:80 - create IPUIPlugin
2023-10-28 16:57:38,139 [INFO] IPUIPlugin:80 - create IPUIPlugin
2023-10-28 16:57:38,139 [INFO] IPUIPlugin:80 - create IPUIPlugin
2023-10-28 16:57:38,140 [INFO] IPUIPlugin:80 - create IPUIPlugin
2023-10-28 16:57:38,141 [INFO] IPUIPlugin:80 - create IPUIPlugin
2023-10-28 16:57:38,142 [INFO] IPUIPlugin:80 - create IPUIPlugin
2023-10-28 16:57:38,149 [INFO] ApiDbMcu:507 - Load IP Config File for PDM2PCM
2023-10-28 16:57:38,341 [INFO] CADModel:165 - CPN selected for project levelSTM32F401RET6
2023-10-28 16:57:38,341 [INFO] CADModel:114 - Register for checkConnection events
2023-10-28 16:57:38,424 [INFO] OpenFileManager:328 - Restore cursor
2023-10-28 16:58:28,025 [INFO] UtilMem:75 - End SaveConfig() Used Memory: 627454656 Bytes (1073741824)
2023-10-28 16:58:29,257 [INFO] UtilMem:75 - End SaveConfig() Used Memory: 599590256 Bytes (1073741824)
2023-10-28 16:58:30,124 [INFO] UtilMem:75 - End SaveConfig() Used Memory: 625286192 Bytes (1073741824)
2023-10-28 16:58:30,873 [INFO] BlockDiagram:2759 - set Specific Code input for plugin: SPI
2023-10-28 16:58:30,873 [INFO] BlockDiagram:2759 - set Specific Code input for plugin: SPI
2023-10-28 16:58:30,874 [INFO] BlockDiagram:2759 - set Specific Code input for plugin: NVIC
2023-10-28 16:58:30,874 [INFO] BlockDiagram:2759 - set Specific Code input for plugin: DMA
2023-10-28 16:58:30,874 [INFO] BlockDiagram:2759 - set Specific Code input for plugin: TIM1_8
2023-10-28 16:58:30,874 [INFO] BlockDiagram:2759 - set Specific Code input for plugin: SYS
2023-10-28 16:58:30,875 [INFO] BlockDiagram:2759 - set Specific Code input for plugin: GPIO
2023-10-28 16:58:30,875 [INFO] BlockDiagram:2759 - set Specific Code input for plugin: RCC
2023-10-28 16:58:30,879 [INFO] CodeGenerator:799 - code generatio: config db path: C:/Users/DELL/.stm32cubemx/databases/DB.6.0.70/db/
2023-10-28 16:58:30,933 [INFO] Argument:319 - Argument : hdmavalue: null
2023-10-28 16:58:30,933 [INFO] Argument:321 - 	 sub Args: 
2023-10-28 16:58:30,934 [INFO] Argument:319 - Argument : Instancevalue: DMA2_Stream3
2023-10-28 16:58:30,938 [INFO] Argument:329 - Argument : Instancevalue: DMA2_Stream3
2023-10-28 16:58:30,938 [INFO] Argument:319 - Argument : Initvalue: null
2023-10-28 16:58:30,938 [INFO] Argument:321 - 	 sub Args: 
2023-10-28 16:58:30,938 [INFO] Argument:319 - Argument : Channelvalue: DMA_CHANNEL_3
2023-10-28 16:58:30,939 [INFO] Argument:329 - Argument : Channelvalue: DMA_CHANNEL_3
2023-10-28 16:58:30,939 [INFO] Argument:319 - Argument : Directionvalue: DMA_MEMORY_TO_PERIPH
2023-10-28 16:58:30,939 [INFO] Argument:329 - Argument : Directionvalue: DMA_MEMORY_TO_PERIPH
2023-10-28 16:58:30,939 [INFO] Argument:319 - Argument : PeriphIncvalue: DMA_PINC_DISABLE
2023-10-28 16:58:30,939 [INFO] Argument:329 - Argument : PeriphIncvalue: DMA_PINC_DISABLE
2023-10-28 16:58:30,939 [INFO] Argument:319 - Argument : MemIncvalue: DMA_MINC_ENABLE
2023-10-28 16:58:30,939 [INFO] Argument:329 - Argument : MemIncvalue: DMA_MINC_ENABLE
2023-10-28 16:58:30,940 [INFO] Argument:319 - Argument : PeriphDataAlignmentvalue: DMA_PDATAALIGN_BYTE
2023-10-28 16:58:30,940 [INFO] Argument:329 - Argument : PeriphDataAlignmentvalue: DMA_PDATAALIGN_BYTE
2023-10-28 16:58:30,940 [INFO] Argument:319 - Argument : MemDataAlignmentvalue: DMA_MDATAALIGN_BYTE
2023-10-28 16:58:30,941 [INFO] Argument:329 - Argument : MemDataAlignmentvalue: DMA_MDATAALIGN_BYTE
2023-10-28 16:58:30,941 [INFO] Argument:319 - Argument : Modevalue: DMA_NORMAL
2023-10-28 16:58:30,942 [INFO] Argument:329 - Argument : Modevalue: DMA_NORMAL
2023-10-28 16:58:30,942 [INFO] Argument:319 - Argument : Priorityvalue: DMA_PRIORITY_LOW
2023-10-28 16:58:30,942 [INFO] Argument:329 - Argument : Priorityvalue: DMA_PRIORITY_LOW
2023-10-28 16:58:30,943 [INFO] Argument:319 - Argument : FIFOModevalue: DMA_FIFOMODE_ENABLE
2023-10-28 16:58:30,943 [INFO] Argument:329 - Argument : FIFOModevalue: DMA_FIFOMODE_ENABLE
2023-10-28 16:58:30,943 [INFO] Argument:319 - Argument : FIFOThresholdvalue: DMA_FIFO_THRESHOLD_FULL
2023-10-28 16:58:30,943 [INFO] Argument:329 - Argument : FIFOThresholdvalue: DMA_FIFO_THRESHOLD_FULL
2023-10-28 16:58:30,943 [INFO] Argument:319 - Argument : MemBurstvalue: DMA_MBURST_SINGLE
2023-10-28 16:58:30,943 [INFO] Argument:329 - Argument : MemBurstvalue: DMA_MBURST_SINGLE
2023-10-28 16:58:30,945 [INFO] Argument:319 - Argument : PeriphBurstvalue: DMA_PBURST_SINGLE
2023-10-28 16:58:30,945 [INFO] Argument:329 - Argument : PeriphBurstvalue: DMA_PBURST_SINGLE
2023-10-28 16:58:30,945 [INFO] Argument:319 - Argument : Lockvalue: null
2023-10-28 16:58:30,945 [INFO] Argument:329 - Argument : Lockvalue: null
2023-10-28 16:58:30,946 [INFO] Argument:319 - Argument : Statevalue: null
2023-10-28 16:58:30,946 [INFO] Argument:329 - Argument : Statevalue: null
2023-10-28 16:58:30,946 [INFO] Argument:319 - Argument : Parentvalue: null
2023-10-28 16:58:30,946 [INFO] Argument:329 - Argument : Parentvalue: null
2023-10-28 16:58:30,946 [INFO] Argument:319 - Argument : XferCpltCallbackvalue: null
2023-10-28 16:58:30,946 [INFO] Argument:329 - Argument : XferCpltCallbackvalue: null
2023-10-28 16:58:30,946 [INFO] Argument:319 - Argument : XferHalfCpltCallbackvalue: null
2023-10-28 16:58:30,946 [INFO] Argument:329 - Argument : XferHalfCpltCallbackvalue: null
2023-10-28 16:58:30,947 [INFO] Argument:319 - Argument : XferM1CpltCallbackvalue: null
2023-10-28 16:58:30,947 [INFO] Argument:329 - Argument : XferM1CpltCallbackvalue: null
2023-10-28 16:58:30,947 [INFO] Argument:319 - Argument : XferErrorCallbackvalue: null
2023-10-28 16:58:30,947 [INFO] Argument:329 - Argument : XferErrorCallbackvalue: null
2023-10-28 16:58:30,947 [INFO] Argument:319 - Argument : ErrorCodevalue: null
2023-10-28 16:58:30,947 [INFO] Argument:329 - Argument : ErrorCodevalue: null
2023-10-28 16:58:31,371 [INFO] CodeEngine:255 - oldGeneratedFile, C:\Users\DELL\OneDrive\Documentos\GitHub\STM32_ApliacionesAvanzadas\prueba1\MXTmpFiles\license.tmp_save
2023-10-28 16:58:31,722 [INFO] CodeEngine:279 - Generated code: C:\Users\DELL\OneDrive\Documentos\GitHub\STM32_ApliacionesAvanzadas\prueba1\MXTmpFiles\license.tmp
2023-10-28 16:58:31,846 [INFO] CodeEngine:255 - oldGeneratedFile, C:\Users\DELL\OneDrive\Documentos\GitHub\STM32_ApliacionesAvanzadas\prueba1\MXTmpFiles\gpio.tmp_save
2023-10-28 16:58:32,135 [INFO] CodeEngine:279 - Generated code: C:\Users\DELL\OneDrive\Documentos\GitHub\STM32_ApliacionesAvanzadas\prueba1\MXTmpFiles\gpio.tmp
2023-10-28 16:58:32,693 [INFO] CodeEngine:255 - oldGeneratedFile, C:\Users\DELL\OneDrive\Documentos\GitHub\STM32_ApliacionesAvanzadas\prueba1\MXTmpFiles\dma.tmp_save
2023-10-28 16:58:33,003 [INFO] CodeEngine:279 - Generated code: C:\Users\DELL\OneDrive\Documentos\GitHub\STM32_ApliacionesAvanzadas\prueba1\MXTmpFiles\dma.tmp
2023-10-28 16:58:33,018 [INFO] CodeEngine:255 - oldGeneratedFile, C:\Users\DELL\OneDrive\Documentos\GitHub\STM32_ApliacionesAvanzadas\prueba1\MXTmpFiles\dma_GV.tmp_save
2023-10-28 16:58:33,304 [INFO] CodeEngine:279 - Generated code: C:\Users\DELL\OneDrive\Documentos\GitHub\STM32_ApliacionesAvanzadas\prueba1\MXTmpFiles\dma_GV.tmp
2023-10-28 16:58:33,372 [INFO] CodeEngine:255 - oldGeneratedFile, C:\Users\DELL\OneDrive\Documentos\GitHub\STM32_ApliacionesAvanzadas\prueba1\Core\Src\stm32f4xx_it.c_save
2023-10-28 16:58:34,061 [INFO] CodeEngine:279 - Generated code: C:\Users\DELL\OneDrive\Documentos\GitHub\STM32_ApliacionesAvanzadas\prueba1\Core\Src\stm32f4xx_it.c
2023-10-28 16:58:34,085 [INFO] CodeEngine:255 - oldGeneratedFile, C:\Users\DELL\OneDrive\Documentos\GitHub\STM32_ApliacionesAvanzadas\prueba1\Core\Inc\stm32f4xx_it.h_save
2023-10-28 16:58:34,387 [INFO] CodeEngine:279 - Generated code: C:\Users\DELL\OneDrive\Documentos\GitHub\STM32_ApliacionesAvanzadas\prueba1\Core\Inc\stm32f4xx_it.h
2023-10-28 16:58:34,432 [INFO] CodeEngine:255 - oldGeneratedFile, C:\Users\DELL\OneDrive\Documentos\GitHub\STM32_ApliacionesAvanzadas\prueba1\Core\Src\stm32f4xx_hal_msp.c_save
2023-10-28 16:58:34,873 [INFO] CodeEngine:279 - Generated code: C:\Users\DELL\OneDrive\Documentos\GitHub\STM32_ApliacionesAvanzadas\prueba1\Core\Src\stm32f4xx_hal_msp.c
2023-10-28 16:58:34,890 [INFO] CodeEngine:255 - oldGeneratedFile, C:\Users\DELL\OneDrive\Documentos\GitHub\STM32_ApliacionesAvanzadas\prueba1\MXTmpFiles\system.tmp_save
2023-10-28 16:58:35,163 [INFO] CodeEngine:279 - Generated code: C:\Users\DELL\OneDrive\Documentos\GitHub\STM32_ApliacionesAvanzadas\prueba1\MXTmpFiles\system.tmp
2023-10-28 16:58:35,201 [INFO] CodeEngine:311 - oldGeneratedFile, C:\Users\DELL\OneDrive\Documentos\GitHub\STM32_ApliacionesAvanzadas\prueba1\Core\Inc\stm32f4xx_hal_conf.h_save
2023-10-28 16:58:35,541 [INFO] CodeEngine:335 - Generated code: C:\Users\DELL\OneDrive\Documentos\GitHub\STM32_ApliacionesAvanzadas\prueba1\Core\Inc\stm32f4xx_hal_conf.h
2023-10-28 16:58:35,615 [WARN] IPConfigManager:3431 - IP not found : TIM
2023-10-28 16:58:35,619 [WARN] CodeGenerator:3760 - IP not found : null
2023-10-28 16:58:35,644 [INFO] CodeEngine:255 - oldGeneratedFile, C:\Users\DELL\OneDrive\Documentos\GitHub\STM32_ApliacionesAvanzadas\prueba1\Core\Inc\main.h_save
2023-10-28 16:58:35,968 [INFO] CodeEngine:279 - Generated code: C:\Users\DELL\OneDrive\Documentos\GitHub\STM32_ApliacionesAvanzadas\prueba1\Core\Inc\main.h
2023-10-28 16:58:35,999 [INFO] CodeEngine:255 - oldGeneratedFile, C:\Users\DELL\OneDrive\Documentos\GitHub\STM32_ApliacionesAvanzadas\prueba1\Core\Src\main.c_save
2023-10-28 16:58:36,502 [INFO] CodeEngine:279 - Generated code: C:\Users\DELL\OneDrive\Documentos\GitHub\STM32_ApliacionesAvanzadas\prueba1\Core\Src\main.c
2023-10-28 16:58:38,643 [INFO] ProjectBuilder:3064 - Time for Copy HAL[1] : 830mS.
2023-10-28 16:58:38,655 [INFO] ProjectBuilder:4404 - Project Generator version: 4.1.0
2023-10-28 16:58:39,422 [INFO] ConfigFileManager:1457 - The Die is : DIE433
2023-10-28 16:58:39,431 [INFO] ApiDbMcu:507 - Load IP Config File for FATFS
2023-10-28 16:58:39,442 [INFO] ApiDbMcu:507 - Load IP Config File for FREERTOS
2023-10-28 16:58:39,449 [INFO] ApiDbMcu:507 - Load IP Config File for LIBJPEG
2023-10-28 16:58:39,463 [INFO] ApiDbMcu:507 - Load IP Config File for MBEDTLS
2023-10-28 16:58:39,487 [INFO] ApiDbMcu:507 - Load IP Config File for USB_DEVICE
2023-10-28 16:58:39,499 [INFO] ApiDbMcu:507 - Load IP Config File for USB_HOST
2023-10-28 16:58:51,959 [INFO] ProjectBuilder:4626 - Time for Generating toolchain IDE Files: 13304mS.
2023-10-28 16:58:53,531 [INFO] ProjectBuilder:2935 - Time for Copy CMSIS : 1572mS.
2023-10-28 16:58:53,542 [INFO] ProjectBuilder:2935 - Time for Copy CMSIS : 1mS.
