16:05:06 **** Incremental Build of configuration Debug for project stm32f429_disco_no_os_sw4stm32 ****
make all 
arm-none-eabi-gcc "../ui/screens/ui_Screen1.c" -mcpu=cortex-m4 -std=gnu11 -g3 -DSTM32F429ZITx -DSTM32F429I_DISCO -DSTM32F4 -DSTM32 -DDEBUG -DUSE_HAL_DRIVER -DSTM32F429xx -c -I"C:/Users/DELL/Documents/GitHub/EspecializacionSTM32/stm32f429_disco_no_os_sw4stm32" -I"C:/Users/DELL/Documents/GitHub/EspecializacionSTM32/stm32f429_disco_no_os_sw4stm32/inc" -I"C:/Users/DELL/Documents/GitHub/EspecializacionSTM32/stm32f429_disco_no_os_sw4stm32/CMSIS/core" -I"C:/Users/DELL/Documents/GitHub/EspecializacionSTM32/stm32f429_disco_no_os_sw4stm32/CMSIS/device" -I"C:/Users/DELL/Documents/GitHub/EspecializacionSTM32/stm32f429_disco_no_os_sw4stm32/HAL_Driver/Inc" -I"C:/Users/DELL/Documents/GitHub/EspecializacionSTM32/stm32f429_disco_no_os_sw4stm32/HAL_Driver/Inc/Legacy" -I"C:/Users/DELL/Documents/GitHub/EspecializacionSTM32/stm32f429_disco_no_os_sw4stm32/ui" -O3 -ffunction-sections -Wall -fstack-usage -fcyclomatic-complexity -MMD -MP -MF"ui/screens/ui_Screen1.d" -MT"ui/screens/ui_Screen1.o" --specs=nano.specs -mfpu=fpv4-sp-d16 -mfloat-abi=hard -mthumb -o "ui/screens/ui_Screen1.o"
arm-none-eabi-gcc "../ui/screens/ui_Screen2.c" -mcpu=cortex-m4 -std=gnu11 -g3 -DSTM32F429ZITx -DSTM32F429I_DISCO -DSTM32F4 -DSTM32 -DDEBUG -DUSE_HAL_DRIVER -DSTM32F429xx -c -I"C:/Users/DELL/Documents/GitHub/EspecializacionSTM32/stm32f429_disco_no_os_sw4stm32" -I"C:/Users/DELL/Documents/GitHub/EspecializacionSTM32/stm32f429_disco_no_os_sw4stm32/inc" -I"C:/Users/DELL/Documents/GitHub/EspecializacionSTM32/stm32f429_disco_no_os_sw4stm32/CMSIS/core" -I"C:/Users/DELL/Documents/GitHub/EspecializacionSTM32/stm32f429_disco_no_os_sw4stm32/CMSIS/device" -I"C:/Users/DELL/Documents/GitHub/EspecializacionSTM32/stm32f429_disco_no_os_sw4stm32/HAL_Driver/Inc" -I"C:/Users/DELL/Documents/GitHub/EspecializacionSTM32/stm32f429_disco_no_os_sw4stm32/HAL_Driver/Inc/Legacy" -I"C:/Users/DELL/Documents/GitHub/EspecializacionSTM32/stm32f429_disco_no_os_sw4stm32/ui" -O3 -ffunction-sections -Wall -fstack-usage -fcyclomatic-complexity -MMD -MP -MF"ui/screens/ui_Screen2.d" -MT"ui/screens/ui_Screen2.o" --specs=nano.specs -mfpu=fpv4-sp-d16 -mfloat-abi=hard -mthumb -o "ui/screens/ui_Screen2.o"
arm-none-eabi-gcc "../ui/components/ui_comp_hook.c" -mcpu=cortex-m4 -std=gnu11 -g3 -DSTM32F429ZITx -DSTM32F429I_DISCO -DSTM32F4 -DSTM32 -DDEBUG -DUSE_HAL_DRIVER -DSTM32F429xx -c -I"C:/Users/DELL/Documents/GitHub/EspecializacionSTM32/stm32f429_disco_no_os_sw4stm32" -I"C:/Users/DELL/Documents/GitHub/EspecializacionSTM32/stm32f429_disco_no_os_sw4stm32/inc" -I"C:/Users/DELL/Documents/GitHub/EspecializacionSTM32/stm32f429_disco_no_os_sw4stm32/CMSIS/core" -I"C:/Users/DELL/Documents/GitHub/EspecializacionSTM32/stm32f429_disco_no_os_sw4stm32/CMSIS/device" -I"C:/Users/DELL/Documents/GitHub/EspecializacionSTM32/stm32f429_disco_no_os_sw4stm32/HAL_Driver/Inc" -I"C:/Users/DELL/Documents/GitHub/EspecializacionSTM32/stm32f429_disco_no_os_sw4stm32/HAL_Driver/Inc/Legacy" -I"C:/Users/DELL/Documents/GitHub/EspecializacionSTM32/stm32f429_disco_no_os_sw4stm32/ui" -O3 -ffunction-sections -Wall -fstack-usage -fcyclomatic-complexity -MMD -MP -MF"ui/components/ui_comp_hook.d" -MT"ui/components/ui_comp_hook.o" --specs=nano.specs -mfpu=fpv4-sp-d16 -mfloat-abi=hard -mthumb -o "ui/components/ui_comp_hook.o"
arm-none-eabi-gcc "../ui/ui.c" -mcpu=cortex-m4 -std=gnu11 -g3 -DSTM32F429ZITx -DSTM32F429I_DISCO -DSTM32F4 -DSTM32 -DDEBUG -DUSE_HAL_DRIVER -DSTM32F429xx -c -I"C:/Users/DELL/Documents/GitHub/EspecializacionSTM32/stm32f429_disco_no_os_sw4stm32" -I"C:/Users/DELL/Documents/GitHub/EspecializacionSTM32/stm32f429_disco_no_os_sw4stm32/inc" -I"C:/Users/DELL/Documents/GitHub/EspecializacionSTM32/stm32f429_disco_no_os_sw4stm32/CMSIS/core" -I"C:/Users/DELL/Documents/GitHub/EspecializacionSTM32/stm32f429_disco_no_os_sw4stm32/CMSIS/device" -I"C:/Users/DELL/Documents/GitHub/EspecializacionSTM32/stm32f429_disco_no_os_sw4stm32/HAL_Driver/Inc" -I"C:/Users/DELL/Documents/GitHub/EspecializacionSTM32/stm32f429_disco_no_os_sw4stm32/HAL_Driver/Inc/Legacy" -I"C:/Users/DELL/Documents/GitHub/EspecializacionSTM32/stm32f429_disco_no_os_sw4stm32/ui" -O3 -ffunction-sections -Wall -fstack-usage -fcyclomatic-complexity -MMD -MP -MF"ui/ui.d" -MT"ui/ui.o" --specs=nano.specs -mfpu=fpv4-sp-d16 -mfloat-abi=hard -mthumb -o "ui/ui.o"
../ui/ui.c: In function 'ui_event_Button1':
../ui/ui.c:44:16: warning: unused variable 'target' [-Wunused-variable]
   44 |     lv_obj_t * target = lv_event_get_target(e);
      |                ^~~~~~
../ui/ui.c: In function 'ui_event_Button2':
../ui/ui.c:52:16: warning: unused variable 'target' [-Wunused-variable]
   52 |     lv_obj_t * target = lv_event_get_target(e);
      |                ^~~~~~
arm-none-eabi-gcc "../ui/ui_events.c" -mcpu=cortex-m4 -std=gnu11 -g3 -DSTM32F429ZITx -DSTM32F429I_DISCO -DSTM32F4 -DSTM32 -DDEBUG -DUSE_HAL_DRIVER -DSTM32F429xx -c -I"C:/Users/DELL/Documents/GitHub/EspecializacionSTM32/stm32f429_disco_no_os_sw4stm32" -I"C:/Users/DELL/Documents/GitHub/EspecializacionSTM32/stm32f429_disco_no_os_sw4stm32/inc" -I"C:/Users/DELL/Documents/GitHub/EspecializacionSTM32/stm32f429_disco_no_os_sw4stm32/CMSIS/core" -I"C:/Users/DELL/Documents/GitHub/EspecializacionSTM32/stm32f429_disco_no_os_sw4stm32/CMSIS/device" -I"C:/Users/DELL/Documents/GitHub/EspecializacionSTM32/stm32f429_disco_no_os_sw4stm32/HAL_Driver/Inc" -I"C:/Users/DELL/Documents/GitHub/EspecializacionSTM32/stm32f429_disco_no_os_sw4stm32/HAL_Driver/Inc/Legacy" -I"C:/Users/DELL/Documents/GitHub/EspecializacionSTM32/stm32f429_disco_no_os_sw4stm32/ui" -O3 -ffunction-sections -Wall -fstack-usage -fcyclomatic-complexity -MMD -MP -MF"ui/ui_events.d" -MT"ui/ui_events.o" --specs=nano.specs -mfpu=fpv4-sp-d16 -mfloat-abi=hard -mthumb -o "ui/ui_events.o"
arm-none-eabi-gcc "../ui/ui_helpers.c" -mcpu=cortex-m4 -std=gnu11 -g3 -DSTM32F429ZITx -DSTM32F429I_DISCO -DSTM32F4 -DSTM32 -DDEBUG -DUSE_HAL_DRIVER -DSTM32F429xx -c -I"C:/Users/DELL/Documents/GitHub/EspecializacionSTM32/stm32f429_disco_no_os_sw4stm32" -I"C:/Users/DELL/Documents/GitHub/EspecializacionSTM32/stm32f429_disco_no_os_sw4stm32/inc" -I"C:/Users/DELL/Documents/GitHub/EspecializacionSTM32/stm32f429_disco_no_os_sw4stm32/CMSIS/core" -I"C:/Users/DELL/Documents/GitHub/EspecializacionSTM32/stm32f429_disco_no_os_sw4stm32/CMSIS/device" -I"C:/Users/DELL/Documents/GitHub/EspecializacionSTM32/stm32f429_disco_no_os_sw4stm32/HAL_Driver/Inc" -I"C:/Users/DELL/Documents/GitHub/EspecializacionSTM32/stm32f429_disco_no_os_sw4stm32/HAL_Driver/Inc/Legacy" -I"C:/Users/DELL/Documents/GitHub/EspecializacionSTM32/stm32f429_disco_no_os_sw4stm32/ui" -O3 -ffunction-sections -Wall -fstack-usage -fcyclomatic-complexity -MMD -MP -MF"ui/ui_helpers.d" -MT"ui/ui_helpers.o" --specs=nano.specs -mfpu=fpv4-sp-d16 -mfloat-abi=hard -mthumb -o "ui/ui_helpers.o"
../ui/ui_helpers.c: In function '_ui_anim_callback_get_x':
../ui/ui_helpers.c:180:12: warning: implicit declaration of function 'lv_obj_get_x_aligned'; did you mean 'lv_obj_set_align'? [-Wimplicit-function-declaration]
  180 |     return lv_obj_get_x_aligned(usr->target);
      |            ^~~~~~~~~~~~~~~~~~~~
      |            lv_obj_set_align
../ui/ui_helpers.c: In function '_ui_anim_callback_get_y':
../ui/ui_helpers.c:186:12: warning: implicit declaration of function 'lv_obj_get_y_aligned'; did you mean 'lv_obj_set_align'? [-Wimplicit-function-declaration]
  186 |     return lv_obj_get_y_aligned(usr->target);
      |            ^~~~~~~~~~~~~~~~~~~~
      |            lv_obj_set_align
arm-none-eabi-gcc "../src/main.c" -mcpu=cortex-m4 -std=gnu11 -g3 -DSTM32F429ZITx -DSTM32F429I_DISCO -DSTM32F4 -DSTM32 -DDEBUG -DUSE_HAL_DRIVER -DSTM32F429xx -c -I"C:/Users/DELL/Documents/GitHub/EspecializacionSTM32/stm32f429_disco_no_os_sw4stm32" -I"C:/Users/DELL/Documents/GitHub/EspecializacionSTM32/stm32f429_disco_no_os_sw4stm32/inc" -I"C:/Users/DELL/Documents/GitHub/EspecializacionSTM32/stm32f429_disco_no_os_sw4stm32/CMSIS/core" -I"C:/Users/DELL/Documents/GitHub/EspecializacionSTM32/stm32f429_disco_no_os_sw4stm32/CMSIS/device" -I"C:/Users/DELL/Documents/GitHub/EspecializacionSTM32/stm32f429_disco_no_os_sw4stm32/HAL_Driver/Inc" -I"C:/Users/DELL/Documents/GitHub/EspecializacionSTM32/stm32f429_disco_no_os_sw4stm32/HAL_Driver/Inc/Legacy" -I"C:/Users/DELL/Documents/GitHub/EspecializacionSTM32/stm32f429_disco_no_os_sw4stm32/ui" -O3 -ffunction-sections -Wall -fstack-usage -fcyclomatic-complexity -MMD -MP -MF"src/main.d" -MT"src/main.o" --specs=nano.specs -mfpu=fpv4-sp-d16 -mfloat-abi=hard -mthumb -o "src/main.o"
arm-none-eabi-gcc -o "stm32f429_disco_no_os_sw4stm32.elf" @"objects.list"   -mcpu=cortex-m4 -T"C:\Users\DELL\Documents\GitHub\EspecializacionSTM32\stm32f429_disco_no_os_sw4stm32\LinkerScript.ld" --specs=nosys.specs -Wl,-Map="stm32f429_disco_no_os_sw4stm32.map" -Wl,--gc-sections -static --specs=nano.specs -mfpu=fpv4-sp-d16 -mfloat-abi=hard -mthumb -Wl,--start-group -lc -lm -Wl,--end-group
Finished building target: stm32f429_disco_no_os_sw4stm32.elf
 
arm-none-eabi-size   stm32f429_disco_no_os_sw4stm32.elf 
   text	   data	    bss	    dec	    hex	filename
 211508	    236	 110380	 322124	  4ea4c	stm32f429_disco_no_os_sw4stm32.elf
Finished building: default.size.stdout
 
arm-none-eabi-objdump -h -S  stm32f429_disco_no_os_sw4stm32.elf  > "stm32f429_disco_no_os_sw4stm32.list"
Finished building: stm32f429_disco_no_os_sw4stm32.list
 
arm-none-eabi-size "stm32f429_disco_no_os_sw4stm32.elf"
   text	   data	    bss	    dec	    hex	filename
 211508	    236	 110380	 322124	  4ea4c	stm32f429_disco_no_os_sw4stm32.elf
 

16:05:41 Build Finished. 0 errors, 4 warnings. (took 35s.42ms)

